alice,1
bob,1
alice,2
bob,2
carl,1
alice,3
alice,4
carl,2
carl,3
alice,5
alice,6
carl,4
bob,3
carl,5
carl,6
alice,7
alice,8
alice,9
alice,10
carl,7
alice,11
bob,4
bob,5
bob,6
bob,7
bob,8
bob,9
bob,10
carl,8
bob,11
alice,12
carl,9
carl,10
bob,12
bob,13
bob,14
bob,15
alice,13
alice,14
alice,15
carl,11
carl,12
bob,16
bob,17
bob,18
alice,16
alice,17
carl,13
carl,14
carl,15
bob,19
alice,18
alice,19
alice,20
carl,16
carl,17
bob,20
bob,21
alice,21
alice,22
alice,23
alice,24
alice,25
carl,18
carl,19
carl,20
bob,22
alice,26
alice,27
alice,28
carl,21
carl,22
carl,23
bob,23
bob,24
bob,25
bob,26
alice,29
alice,30
alice,31
alice,32
alice,33
alice,34
alice,35
alice,36
alice,37
alice,38
alice,39
alice,40
alice,41
alice,42
alice,43
alice,44
alice,45
alice,46
alice,47
carl,24
bob,27
bob,28
bob,29
alice,48
alice,49
carl,25
bob,30
alice,50
alice,51
alice,52
carl,26
bob,31
alice,53
alice,54
carl,27
carl,28
bob,32
alice,55
carl,29
carl,30
bob,33
bob,34
bob,35
alice,56
alice,57
alice,58
alice,59
alice,60
alice,61
alice,62
carl,31
carl,32
carl,33
carl,34
carl,35
carl,36
carl,37
carl,38
carl,39
carl,40
carl,41
bob,36
bob,37
alice,63
alice,64
alice,65
alice,66
alice,67
alice,68
carl,42
carl,43
carl,44
carl,45
carl,46
bob,38
bob,39
bob,40
bob,41
bob,42
alice,69
alice,70
alice,71
alice,72
carl,47
carl,48
carl,49
carl,50
carl,51
carl,52
carl,53
carl,54
carl,55
carl,56
carl,57
carl,58
carl,59
carl,60
carl,61
carl,62
carl,63
carl,64
carl,65
carl,66
carl,67
carl,68
carl,69
carl,70
carl,71
carl,72
bob,43
bob,44
alice,73
carl,73
carl,74
carl,75
carl,76
bob,45
bob,46
bob,47
alice,74
carl,77
bob,48
alice,75
carl,78
carl,79
carl,80
carl,81
carl,82
carl,83
carl,84
carl,85
carl,86
bob,49
bob,50
alice,76
carl,87
carl,88
bob,51
bob,52
alice,77
carl,89
carl,90
bob,53
bob,54
bob,55
alice,78
carl,91
carl,92
carl,93
carl,94
carl,95
carl,96
carl,97
bob,56
bob,57
bob,58
bob,59
alice,79
carl,98
bob,60
alice,80
carl,99
carl,100
carl,101
bob,61
alice,81
alice,82
alice,83
alice,84
alice,85
alice,86
carl,102
bob,62
alice,87
alice,88
alice,89
carl,103
bob,63
bob,64
bob,65
bob,66
alice,90
alice,91
alice,92
alice,93
carl,104
carl,105
carl,106
bob,67
alice,94
carl,107
carl,108
bob,68
bob,69
alice,95
alice,96
alice,97
alice,98
alice,99
alice,100
alice,101
alice,102
alice,103
alice,104
alice,105
alice,106
alice,107
alice,108
carl,109
bob,70
bob,71
bob,72
alice,109
alice,110
carl,110
carl,111
carl,112
carl,113
carl,114
bob,73
bob,74
bob,75
bob,76
bob,77
bob,78
alice,111
carl,115
carl,116
bob,79
bob,80
alice,112
carl,117
carl,118
carl,119
carl,120
bob,81
alice,113
alice,114
alice,115
alice,116
alice,117
carl,121
carl,122
carl,123
bob,82
alice,118
carl,124
bob,83
bob,84
bob,85
bob,86
alice,119
alice,120
carl,125
carl,126
bob,87
bob,88
bob,89
alice,121
carl,127
carl,128
carl,129
carl,130
bob,90
bob,91
alice,122
carl,131
carl,132
carl,133
carl,134
carl,135
bob,92
alice,123
alice,124
carl,136
carl,137
carl,138
carl,139
carl,140
carl,141
carl,142
carl,143
carl,144
carl,145
carl,146
carl,147
bob,93
bob,94
bob,95
bob,96
bob,97
alice,125
alice,126
alice,127
carl,148
bob,98
bob,99
bob,100
bob,101
alice,128
alice,129
alice,130
carl,149
bob,102
bob,103
alice,131
carl,150
carl,151
carl,152
bob,104
bob,105
bob,106
bob,107
bob,108
bob,109
bob,110
bob,111
bob,112
bob,113
bob,114
bob,115
bob,116
bob,117
bob,118
bob,119
bob,120
alice,132
alice,133
carl,153
carl,154
carl,155
bob,121
bob,122
bob,123
bob,124
bob,125
bob,126
bob,127
alice,134
carl,156
carl,157
carl,158
carl,159
carl,160
carl,161
carl,162
bob,128
bob,129
bob,130
bob,131
alice,135
alice,136
alice,137
carl,163
carl,164
bob,132
alice,138
alice,139
carl,165
bob,133
alice,140
carl,166
bob,134
alice,141
alice,142
carl,167
carl,168
bob,135
alice,143
carl,169
carl,170
bob,136
bob,137
bob,138
bob,139
alice,144
carl,171
carl,172
carl,173
bob,140
bob,141
alice,145
alice,146
alice,147
alice,148
alice,149
carl,174
carl,175
carl,176
carl,177
bob,142
alice,150
alice,151
carl,178
carl,179
bob,143
alice,152
alice,153
carl,180
bob,144
alice,154
alice,155
carl,181
bob,145
bob,146
bob,147
bob,148
bob,149
bob,150
bob,151
alice,156
alice,157
alice,158
carl,182
bob,152
alice,159
carl,183
carl,184
carl,185
bob,153
bob,154
alice,160
alice,161
alice,162
carl,186
carl,187
bob,155
bob,156
alice,163
carl,188
bob,157
bob,158
alice,164
alice,165
carl,189
bob,159
bob,160
bob,161
alice,166
alice,167
alice,168
alice,169
alice,170
alice,171
alice,172
alice,173
carl,190
carl,191
bob,162
bob,163
bob,164
alice,174
alice,175
alice,176
alice,177
alice,178
alice,179
alice,180
alice,181
alice,182
carl,192
carl,193
carl,194
carl,195
carl,196
carl,197
bob,165
bob,166
bob,167
bob,168
alice,183
alice,184
carl,198
bob,169
bob,170
bob,171
bob,172
bob,173
bob,174
alice,185
carl,199
carl,200
bob,175
alice,186
carl,201
bob,176
alice,187
alice,188
alice,189
alice,190
carl,202
carl,203
carl,204
carl,205
carl,206
carl,207
carl,208
carl,209
carl,210
carl,211
bob,177
bob,178
bob,179
bob,180
bob,181
bob,182
alice,191
alice,192
carl,212
carl,213
carl,214
carl,215
carl,216
carl,217
bob,183
bob,184
alice,193
alice,194
alice,195
alice,196
alice,197
alice,198
alice,199
alice,200
alice,201
alice,202
alice,203
carl,218
carl,219
carl,220
bob,185
bob,186
bob,187
bob,188
alice,204
carl,221
carl,222
carl,223
bob,189
bob,190
bob,191
bob,192
alice,205
alice,206
alice,207
carl,224
bob,193
bob,194
bob,195
bob,196
bob,197
bob,198
bob,199
bob,200
bob,201
bob,202
alice,208
carl,225
bob,203
bob,204
alice,209
alice,210
carl,226
carl,227
bob,205
bob,206
alice,211
carl,228
bob,207
bob,208
bob,209
bob,210
alice,212
carl,229
carl,230
carl,231
bob,211
bob,212
alice,213
carl,232
carl,233
carl,234
carl,235
alice,214
bob,213
alice,215
carl,236
bob,214
carl,237
alice,216
bob,215
carl,238
alice,217
bob,216
carl,239
bob,217
carl,240
bob,218
carl,241
bob,219
carl,242
bob,220
carl,243
bob,221
carl,244
bob,222
carl,245
bob,223
carl,246
bob,224
carl,247
bob,225
carl,248
bob,226
carl,249
carl,250
carl,251
carl,252
alice,218
alice,219
alice,220
carl,253
bob,227
bob,228
bob,229
bob,230
bob,231
bob,232
alice,221
alice,222
alice,223
alice,224
alice,225
alice,226
carl,254
bob,233
alice,227
alice,228
alice,229
alice,230
alice,231
carl,255
bob,234
alice,232
alice,233
alice,234
alice,235
alice,236
alice,237
alice,238
alice,239
alice,240
alice,241
carl,256
carl,257
carl,258
carl,259
carl,260
carl,261
carl,262
bob,235
bob,236
bob,237
alice,242
alice,243
carl,263
carl,264
carl,265
carl,266
carl,267
carl,268
carl,269
carl,270
carl,271
carl,272
bob,238
carl,273
carl,274
carl,275
carl,276
carl,277
alice,244
alice,245
alice,246
bob,239
carl,278
alice,247
alice,248
alice,249
bob,240
carl,279
carl,280
carl,281
carl,282
carl,283
carl,284
carl,285
alice,250
bob,241
bob,242
carl,286
bob,243
carl,287
bob,244
carl,288
bob,245
carl,289
bob,246
carl,290
alice,251
carl,291
carl,292
carl,293
carl,294
carl,295
carl,296
bob,247
bob,248
bob,249
bob,250
bob,251
bob,252
bob,253
bob,254
alice,252
alice,253
alice,254
alice,255
carl,297
carl,298
carl,299
carl,300
bob,255
bob,256
bob,257
bob,258
alice,256
carl,301
carl,302
carl,303
carl,304
carl,305
carl,306
carl,307
bob,259
bob,260
bob,261
bob,262
bob,263
bob,264
alice,257
carl,308
carl,309
carl,310
carl,311
carl,312
carl,313
bob,265
bob,266
bob,267
bob,268
bob,269
alice,258
carl,314
bob,270
bob,271
bob,272
alice,259
carl,315
bob,273
bob,274
alice,260
alice,261
alice,262
alice,263
alice,264
carl,316
bob,275
bob,276
bob,277
alice,265
alice,266
alice,267
alice,268
carl,317
bob,278
bob,279
bob,280
bob,281
bob,282
alice,269
alice,270
carl,318
carl,319
carl,320
carl,321
bob,283
alice,271
alice,272
carl,322
bob,284
bob,285
bob,286
