badalice,1
badbob,1
badalice,2
badbob,2
badalice,3
badbob,3
badalice,4
badbob,4
badalice,5
badbob,5
badalice,6
badbob,6
badalice,7
badcarl,1
badalice,8
badcarl,2
badalice,9
badcarl,3
badalice,10
badbob,7
badbob,8
badbob,9
badbob,10
badalice,11
badalice,12
badalice,13
badalice,14
badbob,11
badbob,12
badcarl,4
badcarl,5
badbob,13
badbob,14
badbob,15
badalice,15
badalice,16
badbob,16
badbob,17
badbob,18
badbob,19
badbob,20
badcarl,6
badcarl,7
badcarl,8
badcarl,9
badcarl,10
badalice,17
badalice,18
badbob,21
badcarl,11
badcarl,12
badalice,19
badalice,20
badalice,21
badbob,22
badcarl,13
badalice,22
badalice,23
badalice,24
badalice,25
badbob,23
badcarl,14
badcarl,15
badcarl,16
badcarl,17
badcarl,18
badcarl,19
badcarl,20
badcarl,21
badalice,26
badalice,27
badalice,28
badbob,24
badbob,25
badbob,26
badbob,27
badbob,28
badbob,29
badbob,30
badcarl,22
badalice,29
badalice,30
badalice,31
badalice,32
badalice,33
badbob,31
badcarl,23
badcarl,24
badalice,34
badalice,35
badbob,32
badbob,33
badbob,34
badbob,35
badbob,36
badbob,37
badcarl,25
badalice,36
badbob,38
badbob,39
badcarl,26
badcarl,27
badalice,37
badbob,40
badcarl,28
badcarl,29
badcarl,30
badalice,38
badbob,41
badcarl,31
badalice,39
badalice,40
badbob,42
badcarl,32
badcarl,33
badcarl,34
badalice,41
badbob,43
badbob,44
badcarl,35
badcarl,36
badalice,42
badalice,43
badalice,44
badbob,45
badbob,46
badbob,47
badbob,48
badbob,49
badcarl,37
badcarl,38
badcarl,39
badalice,45
badalice,46
badalice,47
badbob,50
badcarl,40
badcarl,41
badalice,48
badbob,51
badbob,52
badbob,53
badcarl,42
badcarl,43
badcarl,44
badcarl,45
badalice,49
badalice,50
badbob,54
badcarl,46
badalice,51
badalice,52
badbob,55
badbob,56
badcarl,47
badalice,53
badbob,57
badbob,58
badbob,59
badbob,60
badcarl,48
badcarl,49
badcarl,50
badcarl,51
badcarl,52
badalice,54
badalice,55
badalice,56
badbob,61
badbob,62
badbob,63
badcarl,53
badalice,57
badalice,58
badbob,64
badbob,65
badcarl,54
badcarl,55
badalice,59
badalice,60
badalice,61
badbob,66
badbob,67
badbob,68
badbob,69
badbob,70
badcarl,56
badcarl,57
badalice,62
badbob,71
badbob,72
badbob,73
badcarl,58
badcarl,59
badalice,63
badbob,74
badbob,75
badcarl,60
badcarl,61
badcarl,62
badcarl,63
badalice,64
badalice,65
badalice,66
badalice,67
badalice,68
badbob,76
badcarl,64
badalice,69
badbob,77
badbob,78
badbob,79
badcarl,65
badcarl,66
badalice,70
badalice,71
badalice,72
badalice,73
badbob,80
badalice,74
badalice,75
badbob,81
badalice,76
badcarl,67
badbob,82
badalice,77
badalice,78
badcarl,68
badbob,83
badalice,79
badcarl,69
badcarl,70
badcarl,71
badbob,84
badbob,85
badbob,86
badalice,80
badalice,81
badcarl,72
badbob,87
badbob,88
badalice,82
badcarl,73
badcarl,74
badbob,89
badalice,83
badalice,84
badbob,90
badcarl,75
badcarl,76
badcarl,77
badcarl,78
badalice,85
badalice,86
badbob,91
badbob,92
badbob,93
badbob,94
badcarl,79
badalice,87
badbob,95
badcarl,80
badcarl,81
badcarl,82
badalice,88
badalice,89
badbob,96
badcarl,83
badcarl,84
badalice,90
badalice,91
badalice,92
badalice,93
badalice,94
badalice,95
badbob,97
badbob,98
badcarl,85
badalice,96
badbob,99
badcarl,86
badalice,97
badbob,100
badcarl,87
badcarl,88
badcarl,89
badalice,98
badbob,101
badbob,102
badbob,103
badbob,104
badbob,105
badbob,106
badbob,107
badbob,108
badbob,109
badcarl,90
badcarl,91
badalice,99
badbob,110
badbob,111
badbob,112
badbob,113
badcarl,92
badalice,100
badalice,101
badalice,102
badalice,103
badbob,114
badcarl,93
badalice,104
badalice,105
badalice,106
badalice,107
badbob,115
badbob,116
badcarl,94
badalice,108
badbob,117
badbob,118
badbob,119
badcarl,95
badcarl,96
badalice,109
badbob,120
badcarl,97
badcarl,98
badcarl,99
badcarl,100
badcarl,101
badcarl,102
badalice,110
badalice,111
badalice,112
badalice,113
badbob,121
badbob,122
badcarl,103
badalice,114
badalice,115
badalice,116
badalice,117
badalice,118
badalice,119
badbob,123
badbob,124
badbob,125
badbob,126
badbob,127
badcarl,104
badalice,120
badalice,121
badalice,122
badalice,123
badalice,124
badalice,125
badalice,126
badbob,128
badalice,127
badalice,128
badalice,129
badbob,129
badalice,130
badalice,131
badcarl,105
badcarl,106
badcarl,107
badcarl,108
badalice,132
badalice,133
badalice,134
badalice,135
badbob,130
badbob,131
badcarl,109
badcarl,110
badcarl,111
badcarl,112
badcarl,113
badbob,132
badalice,136
badalice,137
badbob,133
badbob,134
badbob,135
badcarl,114
badcarl,115
badcarl,116
badcarl,117
badcarl,118
badbob,136
badalice,138
badalice,139
badbob,137
badbob,138
badbob,139
badbob,140
badbob,141
badbob,142
badbob,143
badcarl,119
badcarl,120
badcarl,121
badalice,140
badalice,141
badbob,144
badcarl,122
badcarl,123
badcarl,124
badcarl,125
badcarl,126
badalice,142
badalice,143
badalice,144
badbob,145
badalice,145
badcarl,127
badcarl,128
badcarl,129
badcarl,130
badcarl,131
badcarl,132
badalice,146
badbob,146
badbob,147
badbob,148
badbob,149
badbob,150
badcarl,133
badcarl,134
badalice,147
badalice,148
badalice,149
badalice,150
badbob,151
badalice,151
badbob,152
badbob,153
badbob,154
badbob,155
badbob,156
badbob,157
badbob,158
badbob,159
badbob,160
badcarl,135
badcarl,136
badalice,152
badbob,161
badcarl,137
badalice,153
badalice,154
badalice,155
badbob,162
badbob,163
badbob,164
badbob,165
badcarl,138
badcarl,139
badalice,156
badalice,157
badbob,166
badbob,167
badbob,168
badbob,169
badbob,170
badcarl,140
badalice,158
badalice,159
badalice,160
badalice,161
badbob,171
badbob,172
badbob,173
badcarl,141
badcarl,142
badcarl,143
badalice,162
badbob,174
badbob,175
badcarl,144
badalice,163
badbob,176
badbob,177
badbob,178
badbob,179
badcarl,145
badcarl,146
badalice,164
badbob,180
badbob,181
badbob,182
badcarl,147
badcarl,148
badcarl,149
badcarl,150
badcarl,151
badcarl,152
badalice,165
badbob,183
badbob,184
badcarl,153
badcarl,154
badcarl,155
badcarl,156
badcarl,157
badcarl,158
badcarl,159
badcarl,160
badalice,166
badalice,167
badbob,185
badbob,186
badbob,187
badcarl,161
badalice,168
badalice,169
badalice,170
badalice,171
badbob,188
badcarl,162
badalice,172
badbob,189
badbob,190
badbob,191
badbob,192
badbob,193
badcarl,163
badcarl,164
badalice,173
badalice,174
badalice,175
badalice,176
badbob,194
badcarl,165
badcarl,166
badcarl,167
badcarl,168
badcarl,169
badcarl,170
badcarl,171
badalice,177
badalice,178
badalice,179
badbob,195
badcarl,172
badcarl,173
badalice,180
badbob,196
badbob,197
badcarl,174
badalice,181
badalice,182
badalice,183
badbob,198
badbob,199
badbob,200
badcarl,175
badalice,184
badbob,201
badcarl,176
badalice,185
badbob,202
badcarl,177
badcarl,178
badalice,186
badalice,187
badalice,188
badalice,189
badbob,203
badbob,204
badbob,205
badcarl,179
badalice,190
badalice,191
badbob,206
badbob,207
badcarl,180
badcarl,181
badcarl,182
badcarl,183
badcarl,184
badalice,192
badalice,193
badalice,194
badalice,195
badalice,196
badalice,197
badalice,198
badbob,208
badbob,209
badbob,210
badalice,199
badbob,211
badbob,212
badbob,213
badbob,214
badcarl,185
badcarl,186
badcarl,187
badalice,200
badalice,201
badbob,215
badcarl,188
badcarl,189
badcarl,190
badbob,216
badalice,202
badalice,203
badbob,217
badalice,204
badalice,205
badalice,206
badbob,218
badalice,207
badalice,208
badbob,219
badalice,209
badcarl,191
badbob,220
badalice,210
badalice,211
badalice,212
badalice,213
badalice,214
badcarl,192
badcarl,193
badcarl,194
badcarl,195
badcarl,196
badbob,221
badbob,222
badbob,223
badalice,215
badcarl,197
badcarl,198
badcarl,199
badbob,224
badalice,216
badcarl,200
badbob,225
badalice,217
badcarl,201
badcarl,202
badcarl,203
badbob,226
badbob,227
badbob,228
badbob,229
badbob,230
badbob,231
badbob,232
badalice,218
badalice,219
badcarl,204
badbob,233
badbob,234
badbob,235
badalice,220
badalice,221
badalice,222
badalice,223
badalice,224
badalice,225
badcarl,205
badcarl,206
badbob,236
badbob,237
badbob,238
badbob,239
badalice,226
badcarl,207
badcarl,208
badcarl,209
badbob,240
badbob,241
badbob,242
badbob,243
badbob,244
badbob,245
badalice,227
badalice,228
badalice,229
badalice,230
badalice,231
badcarl,210
badbob,246
badbob,247
badalice,232
badalice,233
badalice,234
badalice,235
badalice,236
badalice,237
badcarl,211
badbob,248
badalice,238
badcarl,212
badbob,249
badbob,250
badbob,251
badbob,252
badbob,253
badalice,239
badcarl,213
badbob,254
badbob,255
badbob,256
badbob,257
badbob,258
badalice,240
badbob,259
badbob,260
badbob,261
badbob,262
badbob,263
badbob,264
badcarl,214
badcarl,215
badalice,241
badalice,242
badalice,243
badalice,244
badalice,245
badalice,246
badbob,265
badbob,266
badbob,267
badalice,247
badalice,248
badalice,249
badbob,268
badalice,250
badbob,269
badalice,251
badalice,252
badalice,253
badbob,270
badbob,271
badcarl,216
badbob,272
badalice,254
badalice,255
badalice,256
badalice,257
badalice,258
badalice,259
badalice,260
badcarl,217
badcarl,218
badcarl,219
badcarl,220
badcarl,221
badcarl,222
badcarl,223
badcarl,224
badcarl,225
badbob,273
badbob,274
badbob,275
badalice,261
badalice,262
badalice,263
badalice,264
badcarl,226
badcarl,227
badcarl,228
badcarl,229
badcarl,230
badcarl,231
badcarl,232
badcarl,233
badcarl,234
badcarl,235
badbob,276
badalice,265
badalice,266
badalice,267
badcarl,236
badcarl,237
badcarl,238
badbob,277
badbob,278
badalice,268
badalice,269
badalice,270
badalice,271
badalice,272
badcarl,239
badcarl,240
badcarl,241
badcarl,242
badcarl,243
badbob,279
badbob,280
badbob,281
badbob,282
badbob,283
badbob,284
badalice,273
badalice,274
badalice,275
badcarl,244
badcarl,245
badcarl,246
badcarl,247
badcarl,248
badcarl,249
badcarl,250
badbob,285
badbob,286
badbob,287
badbob,288
badbob,289
badbob,290
badalice,276
badalice,277
badalice,278
badalice,279
badcarl,251
badbob,291
badalice,280
badalice,281
badalice,282
badalice,283
badcarl,252
badbob,292
badbob,293
badalice,284
badalice,285
badalice,286
badcarl,253
badcarl,254
badbob,294
badbob,295
badbob,296
badbob,297
badalice,287
badalice,288
badalice,289
badalice,290
badalice,291
badalice,292
badcarl,255
badcarl,256
badcarl,257
badcarl,258
badbob,298
badalice,293
badcarl,259
badbob,299
badbob,300
badbob,301
badbob,302
badalice,294
badbob,303
badbob,304
badbob,305
badbob,306
badbob,307
badbob,308
badbob,309
badcarl,260
badcarl,261
badcarl,262
badcarl,263
badalice,295
badalice,296
badalice,297
badbob,310
badbob,311
badcarl,264
badcarl,265
badcarl,266
badcarl,267
badcarl,268
badcarl,269
badalice,298
badalice,299
badbob,312
badcarl,270
badcarl,271
badbob,313
badalice,300
badalice,301
badbob,314
badalice,302
badalice,303
badalice,304
badbob,315
badalice,305
badalice,306
badbob,316
badalice,307
badbob,317
badbob,318
badbob,319
badcarl,272
badcarl,273
badbob,320
badalice,308
badcarl,274
badcarl,275
badcarl,276
badbob,321
badbob,322
badalice,309
badcarl,277
badcarl,278
badbob,323
badbob,324
badbob,325
badbob,326
badalice,310
badbob,327
badalice,311
badbob,328
badbob,329
badcarl,279
badcarl,280
badcarl,281
badcarl,282
badcarl,283
badcarl,284
badcarl,285
badcarl,286
badcarl,287
badcarl,288
badalice,312
badalice,313
badbob,330
badalice,314
badalice,315
badbob,331
badcarl,289
badbob,332
badbob,333
badbob,334
badalice,316
badbob,335
badbob,336
badbob,337
badbob,338
badbob,339
badbob,340
badcarl,290
badalice,317
badalice,318
badalice,319
badalice,320
badalice,321
badbob,341
badbob,342
badbob,343
badbob,344
badbob,345
badcarl,291
badcarl,292
badcarl,293
badcarl,294
badcarl,295
badcarl,296
badalice,322
badbob,346
badbob,347
badbob,348
badbob,349
badcarl,297
badalice,323
badalice,324
badalice,325
badalice,326
badalice,327
badbob,350
badcarl,298
badalice,328
badalice,329
badalice,330
badbob,351
badbob,352
badbob,353
badcarl,299
badcarl,300
badcarl,301
badalice,331
badalice,332
badbob,354
badcarl,302
badcarl,303
badcarl,304
badcarl,305
badcarl,306
badcarl,307
badalice,333
badalice,334
badbob,355
badcarl,308
badcarl,309
badcarl,310
badcarl,311
badalice,335
badbob,356
badbob,357
badbob,358
badcarl,312
badcarl,313
badcarl,314
badcarl,315
badalice,336
badalice,337
badalice,338
badalice,339
badbob,359
badcarl,316
badcarl,317
badalice,340
badalice,341
badbob,360
badcarl,318
badalice,342
badalice,343
badalice,344
badalice,345
badalice,346
badalice,347
badalice,348
badalice,349
badalice,350
badbob,361
badbob,362
badbob,363
badbob,364
badcarl,319
badalice,351
badalice,352
badbob,365
badbob,366
badbob,367
badbob,368
badbob,369
badcarl,320
badalice,353
badalice,354
badalice,355
badbob,370
badbob,371
badcarl,321
badcarl,322
badcarl,323
badcarl,324
badalice,356
badalice,357
badalice,358
badalice,359
badbob,372
badcarl,325
badalice,360
badalice,361
badbob,373
badcarl,326
badcarl,327
badalice,362
badalice,363
badbob,374
badbob,375
badcarl,328
badcarl,329
badcarl,330
badcarl,331
badcarl,332
badalice,364
badbob,376
badbob,377
badcarl,333
badcarl,334
badcarl,335
badcarl,336
badalice,365
badbob,378
badbob,379
badbob,380
badcarl,337
badalice,366
badalice,367
badalice,368
badalice,369
badbob,381
badbob,382
badcarl,338
badcarl,339
badalice,370
badbob,383
badbob,384
badcarl,340
badcarl,341
badalice,371
badalice,372
badalice,373
badalice,374
badbob,385
badcarl,342
badcarl,343
badcarl,344
badcarl,345
badalice,375
badalice,376
badalice,377
badalice,378
badalice,379
badbob,386
badalice,380
badalice,381
badbob,387
badbob,388
badbob,389
badbob,390
badcarl,346
badbob,391
badalice,382
badcarl,347
badcarl,348
badcarl,349
badbob,392
badalice,383
badbob,393
badcarl,350
badcarl,351
badcarl,352
badcarl,353
badbob,394
badalice,384
badalice,385
badbob,395
badcarl,354
badcarl,355
badcarl,356
badcarl,357
badcarl,358
badbob,396
badalice,386
badalice,387
badbob,397
badbob,398
badcarl,359
badalice,388
badbob,399
badbob,400
badbob,401
badbob,402
badbob,403
badbob,404
badbob,405
badbob,406
badbob,407
badbob,408
badcarl,360
badcarl,361
badcarl,362
badalice,389
badalice,390
badbob,409
badcarl,363
badcarl,364
badcarl,365
badcarl,366
badalice,391
badalice,392
badbob,410
badbob,411
badcarl,367
badcarl,368
badcarl,369
badcarl,370
badcarl,371
badcarl,372
badcarl,373
badcarl,374
badcarl,375
badcarl,376
badalice,393
badalice,394
badalice,395
badalice,396
badbob,412
badbob,413
badbob,414
badbob,415
badbob,416
badbob,417
badcarl,377
badalice,397
badalice,398
badalice,399
badbob,418
badbob,419
badcarl,378
badalice,400
badbob,420
badbob,421
badbob,422
badbob,423
badbob,424
badcarl,379
badcarl,380
badalice,401
badalice,402
badalice,403
badalice,404
badalice,405
badalice,406
badbob,425
badbob,426
badbob,427
badcarl,381
badcarl,382
badcarl,383
badalice,407
badalice,408
badalice,409
badalice,410
badbob,428
badalice,411
badalice,412
badalice,413
badcarl,384
badcarl,385
badcarl,386
badcarl,387
badalice,414
badalice,415
badbob,429
badbob,430
badbob,431
badbob,432
badbob,433
badbob,434
badbob,435
badcarl,388
badcarl,389
badcarl,390
badcarl,391
badcarl,392
badcarl,393
badcarl,394
badalice,416
badalice,417
badalice,418
badalice,419
badalice,420
badbob,436
badbob,437
badbob,438
badcarl,395
badcarl,396
badcarl,397
badcarl,398
badcarl,399
badcarl,400
badcarl,401
badcarl,402
badalice,421
badalice,422
badalice,423
badalice,424
badbob,439
badcarl,403
badcarl,404
badalice,425
badalice,426
badbob,440
badcarl,405
badalice,427
badalice,428
badalice,429
badbob,441
badalice,430
badalice,431
badalice,432
badbob,442
badalice,433
badalice,434
badalice,435
badalice,436
badcarl,406
badcarl,407
badcarl,408
badbob,443
badbob,444
badbob,445
badalice,437
badcarl,409
badbob,446
badalice,438
badalice,439
badalice,440
badalice,441
badalice,442
badalice,443
badalice,444
badcarl,410
badcarl,411
badcarl,412
badcarl,413
badbob,447
badbob,448
badbob,449
badbob,450
badbob,451
badalice,445
badalice,446
badbob,452
badcarl,414
badalice,447
badalice,448
badalice,449
badalice,450
badalice,451
badalice,452
badbob,453
badbob,454
badcarl,415
badalice,453
badbob,455
badbob,456
badcarl,416
badcarl,417
badcarl,418
badalice,454
badbob,457
badbob,458
badbob,459
badbob,460
badbob,461
badcarl,419
badcarl,420
badcarl,421
badcarl,422
badalice,455
badbob,462
badcarl,423
badcarl,424
badcarl,425
badcarl,426
badcarl,427
badalice,456
badalice,457
badalice,458
badbob,463
badalice,459
badalice,460
badalice,461
badalice,462
badcarl,428
badbob,464
badbob,465
badalice,463
badalice,464
badalice,465
badalice,466
badalice,467
badalice,468
badcarl,429
badbob,466
badalice,469
badcarl,430
badbob,467
badbob,468
badalice,470
badalice,471
badalice,472
badbob,469
badcarl,431
badcarl,432
badalice,473
badcarl,433
badbob,470
badalice,474
badcarl,434
badalice,475
badcarl,435
badbob,471
badbob,472
badbob,473
badbob,474
badbob,475
badalice,476
badbob,476
badalice,477
badcarl,436
badcarl,437
badcarl,438
badcarl,439
badcarl,440
badbob,477
badalice,478
badalice,479
badalice,480
badalice,481
badcarl,441
badcarl,442
badcarl,443
badcarl,444
badcarl,445
badcarl,446
badcarl,447
badcarl,448
badcarl,449
badcarl,450
badbob,478
badbob,479
badbob,480
badbob,481
badalice,482
badalice,483
badcarl,451
badbob,482
badalice,484
badalice,485
badcarl,452
badcarl,453
badcarl,454
badcarl,455
badcarl,456
badcarl,457
badcarl,458
badcarl,459
badcarl,460
badcarl,461
badcarl,462
badbob,483
badbob,484
badalice,486
badalice,487
badalice,488
badalice,489
badalice,490
badcarl,463
badcarl,464
badbob,485
badbob,486
badalice,491
badalice,492
badalice,493
badcarl,465
badcarl,466
badbob,487
badalice,494
badalice,495
badalice,496
badalice,497
badcarl,467
badbob,488
badbob,489
badbob,490
badalice,498
badcarl,468
badcarl,469
badbob,491
badalice,499
badalice,500
badalice,501
badcarl,470
badbob,492
badalice,502
badalice,503
badcarl,471
badbob,493
badbob,494
badalice,504
badalice,505
badalice,506
badalice,507
badcarl,472
badcarl,473
badcarl,474
badcarl,475
badcarl,476
badcarl,477
badcarl,478
badcarl,479
badcarl,480
badcarl,481
badbob,495
badbob,496
badalice,508
badalice,509
badalice,510
badcarl,482
badcarl,483
badcarl,484
badbob,497
badalice,511
badalice,512
badcarl,485
badcarl,486
badcarl,487
badcarl,488
badbob,498
badbob,499
badalice,513
badalice,514
badcarl,489
badcarl,490
badcarl,491
badcarl,492
badbob,500
badbob,501
badbob,502
badbob,503
badalice,515
badcarl,493
badbob,504
badalice,516
badalice,517
badalice,518
badalice,519
badalice,520
badcarl,494
badcarl,495
badcarl,496
badcarl,497
badcarl,498
badcarl,499
badbob,505
badalice,521
badcarl,500
badcarl,501
badcarl,502
badbob,506
badbob,507
badbob,508
badalice,522
badalice,523
badalice,524
badcarl,503
badcarl,504
badcarl,505
badcarl,506
badcarl,507
badcarl,508
badbob,509
badbob,510
badbob,511
badalice,525
badcarl,509
badbob,512
badalice,526
badalice,527
badalice,528
badalice,529
badalice,530
badcarl,510
badcarl,511
badbob,513
badbob,514
badbob,515
badbob,516
badalice,531
badcarl,512
badcarl,513
badbob,517
badbob,518
badbob,519
badalice,532
badalice,533
badcarl,514
badbob,520
badbob,521
badalice,534
badcarl,515
badbob,522
badalice,535
badcarl,516
badcarl,517
badbob,523
badbob,524
badalice,536
badalice,537
badalice,538
badalice,539
badalice,540
badcarl,518
badbob,525
badbob,526
badalice,541
badcarl,519
badcarl,520
badcarl,521
badbob,527
badalice,542
badcarl,522
badbob,528
badalice,543
badcarl,523
badcarl,524
badcarl,525
badbob,529
badbob,530
badbob,531
badbob,532
badalice,544
badalice,545
badalice,546
badalice,547
badcarl,526
badbob,533
badbob,534
badbob,535
badalice,548
badalice,549
badcarl,527
badcarl,528
badbob,536
badbob,537
badbob,538
badbob,539
badalice,550
badalice,551
badcarl,529
badcarl,530
badcarl,531
badcarl,532
badcarl,533
badcarl,534
badbob,540
badalice,552
badalice,553
badcarl,535
badcarl,536
badbob,541
badalice,554
badalice,555
badcarl,537
badcarl,538
badbob,542
badbob,543
badbob,544
badbob,545
badbob,546
badbob,547
badbob,548
badalice,556
badalice,557
badalice,558
badcarl,539
badcarl,540
badcarl,541
badcarl,542
badcarl,543
badcarl,544
badbob,549
badbob,550
badbob,551
badalice,559
badalice,560
badalice,561
badalice,562
badalice,563
badbob,552
badbob,553
badcarl,545
badcarl,546
badcarl,547
badalice,564
badalice,565
badbob,554
badbob,555
badbob,556
badbob,557
badbob,558
badcarl,548
badalice,566
badalice,567
badalice,568
badalice,569
badbob,559
badbob,560
badbob,561
badcarl,549
badcarl,550
badcarl,551
badalice,570
badalice,571
badbob,562
badcarl,552
badbob,563
badcarl,553
badcarl,554
badbob,564
badbob,565
badbob,566
badbob,567
badbob,568
badalice,572
badcarl,555
badbob,569
badbob,570
badbob,571
badbob,572
badbob,573
badbob,574
badbob,575
badbob,576
badalice,573
badalice,574
badalice,575
badalice,576
badalice,577
badalice,578
badalice,579
badalice,580
badalice,581
badcarl,556
badcarl,557
badcarl,558
badcarl,559
badbob,577
badbob,578
badbob,579
badbob,580
badalice,582
badcarl,560
badcarl,561
badcarl,562
badcarl,563
badcarl,564
badcarl,565
badbob,581
badbob,582
badalice,583
badalice,584
badalice,585
badcarl,566
badcarl,567
badcarl,568
badbob,583
badbob,584
badbob,585
badbob,586
badbob,587
badbob,588
badalice,586
badalice,587
badalice,588
badcarl,569
badbob,589
badalice,589
badcarl,570
badbob,590
badbob,591
badbob,592
badalice,590
badcarl,571
badcarl,572
badcarl,573
badcarl,574
badcarl,575
badbob,593
badalice,591
badalice,592
badcarl,576
badcarl,577
badcarl,578
badcarl,579
badcarl,580
badbob,594
badbob,595
badbob,596
badbob,597
badbob,598
badbob,599
badbob,600
badbob,601
badbob,602
badalice,593
badalice,594
badalice,595
badalice,596
badcarl,581
badcarl,582
badcarl,583
badbob,603
badalice,597
badcarl,584
badcarl,585
badcarl,586
badcarl,587
badbob,604
badbob,605
badbob,606
badbob,607
badbob,608
badalice,598
badalice,599
badalice,600
badcarl,588
badbob,609
badalice,601
badalice,602
badalice,603
badalice,604
badalice,605
badalice,606
badalice,607
badalice,608
badcarl,589
badcarl,590
badcarl,591
badbob,610
badbob,611
badbob,612
badbob,613
badbob,614
badbob,615
badbob,616
badbob,617
badbob,618
badalice,609
badalice,610
badalice,611
badcarl,592
badcarl,593
badcarl,594
badbob,619
badalice,612
badalice,613
badcarl,595
badcarl,596
badcarl,597
badbob,620
badalice,614
badalice,615
badcarl,598
badcarl,599
badcarl,600
badcarl,601
badcarl,602
badcarl,603
badcarl,604
badbob,621
badbob,622
badbob,623
badbob,624
badbob,625
badalice,616
badalice,617
badcarl,605
badcarl,606
badcarl,607
badcarl,608
badcarl,609
badbob,626
badbob,627
badbob,628
badbob,629
badalice,618
badalice,619
badalice,620
badalice,621
badalice,622
badcarl,610
badcarl,611
badbob,630
badbob,631
badbob,632
badbob,633
badbob,634
badbob,635
badbob,636
badalice,623
badalice,624
badalice,625
badcarl,612
badcarl,613
badcarl,614
badcarl,615
badbob,637
badalice,626
badcarl,616
badcarl,617
badcarl,618
badbob,638
badalice,627
badalice,628
badalice,629
badalice,630
badalice,631
badalice,632
badalice,633
badalice,634
badcarl,619
badcarl,620
badcarl,621
badcarl,622
badbob,639
badbob,640
badbob,641
badbob,642
badalice,635
badalice,636
badcarl,623
badbob,643
badbob,644
badbob,645
badbob,646
badalice,637
badalice,638
badalice,639
badalice,640
badalice,641
badcarl,624
badcarl,625
badcarl,626
badcarl,627
badcarl,628
badcarl,629
badbob,647
badbob,648
badbob,649
badbob,650
badalice,642
badcarl,630
badcarl,631
badbob,651
badalice,643
badalice,644
badalice,645
badalice,646
badalice,647
badcarl,632
badbob,652
badbob,653
badbob,654
badalice,648
badalice,649
badcarl,633
