badcarl,1
badalice,9
badbob,8
badbob,9
badalice,10
badalice,11
badcarl,2
badcarl,3
badcarl,4
badcarl,5
badcarl,6
badalice,12
badalice,13
badcarl,7
badcarl,8
badalice,14
badalice,15
badalice,16
badcarl,9
badcarl,10
badcarl,11
badbob,10
badbob,11
badcarl,12
badcarl,13
badalice,17
badalice,18
badalice,19
badalice,20
badalice,21
badbob,12
badcarl,14
badcarl,15
badcarl,16
badcarl,17
badalice,22
badalice,23
badalice,24
badalice,25
badalice,26
badbob,13
badbob,14
badbob,15
badcarl,18
badcarl,19
badalice,27
badalice,28
badalice,29
badalice,30
badalice,31
badbob,16
badbob,17
badbob,18
badbob,19
badcarl,20
badcarl,21
badcarl,22
badcarl,23
badcarl,24
badcarl,25
badalice,32
badbob,20
badbob,21
badbob,22
badbob,23
badcarl,26
badcarl,27
badalice,33
badbob,24
badbob,25
badcarl,28
badcarl,29
badcarl,30
badcarl,31
badcarl,32
badalice,34
badbob,26
badbob,27
badbob,28
badbob,29
badbob,30
badcarl,33
badalice,35
badalice,36
badbob,31
badbob,32
badcarl,34
badcarl,35
badalice,37
badalice,38
badbob,33
badbob,34
badbob,35
badcarl,36
badcarl,37
badalice,39
badalice,40
badalice,41
badalice,42
badbob,36
badbob,37
badbob,38
badbob,39
badbob,40
badcarl,38
badcarl,39
badcarl,40
badcarl,41
badalice,43
badalice,44
badbob,41
badbob,42
badbob,43
badbob,44
badbob,45
badalice,45
badcarl,42
badbob,46
badalice,46
badcarl,43
badcarl,44
badbob,47
badbob,48
badbob,49
badalice,47
badalice,48
badalice,49
badcarl,45
badcarl,46
badcarl,47
badcarl,48
badbob,50
badalice,50
badalice,51
badalice,52
badcarl,49
badbob,51
badbob,52
badalice,53
badalice,54
badalice,55
badalice,56
badcarl,50
badcarl,51
badcarl,52
badbob,53
badbob,54
badbob,55
badbob,56
badbob,57
badbob,58
badalice,57
badalice,58
badalice,59
badcarl,53
badcarl,54
badbob,59
badbob,60
badbob,61
badalice,60
badalice,61
badcarl,55
badcarl,56
badbob,62
badbob,63
badbob,64
badbob,65
badbob,66
badbob,67
badbob,68
badalice,62
badalice,63
badcarl,57
badcarl,58
badcarl,59
badbob,69
badalice,64
badalice,65
badcarl,60
badcarl,61
badbob,70
badbob,71
badbob,72
badalice,66
badalice,67
badalice,68
badcarl,62
badcarl,63
badcarl,64
badbob,73
badbob,74
badbob,75
badalice,69
badcarl,65
badcarl,66
badcarl,67
badcarl,68
badcarl,69
badcarl,70
badbob,76
badbob,77
badbob,78
badbob,79
badbob,80
badbob,81
badalice,70
badalice,71
badalice,72
badalice,73
badalice,74
badalice,75
badalice,76
badcarl,71
badcarl,72
badcarl,73
badcarl,74
badcarl,75
badcarl,76
badcarl,77
badcarl,78
badcarl,79
badcarl,80
badcarl,81
badcarl,82
badcarl,83
badcarl,84
badcarl,85
badbob,82
badbob,83
badbob,84
badbob,85
badbob,86
badalice,77
badcarl,86
badcarl,87
badcarl,88
badcarl,89
badcarl,90
badcarl,91
badbob,87
badbob,88
badalice,78
badalice,79
badcarl,92
badcarl,93
badcarl,94
badcarl,95
badbob,89
badbob,90
badbob,91
badbob,92
badbob,93
badbob,94
badbob,95
badbob,96
badbob,97
badbob,98
badbob,99
badalice,80
badalice,81
badalice,82
badalice,83
badalice,84
badalice,85
badcarl,96
badcarl,97
badbob,100
badbob,101
badbob,102
badbob,103
badbob,104
badalice,86
badalice,87
badalice,88
badalice,89
badcarl,98
badbob,105
badbob,106
badbob,107
badbob,108
badalice,90
badalice,91
badcarl,99
badbob,109
badbob,110
badalice,92
badalice,93
badalice,94
badalice,95
badalice,96
badalice,97
badalice,98
badalice,99
badcarl,100
badbob,111
badbob,112
badbob,113
badalice,100
badalice,101
badalice,102
badalice,103
badalice,104
badcarl,101
badbob,114
badalice,105
badalice,106
badalice,107
badalice,108
badcarl,102
badbob,115
badbob,116
badbob,117
badbob,118
badbob,119
badbob,120
badbob,121
badalice,109
badcarl,103
badcarl,104
badcarl,105
badbob,122
badalice,110
badalice,111
badalice,112
badalice,113
badcarl,106
badcarl,107
badcarl,108
badcarl,109
badcarl,110
badcarl,111
badcarl,112
badcarl,113
badcarl,114
badcarl,115
badcarl,116
badcarl,117
badcarl,118
badcarl,119
badcarl,120
badbob,123
badbob,124
badbob,125
badbob,126
badbob,127
badbob,128
badbob,129
badbob,130
badalice,114
badcarl,121
badcarl,122
badbob,131
badbob,132
badalice,115
badalice,116
badalice,117
badalice,118
badalice,119
badalice,120
badalice,121
badalice,122
badalice,123
badcarl,123
badcarl,124
badbob,133
badbob,134
badbob,135
badbob,136
badalice,124
badcarl,125
badcarl,126
badbob,137
badbob,138
badalice,125
badalice,126
badcarl,127
badcarl,128
badcarl,129
badcarl,130
badcarl,131
badcarl,132
badcarl,133
badbob,139
badbob,140
badbob,141
badalice,127
badcarl,134
badcarl,135
badcarl,136
badcarl,137
badbob,142
badalice,128
badalice,129
badalice,130
badalice,131
badcarl,138
badcarl,139
badbob,143
badalice,132
badalice,133
badcarl,140
badbob,144
badalice,134
badalice,135
badcarl,141
badcarl,142
badcarl,143
badbob,145
badbob,146
badbob,147
badbob,148
badbob,149
badbob,150
badbob,151
badbob,152
badbob,153
badbob,154
badbob,155
badalice,136
badalice,137
badalice,138
badcarl,144
badbob,156
badalice,139
badalice,140
badalice,141
badcarl,145
badbob,157
badalice,142
badcarl,146
badcarl,147
badcarl,148
badcarl,149
badcarl,150
badcarl,151
badcarl,152
badbob,158
badbob,159
badalice,143
badalice,144
badalice,145
badcarl,153
badcarl,154
badcarl,155
badcarl,156
badcarl,157
badcarl,158
badcarl,159
badcarl,160
badcarl,161
badcarl,162
badbob,160
badalice,146
badalice,147
badalice,148
badalice,149
badalice,150
badalice,151
badcarl,163
badcarl,164
badbob,161
badbob,162
badbob,163
badalice,152
badalice,153
badcarl,165
badcarl,166
badbob,164
badbob,165
badbob,166
badbob,167
badbob,168
badalice,154
badalice,155
badalice,156
badcarl,167
badbob,169
badalice,157
badcarl,168
badbob,170
badbob,171
badbob,172
badbob,173
badbob,174
badalice,158
badalice,159
badcarl,169
badcarl,170
badcarl,171
badcarl,172
badcarl,173
badcarl,174
badcarl,175
badcarl,176
badcarl,177
badbob,175
badbob,176
badbob,177
badalice,160
badalice,161
badalice,162
badcarl,178
badcarl,179
badbob,178
badbob,179
badbob,180
badbob,181
badbob,182
badbob,183
badalice,163
badalice,164
badalice,165
badalice,166
badcarl,180
badcarl,181
badbob,184
badbob,185
badbob,186
badbob,187
badbob,188
badbob,189
badbob,190
badalice,167
badcarl,182
badcarl,183
badcarl,184
badbob,191
badalice,168
badalice,169
badalice,170
badalice,171
badalice,172
badalice,173
badalice,174
badalice,175
badcarl,185
badcarl,186
badcarl,187
badcarl,188
badcarl,189
badbob,192
badalice,176
badcarl,190
badcarl,191
badcarl,192
badbob,193
badalice,177
badcarl,193
badcarl,194
badcarl,195
badbob,194
badbob,195
badbob,196
badalice,178
badalice,179
badalice,180
badcarl,196
badcarl,197
badcarl,198
badcarl,199
badbob,197
badalice,181
badalice,182
badalice,183
badalice,184
badcarl,200
badcarl,201
badcarl,202
badcarl,203
badcarl,204
badcarl,205
badcarl,206
badcarl,207
badcarl,208
badcarl,209
badcarl,210
badbob,198
badbob,199
badalice,185
badalice,186
badcarl,211
badcarl,212
badcarl,213
badcarl,214
badcarl,215
badbob,200
badbob,201
badbob,202
badbob,203
badbob,204
badbob,205
badbob,206
badbob,207
badbob,208
badbob,209
badbob,210
badbob,211
badbob,212
badbob,213
badalice,187
badalice,188
badalice,189
badcarl,216
badbob,214
badalice,190
badalice,191
badcarl,217
badcarl,218
badcarl,219
badbob,215
badalice,192
badcarl,220
badbob,216
badbob,217
badbob,218
badcarl,221
badalice,193
badalice,194
badbob,219
badcarl,222
badcarl,223
badalice,195
badbob,220
badcarl,224
badcarl,225
badcarl,226
badalice,196
badbob,221
badcarl,227
badcarl,228
badcarl,229
badalice,197
badbob,222
badbob,223
badbob,224
badcarl,230
badcarl,231
badcarl,232
badcarl,233
badalice,198
badbob,225
badbob,226
badbob,227
badbob,228
badbob,229
badcarl,234
badcarl,235
badalice,199
badbob,230
badbob,231
badbob,232
badbob,233
badcarl,236
badalice,200
badbob,234
badbob,235
badbob,236
badcarl,237
badcarl,238
badcarl,239
badcarl,240
badcarl,241
badcarl,242
badalice,201
badbob,237
badbob,238
badcarl,243
badcarl,244
badalice,202
badbob,239
badbob,240
badcarl,245
badalice,203
badalice,204
badbob,241
badcarl,246
badcarl,247
badalice,205
badalice,206
badalice,207
badalice,208
badbob,242
badbob,243
badbob,244
badcarl,248
badcarl,249
badcarl,250
badcarl,251
badcarl,252
badalice,209
badbob,245
badbob,246
badcarl,253
badcarl,254
badalice,210
badalice,211
badbob,247
badbob,248
badbob,249
badcarl,255
badcarl,256
badcarl,257
badcarl,258
badalice,212
badalice,213
badbob,250
badbob,251
badbob,252
badcarl,259
badcarl,260
badalice,214
badbob,253
badbob,254
badbob,255
badbob,256
badbob,257
badcarl,261
badalice,215
badbob,258
badbob,259
badcarl,262
badcarl,263
badalice,216
badalice,217
badalice,218
badalice,219
badalice,220
badalice,221
badalice,222
badbob,260
badbob,261
badbob,262
badbob,263
badbob,264
badbob,265
badcarl,264
badcarl,265
badcarl,266
badcarl,267
badcarl,268
badcarl,269
badalice,223
badbob,266
badbob,267
badcarl,270
badalice,224
badalice,225
badbob,268
badbob,269
badbob,270
badbob,271
badbob,272
badcarl,271
badcarl,272
badcarl,273
badcarl,274
badalice,226
badalice,227
badalice,228
badalice,229
badalice,230
badalice,231
badbob,273
badbob,274
badbob,275
badbob,276
badcarl,275
badalice,232
badbob,277
badcarl,276
badcarl,277
badcarl,278
badalice,233
badbob,278
badcarl,279
badbob,279
badcarl,280
badalice,234
badcarl,281
badcarl,282
badalice,235
badalice,236
badcarl,283
badalice,237
badcarl,284
badcarl,285
badcarl,286
badcarl,287
badcarl,288
badcarl,289
badcarl,290
badcarl,291
badcarl,292
badcarl,293
badcarl,294
badcarl,295
badcarl,296
badalice,238
badbob,280
badbob,281
badalice,239
badbob,282
badalice,240
badbob,283
badalice,241
badbob,284
badalice,242
badbob,285
badalice,243
badbob,286
badalice,244
badbob,287
badalice,245
badbob,288
badalice,246
badcarl,297
badcarl,298
badcarl,299
badbob,289
badbob,290
badbob,291
badbob,292
badalice,247
badalice,248
badbob,293
badbob,294
badbob,295
badbob,296
badcarl,300
badcarl,301
badcarl,302
badcarl,303
badcarl,304
badcarl,305
badalice,249
badalice,250
badalice,251
badbob,297
badcarl,306
badcarl,307
badcarl,308
badalice,252
badalice,253
badbob,298
badbob,299
badcarl,309
badcarl,310
badalice,254
