ping,badcausalalice,1
ping,badcausalbob,1
pong,ping,badcausalbob,1
ping,badcausalalice,2
pong,ping,badcausalalice,2
ping,badcausalbob,2
pong,ping,badcausalbob,2
ping,badcausalalice,3
pong,ping,badcausalalice,3
ping,badcausalbob,3
pong,ping,badcausalbob,3
ping,badcausalcarl,1
pong,ping,badcausalcarl,1
ping,badcausalbob,4
pong,ping,badcausalbob,4
ping,badcausalalice,4
pong,ping,badcausalcarl,1
pong,ping,badcausalalice,4
ping,badcausalbob,5
ping,badcausalcarl,2
pong,ping,badcausalcarl,2
pong,ping,badcausalalice,4
ping,badcausalbob,6
ping,badcausalcarl,3
pong,ping,badcausalbob,5
ping,badcausalcarl,4
pong,ping,badcausalbob,6
ping,badcausalcarl,5
pong,ping,badcausalcarl,3
ping,badcausalbob,7
pong,ping,badcausalcarl,4
pong,ping,badcausalbob,7
ping,badcausalcarl,6
ping,badcausalalice,5
pong,ping,badcausalalice,5
pong,ping,badcausalbob,4
ping,badcausalalice,6
ping,badcausalcarl,7
pong,ping,badcausalbob,5
ping,badcausalalice,7
pong,ping,badcausalcarl,2
pong,ping,badcausalalice,6
ping,badcausalcarl,8
pong,ping,badcausalalice,7
ping,badcausalbob,8
pong,ping,badcausalcarl,5
ping,badcausalalice,8
pong,ping,badcausalbob,6
ping,badcausalalice,9
pong,ping,badcausalcarl,3
ping,badcausalcarl,9
pong,ping,badcausalbob,8
ping,badcausalbob,9
pong,ping,badcausalcarl,6
ping,badcausalbob,10
pong,ping,badcausalalice,5
ping,badcausalalice,10
pong,ping,badcausalcarl,4
ping,badcausalalice,11
pong,ping,badcausalcarl,5
ping,badcausalcarl,10
ping,badcausalalice,12
pong,ping,badcausalalice,8
pong,ping,badcausalbob,7
ping,badcausalbob,11
pong,ping,badcausalcarl,7
ping,badcausalalice,13
pong,ping,badcausalcarl,6
ping,badcausalalice,14
ping,badcausalcarl,11
pong,ping,badcausalcarl,7
ping,badcausalalice,15
pong,ping,badcausalalice,9
ping,badcausalcarl,12
pong,ping,badcausalbob,9
ping,badcausalcarl,13
pong,ping,badcausalcarl,8
pong,ping,badcausalbob,10
ping,badcausalcarl,14
pong,ping,badcausalalice,10
ping,badcausalbob,12
pong,ping,badcausalalice,6
ping,badcausalbob,13
pong,ping,badcausalalice,7
ping,badcausalbob,14
pong,ping,badcausalcarl,8
ping,badcausalbob,15
pong,ping,badcausalalice,8
ping,badcausalbob,16
pong,ping,badcausalalice,9
ping,badcausalalice,16
pong,ping,badcausalbob,8
ping,badcausalalice,17
ping,badcausalcarl,15
pong,ping,badcausalcarl,9
pong,ping,badcausalalice,11
ping,badcausalbob,17
pong,ping,badcausalcarl,9
ping,badcausalbob,18
pong,ping,badcausalalice,10
ping,badcausalalice,18
pong,ping,badcausalbob,9
ping,badcausalcarl,16
pong,ping,badcausalalice,12
ping,badcausalcarl,17
pong,ping,badcausalbob,11
ping,badcausalbob,19
pong,ping,badcausalcarl,10
ping,badcausalcarl,18
ping,badcausalalice,19
pong,ping,badcausalbob,10
pong,ping,badcausalalice,13
ping,badcausalalice,20
pong,ping,badcausalcarl,10
ping,badcausalbob,20
pong,ping,badcausalalice,11
ping,badcausalbob,21
pong,ping,badcausalalice,12
ping,badcausalcarl,19
pong,ping,badcausalalice,14
ping,badcausalalice,21
ping,badcausalcarl,20
pong,ping,badcausalbob,11
ping,badcausalalice,22
pong,ping,badcausalcarl,11
ping,badcausalalice,23
pong,ping,badcausalalice,15
pong,ping,badcausalcarl,12
ping,badcausalcarl,21
pong,ping,badcausalbob,12
ping,badcausalcarl,22
pong,ping,badcausalbob,13
ping,badcausalbob,22
pong,ping,badcausalalice,13
ping,badcausalbob,23
pong,ping,badcausalalice,14
ping,badcausalbob,24
pong,ping,badcausalcarl,11
ping,badcausalbob,25
pong,ping,badcausalcarl,12
ping,badcausalbob,26
pong,ping,badcausalalice,15
ping,badcausalbob,27
pong,ping,badcausalcarl,13
ping,badcausalalice,24
pong,ping,badcausalcarl,13
ping,badcausalcarl,23
pong,ping,badcausalbob,14
ping,badcausalbob,28
pong,ping,badcausalcarl,14
ping,badcausalalice,25
pong,ping,badcausalcarl,14
ping,badcausalalice,26
ping,badcausalcarl,24
pong,ping,badcausalbob,15
pong,ping,badcausalbob,12
ping,badcausalbob,29
pong,ping,badcausalalice,16
ping,badcausalcarl,25
ping,badcausalalice,27
pong,ping,badcausalbob,13
pong,ping,badcausalbob,16
ping,badcausalalice,28
pong,ping,badcausalbob,14
ping,badcausalalice,29
pong,ping,badcausalbob,15
ping,badcausalbob,30
pong,ping,badcausalalice,17
ping,badcausalcarl,26
pong,ping,badcausalalice,16
ping,badcausalcarl,27
ping,badcausalalice,30
pong,ping,badcausalbob,16
pong,ping,badcausalalice,17
ping,badcausalcarl,28
pong,ping,badcausalbob,17
ping,badcausalcarl,29
pong,ping,badcausalbob,18
ping,badcausalcarl,30
pong,ping,badcausalalice,18
ping,badcausalcarl,31
pong,ping,badcausalbob,19
ping,badcausalcarl,32
pong,ping,badcausalalice,19
ping,badcausalcarl,33
pong,ping,badcausalalice,20
ping,badcausalcarl,34
pong,ping,badcausalbob,20
ping,badcausalcarl,35
pong,ping,badcausalbob,21
ping,badcausalcarl,36
pong,ping,badcausalalice,21
ping,badcausalcarl,37
pong,ping,badcausalalice,22
ping,badcausalbob,31
pong,ping,badcausalcarl,15
ping,badcausalbob,32
pong,ping,badcausalalice,18
ping,badcausalalice,31
pong,ping,badcausalcarl,15
ping,badcausalalice,32
pong,ping,badcausalbob,17
ping,badcausalcarl,38
pong,ping,badcausalalice,23
ping,badcausalbob,33
pong,ping,badcausalcarl,16
ping,badcausalalice,33
pong,ping,badcausalbob,18
ping,badcausalalice,34
pong,ping,badcausalcarl,16
ping,badcausalcarl,39
pong,ping,badcausalbob,22
ping,badcausalcarl,40
pong,ping,badcausalbob,23
ping,badcausalcarl,41
pong,ping,badcausalbob,24
ping,badcausalcarl,42
pong,ping,badcausalbob,25
ping,badcausalbob,34
pong,ping,badcausalcarl,17
ping,badcausalalice,35
pong,ping,badcausalcarl,17
ping,badcausalcarl,43
pong,ping,badcausalbob,26
ping,badcausalbob,35
pong,ping,badcausalcarl,18
ping,badcausalalice,36
pong,ping,badcausalbob,19
ping,badcausalalice,37
ping,badcausalcarl,44
pong,ping,badcausalcarl,18
ping,badcausalalice,38
pong,ping,badcausalbob,27
pong,ping,badcausalbob,20
ping,badcausalbob,36
pong,ping,badcausalalice,19
ping,badcausalbob,37
pong,ping,badcausalalice,20
ping,badcausalbob,38
pong,ping,badcausalcarl,19
ping,badcausalbob,39
pong,ping,badcausalalice,21
ping,badcausalbob,40
pong,ping,badcausalcarl,20
ping,badcausalcarl,45
pong,ping,badcausalalice,24
ping,badcausalcarl,46
ping,badcausalalice,39
pong,ping,badcausalbob,21
ping,badcausalalice,40
pong,ping,badcausalcarl,19
pong,ping,badcausalbob,28
ping,badcausalcarl,47
pong,ping,badcausalalice,25
ping,badcausalbob,41
pong,ping,badcausalalice,22
ping,badcausalbob,42
pong,ping,badcausalalice,23
ping,badcausalbob,43
pong,ping,badcausalcarl,21
ping,badcausalbob,44
pong,ping,badcausalcarl,22
ping,badcausalbob,45
pong,ping,badcausalalice,24
ping,badcausalbob,46
pong,ping,badcausalcarl,23
ping,badcausalalice,41
pong,ping,badcausalcarl,20
ping,badcausalcarl,48
pong,ping,badcausalalice,26
ping,badcausalbob,47
pong,ping,badcausalalice,25
ping,badcausalbob,48
pong,ping,badcausalcarl,24
ping,badcausalbob,49
pong,ping,badcausalalice,26
ping,badcausalbob,50
pong,ping,badcausalcarl,25
ping,badcausalbob,51
pong,ping,badcausalalice,27
ping,badcausalalice,42
pong,ping,badcausalcarl,21
ping,badcausalcarl,49
ping,badcausalalice,43
pong,ping,badcausalcarl,22
pong,ping,badcausalbob,29
ping,badcausalalice,44
pong,ping,badcausalbob,22
ping,badcausalbob,52
pong,ping,badcausalalice,28
ping,badcausalcarl,50
pong,ping,badcausalalice,27
ping,badcausalalice,45
pong,ping,badcausalbob,23
ping,badcausalcarl,51
pong,ping,badcausalalice,28
ping,badcausalcarl,52
pong,ping,badcausalalice,29
ping,badcausalcarl,53
pong,ping,badcausalbob,30
ping,badcausalcarl,54
pong,ping,badcausalalice,30
ping,badcausalcarl,55
pong,ping,badcausalbob,31
ping,badcausalcarl,56
pong,ping,badcausalbob,32
ping,badcausalcarl,57
pong,ping,badcausalalice,31
ping,badcausalbob,53
pong,ping,badcausalalice,29
ping,badcausalbob,54
pong,ping,badcausalcarl,26
ping,badcausalbob,55
pong,ping,badcausalcarl,27
ping,badcausalbob,56
pong,ping,badcausalalice,30
ping,badcausalbob,57
pong,ping,badcausalcarl,28
ping,badcausalbob,58
pong,ping,badcausalcarl,29
ping,badcausalbob,59
pong,ping,badcausalcarl,30
ping,badcausalbob,60
pong,ping,badcausalcarl,31
ping,badcausalbob,61
pong,ping,badcausalcarl,32
ping,badcausalalice,46
pong,ping,badcausalbob,24
ping,badcausalcarl,58
pong,ping,badcausalalice,32
ping,badcausalcarl,59
pong,ping,badcausalbob,33
ping,badcausalcarl,60
pong,ping,badcausalalice,33
ping,badcausalbob,62
pong,ping,badcausalcarl,33
ping,badcausalalice,47
pong,ping,badcausalbob,25
ping,badcausalalice,48
pong,ping,badcausalbob,26
ping,badcausalalice,49
pong,ping,badcausalbob,27
ping,badcausalalice,50
pong,ping,badcausalcarl,23
ping,badcausalcarl,61
pong,ping,badcausalalice,34
ping,badcausalcarl,62
pong,ping,badcausalbob,34
ping,badcausalcarl,63
pong,ping,badcausalalice,35
ping,badcausalbob,63
pong,ping,badcausalcarl,34
ping,badcausalalice,51
pong,ping,badcausalbob,28
ping,badcausalalice,52
pong,ping,badcausalcarl,24
ping,badcausalalice,53
pong,ping,badcausalbob,29
ping,badcausalalice,54
pong,ping,badcausalcarl,25
ping,badcausalcarl,64
pong,ping,badcausalbob,35
ping,badcausalbob,64
pong,ping,badcausalcarl,35
ping,badcausalbob,65
pong,ping,badcausalcarl,36
ping,badcausalalice,55
pong,ping,badcausalbob,30
ping,badcausalalice,56
ping,badcausalcarl,65
pong,ping,badcausalalice,36
pong,ping,badcausalcarl,26
ping,badcausalcarl,66
pong,ping,badcausalalice,37
ping,badcausalcarl,67
pong,ping,badcausalalice,38
ping,badcausalcarl,68
pong,ping,badcausalbob,36
ping,badcausalcarl,69
pong,ping,badcausalbob,37
ping,badcausalcarl,70
pong,ping,badcausalbob,38
ping,badcausalcarl,71
pong,ping,badcausalbob,39
ping,badcausalcarl,72
pong,ping,badcausalbob,40
ping,badcausalcarl,73
pong,ping,badcausalalice,39
ping,badcausalcarl,74
pong,ping,badcausalalice,40
ping,badcausalcarl,75
pong,ping,badcausalbob,41
ping,badcausalbob,66
pong,ping,badcausalcarl,37
ping,badcausalbob,67
pong,ping,badcausalalice,31
ping,badcausalbob,68
pong,ping,badcausalalice,32
ping,badcausalalice,57
pong,ping,badcausalcarl,27
ping,badcausalalice,58
pong,ping,badcausalcarl,28
ping,badcausalalice,59
ping,badcausalcarl,76
pong,ping,badcausalcarl,29
pong,ping,badcausalbob,42
ping,badcausalbob,69
pong,ping,badcausalcarl,38
ping,badcausalbob,70
pong,ping,badcausalalice,33
ping,badcausalbob,71
pong,ping,badcausalalice,34
ping,badcausalalice,60
pong,ping,badcausalcarl,30
ping,badcausalalice,61
pong,ping,badcausalcarl,31
ping,badcausalalice,62
pong,ping,badcausalcarl,32
ping,badcausalcarl,77
pong,ping,badcausalbob,43
ping,badcausalbob,72
pong,ping,badcausalcarl,39
ping,badcausalbob,73
pong,ping,badcausalcarl,40
ping,badcausalbob,74
pong,ping,badcausalcarl,41
ping,badcausalbob,75
pong,ping,badcausalcarl,42
ping,badcausalbob,76
pong,ping,badcausalalice,35
ping,badcausalbob,77
pong,ping,badcausalcarl,43
ping,badcausalbob,78
pong,ping,badcausalalice,36
ping,badcausalbob,79
pong,ping,badcausalalice,37
ping,badcausalbob,80
pong,ping,badcausalcarl,44
ping,badcausalbob,81
pong,ping,badcausalalice,38
ping,badcausalbob,82
pong,ping,badcausalcarl,45
ping,badcausalalice,63
pong,ping,badcausalcarl,33
ping,badcausalalice,64
pong,ping,badcausalcarl,34
ping,badcausalalice,65
ping,badcausalcarl,78
pong,ping,badcausalcarl,35
pong,ping,badcausalbob,44
ping,badcausalcarl,79
pong,ping,badcausalbob,45
ping,badcausalcarl,80
pong,ping,badcausalbob,46
ping,badcausalcarl,81
pong,ping,badcausalalice,41
ping,badcausalbob,83
pong,ping,badcausalcarl,46
ping,badcausalalice,66
pong,ping,badcausalcarl,36
ping,badcausalalice,67
pong,ping,badcausalcarl,37
ping,badcausalalice,68
pong,ping,badcausalbob,31
ping,badcausalalice,69
pong,ping,badcausalbob,32
ping,badcausalcarl,82
ping,badcausalalice,70
pong,ping,badcausalbob,47
pong,ping,badcausalcarl,38
ping,badcausalcarl,83
ping,badcausalalice,71
pong,ping,badcausalbob,48
pong,ping,badcausalbob,33
ping,badcausalcarl,84
pong,ping,badcausalbob,49
ping,badcausalbob,84
pong,ping,badcausalalice,39
ping,badcausalbob,85
pong,ping,badcausalalice,40
ping,badcausalalice,72
pong,ping,badcausalcarl,39
ping,badcausalalice,73
ping,badcausalcarl,85
pong,ping,badcausalbob,50
pong,ping,badcausalcarl,40
ping,badcausalalice,74
pong,ping,badcausalcarl,41
ping,badcausalalice,75
pong,ping,badcausalcarl,42
ping,badcausalalice,76
pong,ping,badcausalbob,34
ping,badcausalalice,77
pong,ping,badcausalcarl,43
ping,badcausalalice,78
pong,ping,badcausalbob,35
ping,badcausalalice,79
pong,ping,badcausalcarl,44
ping,badcausalalice,80
pong,ping,badcausalbob,36
ping,badcausalalice,81
pong,ping,badcausalbob,37
ping,badcausalalice,82
pong,ping,badcausalbob,38
ping,badcausalbob,86
pong,ping,badcausalcarl,47
ping,badcausalcarl,86
pong,ping,badcausalbob,51
ping,badcausalalice,83
pong,ping,badcausalbob,39
ping,badcausalalice,84
pong,ping,badcausalbob,40
ping,badcausalalice,85
pong,ping,badcausalcarl,45
ping,badcausalalice,86
pong,ping,badcausalcarl,46
ping,badcausalbob,87
pong,ping,badcausalalice,41
ping,badcausalbob,88
pong,ping,badcausalcarl,48
ping,badcausalcarl,87
pong,ping,badcausalalice,42
ping,badcausalcarl,88
pong,ping,badcausalalice,43
ping,badcausalalice,87
pong,ping,badcausalcarl,47
ping,badcausalalice,88
pong,ping,badcausalbob,41
ping,badcausalbob,89
pong,ping,badcausalalice,42
ping,badcausalcarl,89
pong,ping,badcausalalice,44
ping,badcausalcarl,90
pong,ping,badcausalbob,52
ping,badcausalalice,89
pong,ping,badcausalbob,42
ping,badcausalalice,90
pong,ping,badcausalbob,43
ping,badcausalalice,91
pong,ping,badcausalbob,44
ping,badcausalalice,92
pong,ping,badcausalbob,45
ping,badcausalalice,93
pong,ping,badcausalbob,46
ping,badcausalalice,94
pong,ping,badcausalcarl,48
ping,badcausalbob,90
pong,ping,badcausalcarl,49
ping,badcausalcarl,91
pong,ping,badcausalalice,45
ping,badcausalcarl,92
pong,ping,badcausalbob,53
ping,badcausalcarl,93
pong,ping,badcausalbob,54
ping,badcausalalice,95
pong,ping,badcausalbob,47
ping,badcausalbob,91
pong,ping,badcausalalice,43
ping,badcausalbob,92
pong,ping,badcausalalice,44
ping,badcausalbob,93
pong,ping,badcausalalice,45
ping,badcausalcarl,94
pong,ping,badcausalbob,55
ping,badcausalcarl,95
pong,ping,badcausalbob,56
ping,badcausalalice,96
pong,ping,badcausalbob,48
ping,badcausalalice,97
pong,ping,badcausalbob,49
ping,badcausalalice,98
pong,ping,badcausalbob,50
ping,badcausalalice,99
pong,ping,badcausalbob,51
ping,badcausalalice,100
pong,ping,badcausalcarl,49
ping,badcausalalice,101
pong,ping,badcausalbob,52
ping,badcausalalice,102
pong,ping,badcausalcarl,50
ping,badcausalalice,103
pong,ping,badcausalcarl,51
ping,badcausalalice,104
pong,ping,badcausalcarl,52
ping,badcausalalice,105
pong,ping,badcausalcarl,53
ping,badcausalalice,106
pong,ping,badcausalcarl,54
ping,badcausalbob,94
pong,ping,badcausalcarl,50
ping,badcausalcarl,96
pong,ping,badcausalbob,57
ping,badcausalcarl,97
pong,ping,badcausalbob,58
ping,badcausalcarl,98
pong,ping,badcausalbob,59
ping,badcausalcarl,99
pong,ping,badcausalbob,60
ping,badcausalalice,107
pong,ping,badcausalcarl,55
ping,badcausalbob,95
pong,ping,badcausalcarl,51
ping,badcausalbob,96
pong,ping,badcausalcarl,52
ping,badcausalbob,97
pong,ping,badcausalcarl,53
ping,badcausalbob,98
pong,ping,badcausalcarl,54
ping,badcausalbob,99
pong,ping,badcausalcarl,55
ping,badcausalbob,100
pong,ping,badcausalcarl,56
ping,badcausalbob,101
pong,ping,badcausalcarl,57
ping,badcausalbob,102
pong,ping,badcausalalice,46
ping,badcausalbob,103
pong,ping,badcausalcarl,58
ping,badcausalbob,104
pong,ping,badcausalcarl,59
ping,badcausalbob,105
pong,ping,badcausalcarl,60
ping,badcausalbob,106
pong,ping,badcausalalice,47
ping,badcausalbob,107
pong,ping,badcausalalice,48
ping,badcausalcarl,100
pong,ping,badcausalbob,61
ping,badcausalalice,108
pong,ping,badcausalcarl,56
ping,badcausalalice,109
pong,ping,badcausalcarl,57
ping,badcausalalice,110
pong,ping,badcausalbob,53
ping,badcausalalice,111
pong,ping,badcausalbob,54
ping,badcausalbob,108
pong,ping,badcausalalice,49
ping,badcausalcarl,101
pong,ping,badcausalalice,46
ping,badcausalcarl,102
pong,ping,badcausalbob,62
ping,badcausalalice,112
pong,ping,badcausalbob,55
ping,badcausalbob,109
pong,ping,badcausalalice,50
ping,badcausalbob,110
pong,ping,badcausalcarl,61
ping,badcausalbob,111
pong,ping,badcausalcarl,62
ping,badcausalcarl,103
pong,ping,badcausalalice,47
ping,badcausalcarl,104
pong,ping,badcausalalice,48
ping,badcausalalice,113
pong,ping,badcausalbob,56
ping,badcausalalice,114
pong,ping,badcausalbob,57
ping,badcausalalice,115
pong,ping,badcausalbob,58
ping,badcausalalice,116
pong,ping,badcausalbob,59
ping,badcausalalice,117
pong,ping,badcausalbob,60
ping,badcausalalice,118
pong,ping,badcausalbob,61
ping,badcausalalice,119
pong,ping,badcausalcarl,58
ping,badcausalalice,120
pong,ping,badcausalcarl,59
ping,badcausalbob,112
pong,ping,badcausalcarl,63
ping,badcausalbob,113
pong,ping,badcausalalice,51
ping,badcausalcarl,105
pong,ping,badcausalalice,49
ping,badcausalcarl,106
pong,ping,badcausalalice,50
ping,badcausalalice,121
pong,ping,badcausalcarl,60
ping,badcausalalice,122
pong,ping,badcausalbob,62
ping,badcausalalice,123
pong,ping,badcausalcarl,61
ping,badcausalalice,124
pong,ping,badcausalcarl,62
ping,badcausalalice,125
pong,ping,badcausalcarl,63
ping,badcausalalice,126
pong,ping,badcausalbob,63
ping,badcausalalice,127
pong,ping,badcausalcarl,64
ping,badcausalalice,128
pong,ping,badcausalbob,64
ping,badcausalbob,114
pong,ping,badcausalalice,52
ping,badcausalbob,115
pong,ping,badcausalalice,53
ping,badcausalbob,116
pong,ping,badcausalalice,54
ping,badcausalbob,117
pong,ping,badcausalcarl,64
ping,badcausalbob,118
pong,ping,badcausalalice,55
ping,badcausalbob,119
pong,ping,badcausalalice,56
ping,badcausalbob,120
pong,ping,badcausalcarl,65
ping,badcausalbob,121
pong,ping,badcausalcarl,66
ping,badcausalcarl,107
pong,ping,badcausalbob,63
ping,badcausalcarl,108
pong,ping,badcausalalice,51
ping,badcausalcarl,109
pong,ping,badcausalalice,52
ping,badcausalcarl,110
pong,ping,badcausalalice,53
ping,badcausalcarl,111
pong,ping,badcausalalice,54
ping,badcausalalice,129
pong,ping,badcausalbob,65
ping,badcausalalice,130
pong,ping,badcausalcarl,65
ping,badcausalbob,122
pong,ping,badcausalcarl,67
ping,badcausalbob,123
pong,ping,badcausalcarl,68
ping,badcausalcarl,112
pong,ping,badcausalbob,64
ping,badcausalcarl,113
pong,ping,badcausalbob,65
ping,badcausalcarl,114
pong,ping,badcausalalice,55
ping,badcausalcarl,115
pong,ping,badcausalalice,56
ping,badcausalcarl,116
pong,ping,badcausalbob,66
ping,badcausalcarl,117
pong,ping,badcausalbob,67
ping,badcausalcarl,118
pong,ping,badcausalbob,68
ping,badcausalcarl,119
pong,ping,badcausalalice,57
ping,badcausalcarl,120
pong,ping,badcausalalice,58
ping,badcausalcarl,121
pong,ping,badcausalalice,59
ping,badcausalalice,131
pong,ping,badcausalcarl,66
ping,badcausalalice,132
pong,ping,badcausalcarl,67
ping,badcausalalice,133
pong,ping,badcausalcarl,68
ping,badcausalbob,124
pong,ping,badcausalcarl,69
ping,badcausalcarl,122
pong,ping,badcausalbob,69
ping,badcausalcarl,123
pong,ping,badcausalbob,70
ping,badcausalcarl,124
pong,ping,badcausalbob,71
ping,badcausalalice,134
pong,ping,badcausalcarl,69
ping,badcausalbob,125
pong,ping,badcausalcarl,70
ping,badcausalcarl,125
pong,ping,badcausalalice,60
ping,badcausalcarl,126
pong,ping,badcausalalice,61
ping,badcausalcarl,127
pong,ping,badcausalalice,62
ping,badcausalcarl,128
pong,ping,badcausalbob,72
ping,badcausalalice,135
pong,ping,badcausalcarl,70
ping,badcausalcarl,129
pong,ping,badcausalbob,73
ping,badcausalbob,126
pong,ping,badcausalcarl,71
ping,badcausalbob,127
pong,ping,badcausalcarl,72
ping,badcausalcarl,130
ping,badcausalalice,136
pong,ping,badcausalcarl,71
pong,ping,badcausalbob,74
ping,badcausalalice,137
ping,badcausalcarl,131
pong,ping,badcausalcarl,72
pong,ping,badcausalbob,75
ping,badcausalalice,138
pong,ping,badcausalcarl,73
ping,badcausalalice,139
pong,ping,badcausalcarl,74
ping,badcausalalice,140
pong,ping,badcausalcarl,75
ping,badcausalalice,141
pong,ping,badcausalbob,66
ping,badcausalalice,142
pong,ping,badcausalbob,67
ping,badcausalalice,143
pong,ping,badcausalbob,68
ping,badcausalalice,144
pong,ping,badcausalcarl,76
ping,badcausalbob,128
pong,ping,badcausalcarl,73
ping,badcausalcarl,132
pong,ping,badcausalbob,76
ping,badcausalcarl,133
pong,ping,badcausalbob,77
ping,badcausalcarl,134
pong,ping,badcausalbob,78
ping,badcausalcarl,135
pong,ping,badcausalbob,79
ping,badcausalalice,145
pong,ping,badcausalbob,69
ping,badcausalalice,146
pong,ping,badcausalbob,70
ping,badcausalalice,147
pong,ping,badcausalbob,71
ping,badcausalbob,129
pong,ping,badcausalcarl,74
ping,badcausalcarl,136
pong,ping,badcausalbob,80
ping,badcausalcarl,137
pong,ping,badcausalbob,81
ping,badcausalcarl,138
pong,ping,badcausalbob,82
ping,badcausalalice,148
pong,ping,badcausalcarl,77
ping,badcausalalice,149
pong,ping,badcausalbob,72
ping,badcausalalice,150
pong,ping,badcausalbob,73
ping,badcausalalice,151
pong,ping,badcausalbob,74
ping,badcausalcarl,139
pong,ping,badcausalalice,63
ping,badcausalcarl,140
pong,ping,badcausalalice,64
ping,badcausalcarl,141
pong,ping,badcausalalice,65
ping,badcausalalice,152
pong,ping,badcausalbob,75
ping,badcausalalice,153
pong,ping,badcausalbob,76
ping,badcausalalice,154
pong,ping,badcausalbob,77
ping,badcausalalice,155
pong,ping,badcausalbob,78
ping,badcausalcarl,142
pong,ping,badcausalbob,83
ping,badcausalalice,156
pong,ping,badcausalbob,79
ping,badcausalbob,130
pong,ping,badcausalcarl,75
ping,badcausalbob,131
pong,ping,badcausalalice,57
ping,badcausalbob,132
pong,ping,badcausalalice,58
ping,badcausalbob,133
pong,ping,badcausalcarl,76
ping,badcausalbob,134
pong,ping,badcausalalice,59
ping,badcausalbob,135
pong,ping,badcausalalice,60
ping,badcausalcarl,143
pong,ping,badcausalalice,66
ping,badcausalalice,157
pong,ping,badcausalbob,80
ping,badcausalalice,158
pong,ping,badcausalbob,81
ping,badcausalalice,159
pong,ping,badcausalbob,82
ping,badcausalalice,160
pong,ping,badcausalcarl,78
ping,badcausalalice,161
pong,ping,badcausalcarl,79
ping,badcausalbob,136
pong,ping,badcausalalice,61
ping,badcausalbob,137
pong,ping,badcausalalice,62
ping,badcausalcarl,144
pong,ping,badcausalalice,67
ping,badcausalcarl,145
pong,ping,badcausalalice,68
ping,badcausalcarl,146
pong,ping,badcausalalice,69
ping,badcausalalice,162
pong,ping,badcausalcarl,80
ping,badcausalbob,138
pong,ping,badcausalcarl,77
ping,badcausalbob,139
pong,ping,badcausalalice,63
ping,badcausalbob,140
pong,ping,badcausalcarl,78
ping,badcausalbob,141
pong,ping,badcausalalice,64
ping,badcausalcarl,147
pong,ping,badcausalalice,70
ping,badcausalalice,163
pong,ping,badcausalcarl,81
ping,badcausalalice,164
pong,ping,badcausalbob,83
ping,badcausalbob,142
pong,ping,badcausalalice,65
ping,badcausalcarl,148
pong,ping,badcausalalice,71
ping,badcausalcarl,149
pong,ping,badcausalbob,84
ping,badcausalcarl,150
pong,ping,badcausalbob,85
ping,badcausalcarl,151
pong,ping,badcausalalice,72
ping,badcausalcarl,152
pong,ping,badcausalalice,73
ping,badcausalalice,165
pong,ping,badcausalcarl,82
ping,badcausalalice,166
pong,ping,badcausalcarl,83
ping,badcausalalice,167
pong,ping,badcausalcarl,84
ping,badcausalalice,168
pong,ping,badcausalbob,84
ping,badcausalbob,143
pong,ping,badcausalcarl,79
ping,badcausalcarl,153
pong,ping,badcausalalice,74
ping,badcausalcarl,154
ping,badcausalalice,169
pong,ping,badcausalbob,85
ping,badcausalalice,170
pong,ping,badcausalcarl,85
pong,ping,badcausalalice,75
ping,badcausalcarl,155
pong,ping,badcausalalice,76
ping,badcausalcarl,156
pong,ping,badcausalalice,77
ping,badcausalcarl,157
pong,ping,badcausalalice,78
ping,badcausalbob,144
pong,ping,badcausalcarl,80
ping,badcausalbob,145
pong,ping,badcausalcarl,81
ping,badcausalbob,146
pong,ping,badcausalalice,66
ping,badcausalalice,171
ping,badcausalcarl,158
pong,ping,badcausalbob,86
pong,ping,badcausalalice,79
ping,badcausalcarl,159
pong,ping,badcausalalice,80
ping,badcausalcarl,160
pong,ping,badcausalalice,81
ping,badcausalcarl,161
pong,ping,badcausalalice,82
ping,badcausalcarl,162
pong,ping,badcausalbob,86
ping,badcausalcarl,163
pong,ping,badcausalalice,83
ping,badcausalcarl,164
pong,ping,badcausalalice,84
ping,badcausalcarl,165
pong,ping,badcausalalice,85
ping,badcausalcarl,166
pong,ping,badcausalalice,86
ping,badcausalcarl,167
pong,ping,badcausalbob,87
ping,badcausalcarl,168
pong,ping,badcausalbob,88
ping,badcausalcarl,169
pong,ping,badcausalalice,87
ping,badcausalbob,147
pong,ping,badcausalalice,67
ping,badcausalbob,148
pong,ping,badcausalalice,68
ping,badcausalalice,172
pong,ping,badcausalcarl,86
ping,badcausalalice,173
pong,ping,badcausalbob,87
ping,badcausalcarl,170
pong,ping,badcausalalice,88
ping,badcausalbob,149
pong,ping,badcausalalice,69
ping,badcausalbob,150
pong,ping,badcausalcarl,82
ping,badcausalalice,174
pong,ping,badcausalbob,88
ping,badcausalcarl,171
pong,ping,badcausalbob,89
ping,badcausalcarl,172
pong,ping,badcausalalice,89
ping,badcausalcarl,173
pong,ping,badcausalalice,90
ping,badcausalbob,151
pong,ping,badcausalcarl,83
ping,badcausalalice,175
pong,ping,badcausalcarl,87
ping,badcausalalice,176
pong,ping,badcausalcarl,88
ping,badcausalalice,177
pong,ping,badcausalbob,89
ping,badcausalcarl,174
pong,ping,badcausalalice,91
ping,badcausalbob,152
pong,ping,badcausalalice,70
ping,badcausalalice,178
pong,ping,badcausalcarl,89
ping,badcausalalice,179
pong,ping,badcausalcarl,90
ping,badcausalalice,180
ping,badcausalcarl,175
pong,ping,badcausalbob,90
ping,badcausalalice,181
pong,ping,badcausalalice,92
pong,ping,badcausalcarl,91
ping,badcausalcarl,176
ping,badcausalalice,182
pong,ping,badcausalalice,93
pong,ping,badcausalcarl,92
ping,badcausalcarl,177
ping,badcausalalice,183
pong,ping,badcausalalice,94
pong,ping,badcausalcarl,93
ping,badcausalcarl,178
ping,badcausalalice,184
pong,ping,badcausalbob,90
pong,ping,badcausalbob,91
ping,badcausalbob,153
pong,ping,badcausalcarl,84
ping,badcausalbob,154
pong,ping,badcausalalice,71
ping,badcausalcarl,179
pong,ping,badcausalalice,95
ping,badcausalcarl,180
pong,ping,badcausalbob,91
ping,badcausalalice,185
pong,ping,badcausalbob,92
ping,badcausalalice,186
pong,ping,badcausalbob,93
ping,badcausalalice,187
pong,ping,badcausalcarl,94
ping,badcausalbob,155
pong,ping,badcausalalice,72
ping,badcausalbob,156
pong,ping,badcausalalice,73
ping,badcausalcarl,181
pong,ping,badcausalbob,92
ping,badcausalalice,188
pong,ping,badcausalcarl,95
ping,badcausalalice,189
pong,ping,badcausalbob,94
ping,badcausalalice,190
pong,ping,badcausalcarl,96
ping,badcausalalice,191
pong,ping,badcausalcarl,97
ping,badcausalalice,192
pong,ping,badcausalcarl,98
ping,badcausalalice,193
pong,ping,badcausalcarl,99
ping,badcausalalice,194
pong,ping,badcausalbob,95
ping,badcausalalice,195
pong,ping,badcausalbob,96
ping,badcausalbob,157
pong,ping,badcausalcarl,85
ping,badcausalbob,158
pong,ping,badcausalalice,74
ping,badcausalbob,159
pong,ping,badcausalalice,75
ping,badcausalbob,160
pong,ping,badcausalalice,76
ping,badcausalbob,161
pong,ping,badcausalalice,77
ping,badcausalbob,162
pong,ping,badcausalalice,78
ping,badcausalbob,163
pong,ping,badcausalalice,79
ping,badcausalbob,164
pong,ping,badcausalalice,80
ping,badcausalbob,165
pong,ping,badcausalalice,81
ping,badcausalbob,166
pong,ping,badcausalalice,82
ping,badcausalcarl,182
pong,ping,badcausalbob,93
ping,badcausalalice,196
pong,ping,badcausalbob,97
ping,badcausalbob,167
pong,ping,badcausalcarl,86
ping,badcausalbob,168
pong,ping,badcausalalice,83
ping,badcausalbob,169
pong,ping,badcausalalice,84
ping,badcausalcarl,183
pong,ping,badcausalalice,96
ping,badcausalcarl,184
pong,ping,badcausalalice,97
ping,badcausalalice,197
pong,ping,badcausalbob,98
ping,badcausalalice,198
pong,ping,badcausalbob,99
ping,badcausalalice,199
pong,ping,badcausalbob,100
ping,badcausalalice,200
pong,ping,badcausalbob,101
ping,badcausalalice,201
pong,ping,badcausalbob,102
ping,badcausalalice,202
pong,ping,badcausalbob,103
ping,badcausalalice,203
pong,ping,badcausalbob,104
ping,badcausalbob,170
pong,ping,badcausalalice,85
ping,badcausalbob,171
pong,ping,badcausalalice,86
ping,badcausalbob,172
pong,ping,badcausalcarl,87
ping,badcausalcarl,185
pong,ping,badcausalalice,98
ping,badcausalalice,204
pong,ping,badcausalbob,105
ping,badcausalalice,205
pong,ping,badcausalbob,106
ping,badcausalbob,173
pong,ping,badcausalcarl,88
ping,badcausalcarl,186
pong,ping,badcausalalice,99
ping,badcausalcarl,187
pong,ping,badcausalalice,100
ping,badcausalcarl,188
pong,ping,badcausalalice,101
ping,badcausalcarl,189
pong,ping,badcausalalice,102
ping,badcausalalice,206
pong,ping,badcausalbob,107
ping,badcausalalice,207
pong,ping,badcausalcarl,100
ping,badcausalalice,208
pong,ping,badcausalbob,108
ping,badcausalalice,209
pong,ping,badcausalcarl,101
ping,badcausalalice,210
pong,ping,badcausalcarl,102
ping,badcausalalice,211
pong,ping,badcausalbob,109
ping,badcausalbob,174
pong,ping,badcausalalice,87
ping,badcausalbob,175
pong,ping,badcausalalice,88
ping,badcausalcarl,190
pong,ping,badcausalalice,103
ping,badcausalcarl,191
pong,ping,badcausalalice,104
ping,badcausalcarl,192
pong,ping,badcausalalice,105
ping,badcausalalice,212
pong,ping,badcausalbob,110
ping,badcausalbob,176
pong,ping,badcausalcarl,89
ping,badcausalbob,177
pong,ping,badcausalcarl,90
ping,badcausalbob,178
pong,ping,badcausalalice,89
ping,badcausalcarl,193
pong,ping,badcausalalice,106
ping,badcausalcarl,194
pong,ping,badcausalbob,94
ping,badcausalalice,213
pong,ping,badcausalbob,111
ping,badcausalalice,214
pong,ping,badcausalcarl,103
ping,badcausalalice,215
pong,ping,badcausalcarl,104
ping,badcausalalice,216
pong,ping,badcausalbob,112
ping,badcausalalice,217
pong,ping,badcausalbob,113
ping,badcausalalice,218
pong,ping,badcausalcarl,105
ping,badcausalalice,219
pong,ping,badcausalcarl,106
ping,badcausalalice,220
pong,ping,badcausalbob,114
ping,badcausalalice,221
pong,ping,badcausalbob,115
ping,badcausalalice,222
pong,ping,badcausalbob,116
ping,badcausalalice,223
pong,ping,badcausalbob,117
ping,badcausalbob,179
pong,ping,badcausalalice,90
ping,badcausalcarl,195
pong,ping,badcausalalice,107
ping,badcausalalice,224
pong,ping,badcausalbob,118
ping,badcausalalice,225
pong,ping,badcausalbob,119
ping,badcausalbob,180
pong,ping,badcausalalice,91
ping,badcausalcarl,196
pong,ping,badcausalbob,95
ping,badcausalalice,226
pong,ping,badcausalbob,120
ping,badcausalbob,181
pong,ping,badcausalalice,92
ping,badcausalbob,182
pong,ping,badcausalalice,93
ping,badcausalcarl,197
pong,ping,badcausalbob,96
ping,badcausalcarl,198
pong,ping,badcausalbob,97
ping,badcausalcarl,199
pong,ping,badcausalbob,98
ping,badcausalcarl,200
pong,ping,badcausalbob,99
ping,badcausalcarl,201
pong,ping,badcausalbob,100
ping,badcausalcarl,202
pong,ping,badcausalbob,101
ping,badcausalalice,227
pong,ping,badcausalbob,121
ping,badcausalcarl,203
pong,ping,badcausalbob,102
ping,badcausalcarl,204
pong,ping,badcausalbob,103
ping,badcausalcarl,205
pong,ping,badcausalbob,104
ping,badcausalcarl,206
pong,ping,badcausalbob,105
ping,badcausalcarl,207
pong,ping,badcausalbob,106
ping,badcausalbob,183
pong,ping,badcausalalice,94
ping,badcausalbob,184
pong,ping,badcausalcarl,91
ping,badcausalalice,228
pong,ping,badcausalcarl,107
ping,badcausalcarl,208
pong,ping,badcausalbob,107
ping,badcausalbob,185
pong,ping,badcausalcarl,92
ping,badcausalbob,186
pong,ping,badcausalcarl,93
ping,badcausalbob,187
pong,ping,badcausalalice,95
ping,badcausalbob,188
pong,ping,badcausalcarl,94
ping,badcausalalice,229
pong,ping,badcausalcarl,108
ping,badcausalcarl,209
pong,ping,badcausalalice,108
ping,badcausalcarl,210
pong,ping,badcausalalice,109
ping,badcausalcarl,211
pong,ping,badcausalalice,110
ping,badcausalcarl,212
pong,ping,badcausalalice,111
ping,badcausalcarl,213
pong,ping,badcausalbob,108
ping,badcausalbob,189
pong,ping,badcausalcarl,95
ping,badcausalbob,190
pong,ping,badcausalalice,96
ping,badcausalbob,191
pong,ping,badcausalalice,97
ping,badcausalbob,192
pong,ping,badcausalalice,98
ping,badcausalbob,193
pong,ping,badcausalalice,99
ping,badcausalbob,194
pong,ping,badcausalalice,100
ping,badcausalbob,195
pong,ping,badcausalalice,101
ping,badcausalbob,196
pong,ping,badcausalalice,102
ping,badcausalbob,197
pong,ping,badcausalalice,103
ping,badcausalbob,198
pong,ping,badcausalalice,104
ping,badcausalalice,230
pong,ping,badcausalcarl,109
ping,badcausalalice,231
pong,ping,badcausalcarl,110
ping,badcausalcarl,214
pong,ping,badcausalalice,112
ping,badcausalbob,199
pong,ping,badcausalalice,105
ping,badcausalbob,200
pong,ping,badcausalalice,106
ping,badcausalbob,201
pong,ping,badcausalcarl,96
ping,badcausalbob,202
pong,ping,badcausalcarl,97
ping,badcausalalice,232
pong,ping,badcausalcarl,111
ping,badcausalalice,233
ping,badcausalcarl,215
pong,ping,badcausalbob,109
pong,ping,badcausalbob,122
ping,badcausalbob,203
pong,ping,badcausalcarl,98
ping,badcausalcarl,216
pong,ping,badcausalbob,110
ping,badcausalalice,234
pong,ping,badcausalbob,123
ping,badcausalalice,235
pong,ping,badcausalcarl,112
ping,badcausalbob,204
pong,ping,badcausalcarl,99
ping,badcausalbob,205
pong,ping,badcausalalice,107
ping,badcausalbob,206
pong,ping,badcausalcarl,100
ping,badcausalbob,207
pong,ping,badcausalalice,108
ping,badcausalbob,208
pong,ping,badcausalalice,109
ping,badcausalbob,209
pong,ping,badcausalalice,110
ping,badcausalbob,210
pong,ping,badcausalalice,111
ping,badcausalcarl,217
pong,ping,badcausalbob,111
ping,badcausalalice,236
pong,ping,badcausalcarl,113
ping,badcausalbob,211
pong,ping,badcausalcarl,101
ping,badcausalbob,212
pong,ping,badcausalcarl,102
ping,badcausalbob,213
pong,ping,badcausalalice,112
ping,badcausalcarl,218
pong,ping,badcausalalice,113
ping,badcausalcarl,219
pong,ping,badcausalalice,114
ping,badcausalcarl,220
pong,ping,badcausalalice,115
ping,badcausalalice,237
pong,ping,badcausalcarl,114
ping,badcausalcarl,221
ping,badcausalalice,238
pong,ping,badcausalalice,116
pong,ping,badcausalcarl,115
ping,badcausalalice,239
pong,ping,badcausalcarl,116
ping,badcausalalice,240
pong,ping,badcausalcarl,117
ping,badcausalalice,241
pong,ping,badcausalcarl,118
ping,badcausalalice,242
pong,ping,badcausalcarl,119
ping,badcausalalice,243
pong,ping,badcausalcarl,120
ping,badcausalbob,214
pong,ping,badcausalcarl,103
ping,badcausalbob,215
pong,ping,badcausalcarl,104
ping,badcausalbob,216
pong,ping,badcausalalice,113
ping,badcausalbob,217
pong,ping,badcausalalice,114
ping,badcausalbob,218
pong,ping,badcausalalice,115
ping,badcausalbob,219
pong,ping,badcausalalice,116
ping,badcausalbob,220
pong,ping,badcausalalice,117
ping,badcausalcarl,222
pong,ping,badcausalalice,117
ping,badcausalcarl,223
pong,ping,badcausalalice,118
ping,badcausalalice,244
pong,ping,badcausalcarl,121
ping,badcausalalice,245
pong,ping,badcausalbob,124
ping,badcausalbob,221
pong,ping,badcausalalice,118
ping,badcausalbob,222
pong,ping,badcausalalice,119
ping,badcausalbob,223
pong,ping,badcausalalice,120
ping,badcausalbob,224
pong,ping,badcausalcarl,105
ping,badcausalcarl,224
pong,ping,badcausalalice,119
ping,badcausalcarl,225
pong,ping,badcausalalice,120
ping,badcausalcarl,226
pong,ping,badcausalbob,112
ping,badcausalcarl,227
pong,ping,badcausalbob,113
ping,badcausalcarl,228
pong,ping,badcausalalice,121
ping,badcausalalice,246
pong,ping,badcausalcarl,122
ping,badcausalalice,247
pong,ping,badcausalcarl,123
ping,badcausalcarl,229
pong,ping,badcausalalice,122
ping,badcausalcarl,230
pong,ping,badcausalalice,123
ping,badcausalcarl,231
pong,ping,badcausalalice,124
ping,badcausalbob,225
pong,ping,badcausalcarl,106
ping,badcausalbob,226
pong,ping,badcausalalice,121
ping,badcausalbob,227
pong,ping,badcausalalice,122
ping,badcausalbob,228
pong,ping,badcausalalice,123
ping,badcausalcarl,232
ping,badcausalalice,248
pong,ping,badcausalalice,125
pong,ping,badcausalcarl,124
ping,badcausalbob,229
pong,ping,badcausalalice,124
ping,badcausalbob,230
pong,ping,badcausalalice,125
ping,badcausalbob,231
pong,ping,badcausalalice,126
ping,badcausalbob,232
pong,ping,badcausalalice,127
ping,badcausalbob,233
pong,ping,badcausalalice,128
ping,badcausalcarl,233
pong,ping,badcausalalice,126
ping,badcausalalice,249
pong,ping,badcausalbob,125
ping,badcausalbob,234
pong,ping,badcausalcarl,107
ping,badcausalcarl,234
ping,badcausalalice,250
pong,ping,badcausalcarl,125
pong,ping,badcausalalice,127
ping,badcausalalice,251
ping,badcausalcarl,235
pong,ping,badcausalcarl,126
pong,ping,badcausalalice,128
ping,badcausalbob,235
pong,ping,badcausalcarl,108
ping,badcausalbob,236
pong,ping,badcausalcarl,109
ping,badcausalalice,252
pong,ping,badcausalcarl,127
ping,badcausalcarl,236
pong,ping,badcausalbob,114
ping,badcausalbob,237
pong,ping,badcausalcarl,110
ping,badcausalbob,238
pong,ping,badcausalcarl,111
ping,badcausalbob,239
pong,ping,badcausalalice,129
ping,badcausalbob,240
pong,ping,badcausalalice,130
ping,badcausalalice,253
pong,ping,badcausalcarl,128
ping,badcausalalice,254
pong,ping,badcausalcarl,129
ping,badcausalcarl,237
pong,ping,badcausalbob,115
ping,badcausalcarl,238
pong,ping,badcausalbob,116
ping,badcausalcarl,239
pong,ping,badcausalbob,117
ping,badcausalbob,241
pong,ping,badcausalcarl,112
ping,badcausalbob,242
pong,ping,badcausalcarl,113
ping,badcausalbob,243
pong,ping,badcausalcarl,114
ping,badcausalbob,244
pong,ping,badcausalcarl,115
ping,badcausalbob,245
pong,ping,badcausalcarl,116
ping,badcausalbob,246
pong,ping,badcausalcarl,117
ping,badcausalbob,247
pong,ping,badcausalcarl,118
ping,badcausalbob,248
pong,ping,badcausalcarl,119
ping,badcausalbob,249
pong,ping,badcausalcarl,120
ping,badcausalbob,250
pong,ping,badcausalcarl,121
ping,badcausalbob,251
pong,ping,badcausalalice,131
ping,badcausalbob,252
pong,ping,badcausalalice,132
ping,badcausalalice,255
pong,ping,badcausalbob,126
ping,badcausalalice,256
pong,ping,badcausalbob,127
ping,badcausalcarl,240
pong,ping,badcausalbob,118
ping,badcausalcarl,241
pong,ping,badcausalbob,119
ping,badcausalbob,253
pong,ping,badcausalalice,133
ping,badcausalbob,254
pong,ping,badcausalcarl,122
ping,badcausalbob,255
pong,ping,badcausalcarl,123
ping,badcausalalice,257
pong,ping,badcausalcarl,130
ping,badcausalalice,258
pong,ping,badcausalcarl,131
ping,badcausalcarl,242
pong,ping,badcausalbob,120
ping,badcausalcarl,243
pong,ping,badcausalbob,121
ping,badcausalcarl,244
pong,ping,badcausalalice,129
ping,badcausalcarl,245
pong,ping,badcausalalice,130
ping,badcausalbob,256
pong,ping,badcausalcarl,124
ping,badcausalalice,259
pong,ping,badcausalbob,128
ping,badcausalalice,260
pong,ping,badcausalcarl,132
ping,badcausalcarl,246
pong,ping,badcausalbob,122
ping,badcausalcarl,247
pong,ping,badcausalbob,123
ping,badcausalcarl,248
pong,ping,badcausalalice,131
ping,badcausalbob,257
pong,ping,badcausalalice,134
ping,badcausalalice,261
pong,ping,badcausalcarl,133
ping,badcausalalice,262
pong,ping,badcausalcarl,134
ping,badcausalcarl,249
pong,ping,badcausalalice,132
ping,badcausalcarl,250
pong,ping,badcausalalice,133
ping,badcausalcarl,251
pong,ping,badcausalbob,124
ping,badcausalcarl,252
pong,ping,badcausalalice,134
ping,badcausalcarl,253
pong,ping,badcausalbob,125
ping,badcausalcarl,254
pong,ping,badcausalalice,135
ping,badcausalcarl,255
pong,ping,badcausalbob,126
ping,badcausalcarl,256
pong,ping,badcausalbob,127
ping,badcausalcarl,257
pong,ping,badcausalalice,136
ping,badcausalcarl,258
pong,ping,badcausalalice,137
ping,badcausalcarl,259
pong,ping,badcausalalice,138
ping,badcausalcarl,260
pong,ping,badcausalalice,139
ping,badcausalcarl,261
pong,ping,badcausalalice,140
ping,badcausalbob,258
pong,ping,badcausalcarl,125
ping,badcausalbob,259
pong,ping,badcausalcarl,126
ping,badcausalalice,263
pong,ping,badcausalcarl,135
ping,badcausalalice,264
pong,ping,badcausalbob,129
ping,badcausalalice,265
pong,ping,badcausalcarl,136
ping,badcausalalice,266
pong,ping,badcausalcarl,137
ping,badcausalcarl,262
pong,ping,badcausalalice,141
ping,badcausalcarl,263
pong,ping,badcausalalice,142
ping,badcausalbob,260
pong,ping,badcausalcarl,127
ping,badcausalcarl,264
pong,ping,badcausalalice,143
ping,badcausalalice,267
pong,ping,badcausalcarl,138
ping,badcausalcarl,265
ping,badcausalalice,268
pong,ping,badcausalalice,144
ping,badcausalcarl,266
pong,ping,badcausalcarl,139
pong,ping,badcausalbob,128
ping,badcausalbob,261
pong,ping,badcausalalice,135
ping,badcausalcarl,267
pong,ping,badcausalalice,145
ping,badcausalalice,269
pong,ping,badcausalcarl,140
ping,badcausalbob,262
pong,ping,badcausalcarl,128
ping,badcausalbob,263
pong,ping,badcausalcarl,129
ping,badcausalcarl,268
pong,ping,badcausalalice,146
ping,badcausalalice,270
pong,ping,badcausalcarl,141
ping,badcausalalice,271
pong,ping,badcausalcarl,142
ping,badcausalalice,272
pong,ping,badcausalbob,130
ping,badcausalbob,264
pong,ping,badcausalcarl,130
ping,badcausalbob,265
pong,ping,badcausalalice,136
ping,badcausalbob,266
pong,ping,badcausalcarl,131
ping,badcausalbob,267
pong,ping,badcausalalice,137
ping,badcausalbob,268
pong,ping,badcausalalice,138
ping,badcausalcarl,269
pong,ping,badcausalalice,147
ping,badcausalalice,273
pong,ping,badcausalbob,131
ping,badcausalbob,269
pong,ping,badcausalalice,139
ping,badcausalbob,270
pong,ping,badcausalalice,140
ping,badcausalbob,271
pong,ping,badcausalalice,141
ping,badcausalbob,272
pong,ping,badcausalalice,142
ping,badcausalbob,273
pong,ping,badcausalalice,143
ping,badcausalcarl,270
pong,ping,badcausalbob,129
ping,badcausalcarl,271
pong,ping,badcausalalice,148
ping,badcausalcarl,272
pong,ping,badcausalalice,149
ping,badcausalcarl,273
pong,ping,badcausalalice,150
ping,badcausalcarl,274
pong,ping,badcausalalice,151
ping,badcausalalice,274
pong,ping,badcausalbob,132
ping,badcausalbob,274
pong,ping,badcausalalice,144
ping,badcausalbob,275
pong,ping,badcausalcarl,132
ping,badcausalalice,275
pong,ping,badcausalbob,133
ping,badcausalcarl,275
ping,badcausalalice,276
pong,ping,badcausalbob,134
pong,ping,badcausalalice,152
ping,badcausalcarl,276
pong,ping,badcausalalice,153
ping,badcausalbob,276
pong,ping,badcausalcarl,133
ping,badcausalbob,277
pong,ping,badcausalcarl,134
ping,badcausalbob,278
pong,ping,badcausalcarl,135
ping,badcausalalice,277
pong,ping,badcausalbob,135
ping,badcausalcarl,277
pong,ping,badcausalalice,154
ping,badcausalcarl,278
pong,ping,badcausalalice,155
ping,badcausalcarl,279
pong,ping,badcausalalice,156
ping,badcausalbob,279
pong,ping,badcausalalice,145
ping,badcausalalice,278
pong,ping,badcausalcarl,143
ping,badcausalalice,279
ping,badcausalcarl,280
pong,ping,badcausalbob,130
ping,badcausalcarl,281
pong,ping,badcausalbob,131
pong,ping,badcausalbob,136
ping,badcausalcarl,282
ping,badcausalalice,280
pong,ping,badcausalbob,132
pong,ping,badcausalbob,137
ping,badcausalalice,281
pong,ping,badcausalcarl,144
ping,badcausalalice,282
pong,ping,badcausalcarl,145
ping,badcausalalice,283
pong,ping,badcausalcarl,146
ping,badcausalbob,280
pong,ping,badcausalalice,146
ping,badcausalbob,281
pong,ping,badcausalalice,147
ping,badcausalalice,284
pong,ping,badcausalbob,138
ping,badcausalcarl,283
pong,ping,badcausalbob,133
ping,badcausalcarl,284
pong,ping,badcausalbob,134
ping,badcausalcarl,285
pong,ping,badcausalbob,135
ping,badcausalcarl,286
pong,ping,badcausalalice,157
ping,badcausalcarl,287
pong,ping,badcausalalice,158
ping,badcausalcarl,288
pong,ping,badcausalalice,159
ping,badcausalcarl,289
pong,ping,badcausalalice,160
ping,badcausalcarl,290
pong,ping,badcausalalice,161
ping,badcausalcarl,291
pong,ping,badcausalbob,136
ping,badcausalcarl,292
pong,ping,badcausalbob,137
ping,badcausalcarl,293
pong,ping,badcausalalice,162
ping,badcausalcarl,294
pong,ping,badcausalbob,138
ping,badcausalcarl,295
pong,ping,badcausalbob,139
ping,badcausalcarl,296
pong,ping,badcausalbob,140
ping,badcausalbob,282
pong,ping,badcausalcarl,136
ping,badcausalbob,283
pong,ping,badcausalcarl,137
ping,badcausalalice,285
pong,ping,badcausalbob,139
ping,badcausalalice,286
pong,ping,badcausalbob,140
ping,badcausalalice,287
pong,ping,badcausalbob,141
ping,badcausalcarl,297
pong,ping,badcausalbob,141
ping,badcausalcarl,298
pong,ping,badcausalalice,163
ping,badcausalcarl,299
pong,ping,badcausalalice,164
ping,badcausalbob,284
pong,ping,badcausalcarl,138
ping,badcausalalice,288
pong,ping,badcausalcarl,147
ping,badcausalalice,289
pong,ping,badcausalbob,142
ping,badcausalcarl,300
pong,ping,badcausalbob,142
ping,badcausalcarl,301
pong,ping,badcausalalice,165
ping,badcausalbob,285
pong,ping,badcausalalice,148
ping,badcausalbob,286
pong,ping,badcausalalice,149
ping,badcausalbob,287
pong,ping,badcausalalice,150
ping,badcausalbob,288
pong,ping,badcausalalice,151
ping,badcausalbob,289
pong,ping,badcausalalice,152
ping,badcausalbob,290
pong,ping,badcausalcarl,139
ping,badcausalalice,290
pong,ping,badcausalcarl,148
ping,badcausalalice,291
pong,ping,badcausalcarl,149
ping,badcausalalice,292
pong,ping,badcausalcarl,150
ping,badcausalalice,293
pong,ping,badcausalcarl,151
ping,badcausalcarl,302
pong,ping,badcausalalice,166
ping,badcausalbob,291
pong,ping,badcausalcarl,140
ping,badcausalalice,294
pong,ping,badcausalcarl,152
ping,badcausalalice,295
pong,ping,badcausalbob,143
ping,badcausalcarl,303
pong,ping,badcausalalice,167
ping,badcausalcarl,304
pong,ping,badcausalalice,168
ping,badcausalbob,292
pong,ping,badcausalalice,153
ping,badcausalcarl,305
pong,ping,badcausalbob,143
ping,badcausalalice,296
pong,ping,badcausalcarl,153
ping,badcausalalice,297
pong,ping,badcausalcarl,154
ping,badcausalbob,293
pong,ping,badcausalcarl,141
ping,badcausalbob,294
pong,ping,badcausalalice,154
ping,badcausalbob,295
pong,ping,badcausalcarl,142
ping,badcausalcarl,306
pong,ping,badcausalalice,169
ping,badcausalalice,298
pong,ping,badcausalcarl,155
ping,badcausalalice,299
pong,ping,badcausalcarl,156
ping,badcausalalice,300
pong,ping,badcausalcarl,157
ping,badcausalalice,301
pong,ping,badcausalbob,144
ping,badcausalalice,302
pong,ping,badcausalbob,145
ping,badcausalcarl,307
pong,ping,badcausalalice,170
ping,badcausalcarl,308
pong,ping,badcausalbob,144
ping,badcausalcarl,309
pong,ping,badcausalbob,145
ping,badcausalalice,303
pong,ping,badcausalbob,146
ping,badcausalcarl,310
ping,badcausalbob,296
pong,ping,badcausalbob,146
ping,badcausalalice,304
pong,ping,badcausalcarl,158
ping,badcausalcarl,311
pong,ping,badcausalalice,155
ping,badcausalalice,305
pong,ping,badcausalalice,171
ping,badcausalbob,297
pong,ping,badcausalcarl,159
ping,badcausalcarl,312
pong,ping,badcausalalice,156
ping,badcausalalice,306
pong,ping,badcausalbob,147
ping,badcausalbob,298
pong,ping,badcausalcarl,160
ping,badcausalcarl,313
pong,ping,badcausalcarl,143
ping,badcausalalice,307
pong,ping,badcausalbob,148
ping,badcausalbob,299
pong,ping,badcausalcarl,161
ping,badcausalcarl,314
pong,ping,badcausalalice,157
ping,badcausalalice,308
pong,ping,badcausalalice,172
ping,badcausalbob,300
pong,ping,badcausalcarl,162
ping,badcausalcarl,315
pong,ping,badcausalalice,158
ping,badcausalalice,309
pong,ping,badcausalalice,173
ping,badcausalbob,301
pong,ping,badcausalcarl,163
ping,badcausalcarl,316
pong,ping,badcausalalice,159
ping,badcausalalice,310
pong,ping,badcausalbob,149
ping,badcausalbob,302
pong,ping,badcausalcarl,164
ping,badcausalcarl,317
pong,ping,badcausalalice,160
ping,badcausalalice,311
pong,ping,badcausalbob,150
ping,badcausalbob,303
pong,ping,badcausalcarl,165
ping,badcausalcarl,318
pong,ping,badcausalalice,161
ping,badcausalalice,312
pong,ping,badcausalalice,174
ping,badcausalbob,304
pong,ping,badcausalcarl,166
ping,badcausalcarl,319
pong,ping,badcausalcarl,144
ping,badcausalalice,313
pong,ping,badcausalbob,151
ping,badcausalbob,305
pong,ping,badcausalcarl,167
ping,badcausalcarl,320
pong,ping,badcausalcarl,145
ping,badcausalalice,314
pong,ping,badcausalalice,175
ping,badcausalbob,306
pong,ping,badcausalcarl,168
ping,badcausalcarl,321
pong,ping,badcausalcarl,146
ping,badcausalalice,315
pong,ping,badcausalalice,176
ping,badcausalbob,307
pong,ping,badcausalcarl,169
ping,badcausalcarl,322
pong,ping,badcausalalice,162
ping,badcausalalice,316
pong,ping,badcausalalice,177
ping,badcausalbob,308
pong,ping,badcausalbob,147
ping,badcausalcarl,323
pong,ping,badcausalcarl,147
ping,badcausalalice,317
pong,ping,badcausalbob,152
ping,badcausalbob,309
pong,ping,badcausalbob,148
ping,badcausalcarl,324
pong,ping,badcausalalice,163
ping,badcausalalice,318
pong,ping,badcausalalice,178
ping,badcausalbob,310
pong,ping,badcausalcarl,170
ping,badcausalcarl,325
pong,ping,badcausalalice,164
ping,badcausalalice,319
pong,ping,badcausalalice,179
ping,badcausalbob,311
pong,ping,badcausalbob,149
ping,badcausalcarl,326
pong,ping,badcausalcarl,148
ping,badcausalalice,320
pong,ping,badcausalalice,180
ping,badcausalbob,312
pong,ping,badcausalbob,150
ping,badcausalcarl,327
pong,ping,badcausalcarl,149
ping,badcausalalice,321
pong,ping,badcausalalice,181
ping,badcausalbob,313
pong,ping,badcausalcarl,171
ping,badcausalcarl,328
pong,ping,badcausalcarl,150
ping,badcausalalice,322
pong,ping,badcausalalice,182
ping,badcausalbob,314
pong,ping,badcausalcarl,172
ping,badcausalcarl,329
pong,ping,badcausalcarl,151
ping,badcausalalice,323
pong,ping,badcausalalice,183
ping,badcausalbob,315
pong,ping,badcausalcarl,173
ping,badcausalcarl,330
pong,ping,badcausalcarl,152
ping,badcausalalice,324
pong,ping,badcausalalice,184
ping,badcausalbob,316
pong,ping,badcausalbob,151
ping,badcausalcarl,331
pong,ping,badcausalalice,165
ping,badcausalalice,325
pong,ping,badcausalbob,153
ping,badcausalbob,317
pong,ping,badcausalcarl,174
ping,badcausalcarl,332
pong,ping,badcausalalice,166
ping,badcausalalice,326
pong,ping,badcausalbob,154
ping,badcausalbob,318
pong,ping,badcausalbob,152
ping,badcausalcarl,333
pong,ping,badcausalalice,167
ping,badcausalalice,327
pong,ping,badcausalalice,185
ping,badcausalbob,319
pong,ping,badcausalcarl,175
ping,badcausalcarl,334
pong,ping,badcausalalice,168
ping,badcausalalice,328
pong,ping,badcausalalice,186
ping,badcausalbob,320
pong,ping,badcausalcarl,176
ping,badcausalcarl,335
pong,ping,badcausalcarl,153
ping,badcausalalice,329
pong,ping,badcausalalice,187
ping,badcausalbob,321
pong,ping,badcausalcarl,177
ping,badcausalcarl,336
pong,ping,badcausalcarl,154
ping,badcausalalice,330
pong,ping,badcausalbob,155
ping,badcausalbob,322
pong,ping,badcausalcarl,178
ping,badcausalcarl,337
pong,ping,badcausalalice,169
ping,badcausalalice,331
pong,ping,badcausalbob,156
ping,badcausalbob,323
pong,ping,badcausalbob,153
ping,badcausalcarl,338
pong,ping,badcausalalice,170
ping,badcausalalice,332
pong,ping,badcausalalice,188
ping,badcausalbob,324
pong,ping,badcausalbob,154
ping,badcausalcarl,339
pong,ping,badcausalcarl,155
ping,badcausalalice,333
pong,ping,badcausalalice,189
ping,badcausalbob,325
pong,ping,badcausalcarl,179
ping,badcausalcarl,340
pong,ping,badcausalcarl,156
ping,badcausalalice,334
pong,ping,badcausalalice,190
ping,badcausalbob,326
pong,ping,badcausalcarl,180
ping,badcausalcarl,341
pong,ping,badcausalcarl,157
ping,badcausalalice,335
pong,ping,badcausalalice,191
ping,badcausalbob,327
pong,ping,badcausalbob,155
ping,badcausalcarl,342
pong,ping,badcausalalice,171
ping,badcausalalice,336
pong,ping,badcausalalice,192
ping,badcausalbob,328
pong,ping,badcausalbob,156
ping,badcausalcarl,343
pong,ping,badcausalcarl,158
ping,badcausalalice,337
pong,ping,badcausalalice,193
ping,badcausalbob,329
pong,ping,badcausalcarl,181
ping,badcausalcarl,344
pong,ping,badcausalcarl,159
ping,badcausalalice,338
pong,ping,badcausalalice,194
ping,badcausalbob,330
pong,ping,badcausalbob,157
ping,badcausalcarl,345
pong,ping,badcausalcarl,160
ping,badcausalalice,339
pong,ping,badcausalalice,195
ping,badcausalbob,331
pong,ping,badcausalbob,158
ping,badcausalcarl,346
pong,ping,badcausalcarl,161
ping,badcausalalice,340
pong,ping,badcausalbob,157
ping,badcausalbob,332
pong,ping,badcausalbob,159
ping,badcausalcarl,347
pong,ping,badcausalcarl,162
ping,badcausalalice,341
pong,ping,badcausalbob,158
ping,badcausalbob,333
pong,ping,badcausalbob,160
ping,badcausalcarl,348
pong,ping,badcausalcarl,163
ping,badcausalalice,342
pong,ping,badcausalbob,159
ping,badcausalbob,334
pong,ping,badcausalbob,161
ping,badcausalcarl,349
pong,ping,badcausalcarl,164
ping,badcausalalice,343
pong,ping,badcausalbob,160
ping,badcausalbob,335
pong,ping,badcausalbob,162
ping,badcausalcarl,350
pong,ping,badcausalcarl,165
ping,badcausalalice,344
pong,ping,badcausalbob,161
ping,badcausalbob,336
pong,ping,badcausalbob,163
ping,badcausalcarl,351
pong,ping,badcausalcarl,166
ping,badcausalalice,345
pong,ping,badcausalbob,162
ping,badcausalbob,337
pong,ping,badcausalbob,164
ping,badcausalcarl,352
pong,ping,badcausalcarl,167
ping,badcausalalice,346
pong,ping,badcausalbob,163
ping,badcausalbob,338
pong,ping,badcausalbob,165
ping,badcausalcarl,353
pong,ping,badcausalcarl,168
ping,badcausalalice,347
pong,ping,badcausalbob,164
ping,badcausalbob,339
pong,ping,badcausalbob,166
ping,badcausalcarl,354
pong,ping,badcausalcarl,169
ping,badcausalalice,348
pong,ping,badcausalbob,165
ping,badcausalbob,340
pong,ping,badcausalcarl,182
ping,badcausalcarl,355
pong,ping,badcausalalice,172
ping,badcausalalice,349
pong,ping,badcausalbob,166
ping,badcausalbob,341
pong,ping,badcausalbob,167
ping,badcausalcarl,356
pong,ping,badcausalalice,173
ping,badcausalalice,350
pong,ping,badcausalalice,196
ping,badcausalbob,342
pong,ping,badcausalbob,168
ping,badcausalcarl,357
pong,ping,badcausalcarl,170
ping,badcausalalice,351
pong,ping,badcausalbob,167
ping,badcausalbob,343
pong,ping,badcausalbob,169
ping,badcausalcarl,358
pong,ping,badcausalalice,174
ping,badcausalalice,352
pong,ping,badcausalbob,168
ping,badcausalbob,344
pong,ping,badcausalcarl,183
ping,badcausalcarl,359
pong,ping,badcausalcarl,171
ping,badcausalalice,353
pong,ping,badcausalbob,169
ping,badcausalbob,345
pong,ping,badcausalcarl,184
ping,badcausalcarl,360
pong,ping,badcausalcarl,172
ping,badcausalalice,354
pong,ping,badcausalalice,197
ping,badcausalbob,346
pong,ping,badcausalbob,170
ping,badcausalcarl,361
pong,ping,badcausalcarl,173
ping,badcausalalice,355
pong,ping,badcausalalice,198
ping,badcausalbob,347
pong,ping,badcausalbob,171
ping,badcausalcarl,362
pong,ping,badcausalalice,175
ping,badcausalalice,356
pong,ping,badcausalalice,199
ping,badcausalbob,348
pong,ping,badcausalbob,172
ping,badcausalcarl,363
pong,ping,badcausalalice,176
ping,badcausalalice,357
pong,ping,badcausalalice,200
ping,badcausalbob,349
pong,ping,badcausalcarl,185
ping,badcausalcarl,364
pong,ping,badcausalalice,177
ping,badcausalalice,358
pong,ping,badcausalalice,201
ping,badcausalbob,350
pong,ping,badcausalbob,173
ping,badcausalcarl,365
pong,ping,badcausalcarl,174
ping,badcausalalice,359
pong,ping,badcausalalice,202
ping,badcausalbob,351
pong,ping,badcausalcarl,186
ping,badcausalcarl,366
pong,ping,badcausalalice,178
ping,badcausalalice,360
pong,ping,badcausalalice,203
ping,badcausalbob,352
pong,ping,badcausalcarl,187
ping,badcausalcarl,367
pong,ping,badcausalcarl,175
ping,badcausalalice,361
pong,ping,badcausalbob,170
ping,badcausalbob,353
pong,ping,badcausalcarl,188
ping,badcausalcarl,368
pong,ping,badcausalcarl,176
ping,badcausalalice,362
pong,ping,badcausalbob,171
ping,badcausalbob,354
pong,ping,badcausalcarl,189
ping,badcausalcarl,369
pong,ping,badcausalalice,179
ping,badcausalalice,363
pong,ping,badcausalbob,172
ping,badcausalbob,355
pong,ping,badcausalbob,174
ping,badcausalcarl,370
pong,ping,badcausalcarl,177
ping,badcausalalice,364
pong,ping,badcausalalice,204
ping,badcausalbob,356
pong,ping,badcausalbob,175
ping,badcausalcarl,371
pong,ping,badcausalalice,180
ping,badcausalalice,365
pong,ping,badcausalalice,205
ping,badcausalbob,357
pong,ping,badcausalcarl,190
ping,badcausalcarl,372
pong,ping,badcausalcarl,178
ping,badcausalalice,366
pong,ping,badcausalbob,173
ping,badcausalbob,358
pong,ping,badcausalcarl,191
ping,badcausalcarl,373
pong,ping,badcausalalice,181
ping,badcausalalice,367
pong,ping,badcausalalice,206
ping,badcausalbob,359
pong,ping,badcausalcarl,192
ping,badcausalcarl,374
pong,ping,badcausalalice,182
ping,badcausalalice,368
pong,ping,badcausalalice,207
ping,badcausalbob,360
pong,ping,badcausalbob,176
ping,badcausalcarl,375
pong,ping,badcausalalice,183
ping,badcausalalice,369
pong,ping,badcausalalice,208
ping,badcausalbob,361
pong,ping,badcausalbob,177
ping,badcausalcarl,376
pong,ping,badcausalalice,184
ping,badcausalalice,370
pong,ping,badcausalalice,209
ping,badcausalbob,362
pong,ping,badcausalbob,178
ping,badcausalcarl,377
pong,ping,badcausalcarl,179
ping,badcausalalice,371
pong,ping,badcausalalice,210
ping,badcausalbob,363
pong,ping,badcausalcarl,193
ping,badcausalcarl,378
pong,ping,badcausalcarl,180
ping,badcausalalice,372
pong,ping,badcausalalice,211
ping,badcausalbob,364
pong,ping,badcausalcarl,194
ping,badcausalcarl,379
pong,ping,badcausalalice,185
ping,badcausalalice,373
pong,ping,badcausalbob,174
ping,badcausalbob,365
pong,ping,badcausalbob,179
ping,badcausalcarl,380
pong,ping,badcausalalice,186
ping,badcausalalice,374
pong,ping,badcausalbob,175
ping,badcausalbob,366
pong,ping,badcausalcarl,195
ping,badcausalcarl,381
pong,ping,badcausalalice,187
ping,badcausalalice,375
pong,ping,badcausalalice,212
ping,badcausalbob,367
pong,ping,badcausalbob,180
ping,badcausalcarl,382
pong,ping,badcausalcarl,181
ping,badcausalalice,376
pong,ping,badcausalbob,176
ping,badcausalbob,368
pong,ping,badcausalcarl,196
ping,badcausalcarl,383
pong,ping,badcausalalice,188
ping,badcausalalice,377
pong,ping,badcausalbob,177
ping,badcausalbob,369
pong,ping,badcausalbob,181
ping,badcausalcarl,384
pong,ping,badcausalalice,189
ping,badcausalalice,378
pong,ping,badcausalbob,178
ping,badcausalbob,370
pong,ping,badcausalbob,182
ping,badcausalcarl,385
pong,ping,badcausalalice,190
ping,badcausalalice,379
pong,ping,badcausalalice,213
ping,badcausalbob,371
pong,ping,badcausalcarl,197
ping,badcausalcarl,386
pong,ping,badcausalalice,191
ping,badcausalalice,380
pong,ping,badcausalalice,214
ping,badcausalbob,372
pong,ping,badcausalcarl,198
ping,badcausalcarl,387
pong,ping,badcausalalice,192
ping,badcausalalice,381
pong,ping,badcausalalice,215
ping,badcausalbob,373
pong,ping,badcausalcarl,199
ping,badcausalcarl,388
pong,ping,badcausalalice,193
ping,badcausalalice,382
pong,ping,badcausalalice,216
ping,badcausalbob,374
pong,ping,badcausalcarl,200
ping,badcausalcarl,389
pong,ping,badcausalalice,194
ping,badcausalalice,383
pong,ping,badcausalalice,217
ping,badcausalbob,375
pong,ping,badcausalcarl,201
ping,badcausalcarl,390
pong,ping,badcausalalice,195
ping,badcausalalice,384
pong,ping,badcausalalice,218
ping,badcausalbob,376
pong,ping,badcausalcarl,202
ping,badcausalcarl,391
pong,ping,badcausalcarl,182
ping,badcausalalice,385
pong,ping,badcausalalice,219
ping,badcausalbob,377
pong,ping,badcausalcarl,203
ping,badcausalcarl,392
pong,ping,badcausalalice,196
ping,badcausalalice,386
pong,ping,badcausalalice,220
ping,badcausalbob,378
pong,ping,badcausalcarl,204
ping,badcausalcarl,393
pong,ping,badcausalcarl,183
ping,badcausalalice,387
pong,ping,badcausalalice,221
ping,badcausalbob,379
pong,ping,badcausalcarl,205
ping,badcausalcarl,394
pong,ping,badcausalcarl,184
ping,badcausalalice,388
pong,ping,badcausalalice,222
ping,badcausalbob,380
pong,ping,badcausalcarl,206
ping,badcausalcarl,395
pong,ping,badcausalalice,197
ping,badcausalalice,389
pong,ping,badcausalalice,223
ping,badcausalbob,381
pong,ping,badcausalcarl,207
ping,badcausalcarl,396
pong,ping,badcausalalice,198
ping,badcausalalice,390
pong,ping,badcausalbob,179
ping,badcausalbob,382
pong,ping,badcausalbob,183
ping,badcausalcarl,397
pong,ping,badcausalalice,199
ping,badcausalalice,391
pong,ping,badcausalalice,224
ping,badcausalbob,383
pong,ping,badcausalbob,184
ping,badcausalcarl,398
pong,ping,badcausalalice,200
ping,badcausalalice,392
pong,ping,badcausalalice,225
ping,badcausalbob,384
pong,ping,badcausalcarl,208
ping,badcausalcarl,399
pong,ping,badcausalalice,201
ping,badcausalalice,393
pong,ping,badcausalbob,180
ping,badcausalbob,385
pong,ping,badcausalbob,185
ping,badcausalcarl,400
pong,ping,badcausalalice,202
ping,badcausalalice,394
pong,ping,badcausalalice,226
ping,badcausalbob,386
pong,ping,badcausalbob,186
ping,badcausalcarl,401
pong,ping,badcausalalice,203
ping,badcausalalice,395
pong,ping,badcausalbob,181
ping,badcausalbob,387
pong,ping,badcausalbob,187
ping,badcausalcarl,402
pong,ping,badcausalcarl,185
ping,badcausalalice,396
pong,ping,badcausalbob,182
ping,badcausalbob,388
pong,ping,badcausalbob,188
ping,badcausalcarl,403
pong,ping,badcausalalice,204
ping,badcausalalice,397
pong,ping,badcausalalice,227
ping,badcausalbob,389
pong,ping,badcausalcarl,209
ping,badcausalcarl,404
pong,ping,badcausalalice,205
ping,badcausalalice,398
pong,ping,badcausalbob,183
ping,badcausalbob,390
pong,ping,badcausalcarl,210
ping,badcausalcarl,405
pong,ping,badcausalcarl,186
ping,badcausalalice,399
pong,ping,badcausalbob,184
ping,badcausalbob,391
pong,ping,badcausalcarl,211
ping,badcausalcarl,406
pong,ping,badcausalcarl,187
ping,badcausalalice,400
pong,ping,badcausalalice,228
ping,badcausalbob,392
pong,ping,badcausalcarl,212
ping,badcausalcarl,407
pong,ping,badcausalcarl,188
ping,badcausalalice,401
pong,ping,badcausalbob,185
ping,badcausalbob,393
pong,ping,badcausalcarl,213
ping,badcausalcarl,408
pong,ping,badcausalcarl,189
ping,badcausalalice,402
pong,ping,badcausalbob,186
ping,badcausalbob,394
pong,ping,badcausalbob,189
ping,badcausalcarl,409
pong,ping,badcausalalice,206
ping,badcausalalice,403
pong,ping,badcausalbob,187
ping,badcausalbob,395
pong,ping,badcausalbob,190
ping,badcausalcarl,410
pong,ping,badcausalalice,207
ping,badcausalalice,404
pong,ping,badcausalbob,188
ping,badcausalbob,396
pong,ping,badcausalbob,191
ping,badcausalcarl,411
pong,ping,badcausalalice,208
ping,badcausalalice,405
pong,ping,badcausalalice,229
ping,badcausalbob,397
pong,ping,badcausalbob,192
ping,badcausalcarl,412
pong,ping,badcausalalice,209
ping,badcausalalice,406
pong,ping,badcausalbob,189
ping,badcausalbob,398
pong,ping,badcausalbob,193
ping,badcausalcarl,413
pong,ping,badcausalalice,210
ping,badcausalalice,407
pong,ping,badcausalbob,190
ping,badcausalbob,399
