ping,badcausalbob,1
pong,ping,badcausalbob,1
ping,badcausalalice,2
pong,ping,badcausalalice,2
ping,badcausalbob,2
pong,ping,badcausalbob,2
ping,badcausalalice,3
pong,ping,badcausalalice,3
ping,badcausalbob,3
pong,ping,badcausalbob,3
ping,badcausalcarl,1
pong,ping,badcausalcarl,1
ping,badcausalbob,4
pong,ping,badcausalbob,4
ping,badcausalalice,4
pong,ping,badcausalcarl,1
pong,ping,badcausalalice,4
ping,badcausalbob,5
ping,badcausalcarl,2
pong,ping,badcausalcarl,2
ping,badcausalbob,6
pong,ping,badcausalalice,4
ping,badcausalcarl,3
pong,ping,badcausalbob,5
ping,badcausalcarl,4
pong,ping,badcausalbob,6
pong,ping,badcausalcarl,3
ping,badcausalbob,7
ping,badcausalcarl,5
pong,ping,badcausalcarl,4
pong,ping,badcausalbob,7
ping,badcausalcarl,6
ping,badcausalalice,5
pong,ping,badcausalalice,5
ping,badcausalcarl,7
pong,ping,badcausalbob,4
ping,badcausalalice,6
pong,ping,badcausalbob,5
ping,badcausalalice,7
pong,ping,badcausalalice,6
ping,badcausalcarl,8
pong,ping,badcausalcarl,2
pong,ping,badcausalalice,7
ping,badcausalbob,8
pong,ping,badcausalcarl,5
ping,badcausalalice,8
pong,ping,badcausalbob,6
ping,badcausalalice,9
pong,ping,badcausalcarl,3
ping,badcausalcarl,9
pong,ping,badcausalbob,8
ping,badcausalbob,9
pong,ping,badcausalcarl,6
ping,badcausalbob,10
pong,ping,badcausalalice,5
ping,badcausalalice,10
ping,badcausalcarl,10
pong,ping,badcausalalice,8
pong,ping,badcausalcarl,4
ping,badcausalalice,11
pong,ping,badcausalcarl,5
ping,badcausalalice,12
pong,ping,badcausalbob,7
ping,badcausalbob,11
pong,ping,badcausalcarl,7
ping,badcausalalice,13
pong,ping,badcausalcarl,6
ping,badcausalalice,14
ping,badcausalcarl,11
pong,ping,badcausalalice,9
pong,ping,badcausalcarl,7
ping,badcausalcarl,12
pong,ping,badcausalbob,9
ping,badcausalalice,15
ping,badcausalcarl,13
pong,ping,badcausalcarl,8
pong,ping,badcausalbob,10
ping,badcausalcarl,14
pong,ping,badcausalalice,10
ping,badcausalbob,12
pong,ping,badcausalalice,6
ping,badcausalbob,13
pong,ping,badcausalalice,7
ping,badcausalbob,14
pong,ping,badcausalcarl,8
ping,badcausalbob,15
pong,ping,badcausalalice,8
ping,badcausalbob,16
pong,ping,badcausalalice,9
ping,badcausalalice,16
pong,ping,badcausalbob,8
ping,badcausalalice,17
ping,badcausalcarl,15
pong,ping,badcausalcarl,9
pong,ping,badcausalalice,11
ping,badcausalbob,17
pong,ping,badcausalcarl,9
ping,badcausalbob,18
pong,ping,badcausalalice,10
ping,badcausalalice,18
ping,badcausalcarl,16
pong,ping,badcausalalice,12
pong,ping,badcausalbob,9
ping,badcausalcarl,17
pong,ping,badcausalbob,11
ping,badcausalbob,19
pong,ping,badcausalcarl,10
ping,badcausalcarl,18
pong,ping,badcausalalice,13
ping,badcausalalice,19
pong,ping,badcausalbob,10
ping,badcausalalice,20
pong,ping,badcausalcarl,10
ping,badcausalbob,20
pong,ping,badcausalalice,11
ping,badcausalbob,21
pong,ping,badcausalalice,12
ping,badcausalcarl,19
ping,badcausalalice,21
pong,ping,badcausalalice,14
ping,badcausalcarl,20
pong,ping,badcausalbob,11
ping,badcausalalice,22
pong,ping,badcausalcarl,11
ping,badcausalalice,23
pong,ping,badcausalalice,15
ping,badcausalcarl,21
pong,ping,badcausalbob,12
pong,ping,badcausalcarl,12
ping,badcausalcarl,22
pong,ping,badcausalbob,13
ping,badcausalbob,22
pong,ping,badcausalalice,13
ping,badcausalbob,23
pong,ping,badcausalalice,14
ping,badcausalbob,24
pong,ping,badcausalcarl,11
ping,badcausalbob,25
pong,ping,badcausalcarl,12
ping,badcausalbob,26
pong,ping,badcausalalice,15
ping,badcausalbob,27
pong,ping,badcausalcarl,13
ping,badcausalalice,24
pong,ping,badcausalcarl,13
ping,badcausalcarl,23
pong,ping,badcausalbob,14
ping,badcausalbob,28
pong,ping,badcausalcarl,14
ping,badcausalalice,25
ping,badcausalcarl,24
pong,ping,badcausalcarl,14
ping,badcausalalice,26
pong,ping,badcausalbob,15
pong,ping,badcausalbob,12
ping,badcausalbob,29
pong,ping,badcausalalice,16
ping,badcausalcarl,25
pong,ping,badcausalbob,16
ping,badcausalalice,27
pong,ping,badcausalbob,13
ping,badcausalalice,28
pong,ping,badcausalbob,14
ping,badcausalalice,29
pong,ping,badcausalbob,15
ping,badcausalbob,30
pong,ping,badcausalalice,17
ping,badcausalcarl,26
pong,ping,badcausalalice,16
ping,badcausalcarl,27
ping,badcausalalice,30
pong,ping,badcausalbob,16
pong,ping,badcausalalice,17
ping,badcausalcarl,28
pong,ping,badcausalbob,17
ping,badcausalcarl,29
pong,ping,badcausalbob,18
ping,badcausalcarl,30
pong,ping,badcausalalice,18
ping,badcausalcarl,31
pong,ping,badcausalbob,19
ping,badcausalcarl,32
pong,ping,badcausalalice,19
ping,badcausalcarl,33
pong,ping,badcausalalice,20
ping,badcausalcarl,34
pong,ping,badcausalbob,20
ping,badcausalcarl,35
pong,ping,badcausalbob,21
ping,badcausalcarl,36
pong,ping,badcausalalice,21
ping,badcausalcarl,37
pong,ping,badcausalalice,22
ping,badcausalbob,31
pong,ping,badcausalcarl,15
ping,badcausalbob,32
pong,ping,badcausalalice,18
ping,badcausalalice,31
pong,ping,badcausalcarl,15
ping,badcausalalice,32
pong,ping,badcausalbob,17
ping,badcausalcarl,38
pong,ping,badcausalalice,23
ping,badcausalbob,33
pong,ping,badcausalcarl,16
ping,badcausalalice,33
pong,ping,badcausalbob,18
ping,badcausalalice,34
pong,ping,badcausalcarl,16
ping,badcausalcarl,39
pong,ping,badcausalbob,22
ping,badcausalcarl,40
pong,ping,badcausalbob,23
ping,badcausalcarl,41
pong,ping,badcausalbob,24
ping,badcausalcarl,42
pong,ping,badcausalbob,25
ping,badcausalbob,34
pong,ping,badcausalcarl,17
ping,badcausalalice,35
pong,ping,badcausalcarl,17
ping,badcausalcarl,43
pong,ping,badcausalbob,26
ping,badcausalbob,35
pong,ping,badcausalcarl,18
ping,badcausalalice,36
pong,ping,badcausalbob,19
ping,badcausalalice,37
ping,badcausalcarl,44
pong,ping,badcausalcarl,18
pong,ping,badcausalbob,27
ping,badcausalalice,38
pong,ping,badcausalbob,20
ping,badcausalbob,36
pong,ping,badcausalalice,19
ping,badcausalbob,37
pong,ping,badcausalalice,20
ping,badcausalbob,38
pong,ping,badcausalcarl,19
ping,badcausalbob,39
pong,ping,badcausalalice,21
ping,badcausalbob,40
pong,ping,badcausalcarl,20
ping,badcausalcarl,45
pong,ping,badcausalalice,24
ping,badcausalcarl,46
ping,badcausalalice,39
pong,ping,badcausalbob,21
ping,badcausalalice,40
pong,ping,badcausalcarl,19
pong,ping,badcausalbob,28
ping,badcausalcarl,47
pong,ping,badcausalalice,25
ping,badcausalbob,41
pong,ping,badcausalalice,22
ping,badcausalbob,42
pong,ping,badcausalalice,23
ping,badcausalbob,43
pong,ping,badcausalcarl,21
ping,badcausalbob,44
pong,ping,badcausalcarl,22
ping,badcausalbob,45
pong,ping,badcausalalice,24
ping,badcausalbob,46
pong,ping,badcausalcarl,23
ping,badcausalalice,41
pong,ping,badcausalcarl,20
ping,badcausalcarl,48
pong,ping,badcausalalice,26
ping,badcausalbob,47
pong,ping,badcausalalice,25
ping,badcausalbob,48
pong,ping,badcausalcarl,24
ping,badcausalbob,49
pong,ping,badcausalalice,26
ping,badcausalbob,50
pong,ping,badcausalcarl,25
ping,badcausalbob,51
pong,ping,badcausalalice,27
ping,badcausalalice,42
pong,ping,badcausalcarl,21
ping,badcausalcarl,49
pong,ping,badcausalbob,29
ping,badcausalalice,43
pong,ping,badcausalcarl,22
ping,badcausalalice,44
pong,ping,badcausalbob,22
ping,badcausalbob,52
pong,ping,badcausalalice,28
ping,badcausalalice,45
ping,badcausalcarl,50
pong,ping,badcausalalice,27
pong,ping,badcausalbob,23
ping,badcausalcarl,51
pong,ping,badcausalalice,28
ping,badcausalcarl,52
pong,ping,badcausalalice,29
ping,badcausalcarl,53
pong,ping,badcausalbob,30
ping,badcausalcarl,54
pong,ping,badcausalalice,30
ping,badcausalcarl,55
pong,ping,badcausalbob,31
ping,badcausalcarl,56
pong,ping,badcausalbob,32
ping,badcausalcarl,57
pong,ping,badcausalalice,31
ping,badcausalbob,53
pong,ping,badcausalalice,29
ping,badcausalbob,54
pong,ping,badcausalcarl,26
ping,badcausalbob,55
pong,ping,badcausalcarl,27
ping,badcausalbob,56
pong,ping,badcausalalice,30
ping,badcausalbob,57
pong,ping,badcausalcarl,28
ping,badcausalbob,58
pong,ping,badcausalcarl,29
ping,badcausalbob,59
pong,ping,badcausalcarl,30
ping,badcausalbob,60
pong,ping,badcausalcarl,31
ping,badcausalbob,61
pong,ping,badcausalcarl,32
ping,badcausalalice,46
pong,ping,badcausalbob,24
ping,badcausalcarl,58
pong,ping,badcausalalice,32
ping,badcausalcarl,59
pong,ping,badcausalbob,33
ping,badcausalcarl,60
pong,ping,badcausalalice,33
ping,badcausalbob,62
pong,ping,badcausalcarl,33
ping,badcausalalice,47
pong,ping,badcausalbob,25
ping,badcausalalice,48
pong,ping,badcausalbob,26
ping,badcausalalice,49
pong,ping,badcausalbob,27
ping,badcausalalice,50
pong,ping,badcausalcarl,23
ping,badcausalcarl,61
pong,ping,badcausalalice,34
ping,badcausalcarl,62
pong,ping,badcausalbob,34
ping,badcausalcarl,63
pong,ping,badcausalalice,35
ping,badcausalbob,63
pong,ping,badcausalcarl,34
ping,badcausalalice,51
pong,ping,badcausalbob,28
ping,badcausalalice,52
pong,ping,badcausalcarl,24
ping,badcausalalice,53
pong,ping,badcausalbob,29
ping,badcausalalice,54
ping,badcausalcarl,64
pong,ping,badcausalcarl,25
pong,ping,badcausalbob,35
ping,badcausalbob,64
pong,ping,badcausalcarl,35
ping,badcausalbob,65
pong,ping,badcausalcarl,36
ping,badcausalalice,55
pong,ping,badcausalbob,30
ping,badcausalalice,56
ping,badcausalcarl,65
pong,ping,badcausalalice,36
pong,ping,badcausalcarl,26
ping,badcausalcarl,66
pong,ping,badcausalalice,37
ping,badcausalcarl,67
pong,ping,badcausalalice,38
ping,badcausalcarl,68
pong,ping,badcausalbob,36
ping,badcausalcarl,69
pong,ping,badcausalbob,37
ping,badcausalcarl,70
pong,ping,badcausalbob,38
ping,badcausalcarl,71
pong,ping,badcausalbob,39
ping,badcausalcarl,72
pong,ping,badcausalbob,40
ping,badcausalcarl,73
pong,ping,badcausalalice,39
ping,badcausalcarl,74
pong,ping,badcausalalice,40
ping,badcausalcarl,75
pong,ping,badcausalbob,41
ping,badcausalbob,66
pong,ping,badcausalcarl,37
ping,badcausalbob,67
pong,ping,badcausalalice,31
ping,badcausalbob,68
pong,ping,badcausalalice,32
ping,badcausalalice,57
pong,ping,badcausalcarl,27
ping,badcausalalice,58
pong,ping,badcausalcarl,28
ping,badcausalcarl,76
pong,ping,badcausalbob,42
ping,badcausalalice,59
pong,ping,badcausalcarl,29
ping,badcausalbob,69
pong,ping,badcausalcarl,38
ping,badcausalbob,70
pong,ping,badcausalalice,33
ping,badcausalbob,71
pong,ping,badcausalalice,34
ping,badcausalalice,60
pong,ping,badcausalcarl,30
ping,badcausalalice,61
pong,ping,badcausalcarl,31
ping,badcausalalice,62
pong,ping,badcausalcarl,32
ping,badcausalcarl,77
pong,ping,badcausalbob,43
ping,badcausalbob,72
pong,ping,badcausalcarl,39
ping,badcausalbob,73
pong,ping,badcausalcarl,40
ping,badcausalbob,74
pong,ping,badcausalcarl,41
ping,badcausalbob,75
pong,ping,badcausalcarl,42
ping,badcausalbob,76
pong,ping,badcausalalice,35
ping,badcausalbob,77
pong,ping,badcausalcarl,43
ping,badcausalbob,78
pong,ping,badcausalalice,36
ping,badcausalbob,79
pong,ping,badcausalalice,37
ping,badcausalbob,80
pong,ping,badcausalcarl,44
ping,badcausalbob,81
pong,ping,badcausalalice,38
ping,badcausalbob,82
pong,ping,badcausalcarl,45
ping,badcausalalice,63
pong,ping,badcausalcarl,33
ping,badcausalcarl,78
pong,ping,badcausalbob,44
ping,badcausalalice,64
pong,ping,badcausalcarl,34
ping,badcausalalice,65
pong,ping,badcausalcarl,35
ping,badcausalcarl,79
pong,ping,badcausalbob,45
ping,badcausalcarl,80
pong,ping,badcausalbob,46
ping,badcausalcarl,81
pong,ping,badcausalalice,41
ping,badcausalbob,83
pong,ping,badcausalcarl,46
ping,badcausalalice,66
pong,ping,badcausalcarl,36
ping,badcausalalice,67
pong,ping,badcausalcarl,37
ping,badcausalalice,68
pong,ping,badcausalbob,31
ping,badcausalalice,69
ping,badcausalcarl,82
pong,ping,badcausalbob,32
pong,ping,badcausalbob,47
ping,badcausalcarl,83
ping,badcausalalice,70
pong,ping,badcausalbob,48
ping,badcausalcarl,84
pong,ping,badcausalbob,49
pong,ping,badcausalcarl,38
ping,badcausalalice,71
pong,ping,badcausalbob,33
ping,badcausalbob,84
pong,ping,badcausalalice,39
ping,badcausalbob,85
pong,ping,badcausalalice,40
ping,badcausalalice,72
pong,ping,badcausalcarl,39
ping,badcausalalice,73
ping,badcausalcarl,85
pong,ping,badcausalbob,50
pong,ping,badcausalcarl,40
ping,badcausalalice,74
pong,ping,badcausalcarl,41
ping,badcausalalice,75
pong,ping,badcausalcarl,42
ping,badcausalalice,76
pong,ping,badcausalbob,34
ping,badcausalalice,77
pong,ping,badcausalcarl,43
ping,badcausalalice,78
pong,ping,badcausalbob,35
ping,badcausalalice,79
pong,ping,badcausalcarl,44
ping,badcausalalice,80
pong,ping,badcausalbob,36
ping,badcausalalice,81
pong,ping,badcausalbob,37
ping,badcausalalice,82
pong,ping,badcausalbob,38
ping,badcausalbob,86
pong,ping,badcausalcarl,47
ping,badcausalcarl,86
pong,ping,badcausalbob,51
ping,badcausalalice,83
pong,ping,badcausalbob,39
ping,badcausalalice,84
pong,ping,badcausalbob,40
ping,badcausalalice,85
pong,ping,badcausalcarl,45
ping,badcausalalice,86
pong,ping,badcausalcarl,46
ping,badcausalbob,87
pong,ping,badcausalalice,41
ping,badcausalbob,88
pong,ping,badcausalcarl,48
ping,badcausalcarl,87
pong,ping,badcausalalice,42
ping,badcausalcarl,88
pong,ping,badcausalalice,43
ping,badcausalalice,87
pong,ping,badcausalcarl,47
ping,badcausalalice,88
pong,ping,badcausalbob,41
ping,badcausalbob,89
pong,ping,badcausalalice,42
ping,badcausalcarl,89
pong,ping,badcausalalice,44
ping,badcausalcarl,90
pong,ping,badcausalbob,52
ping,badcausalalice,89
pong,ping,badcausalbob,42
ping,badcausalalice,90
pong,ping,badcausalbob,43
ping,badcausalalice,91
pong,ping,badcausalbob,44
ping,badcausalalice,92
pong,ping,badcausalbob,45
ping,badcausalalice,93
pong,ping,badcausalbob,46
ping,badcausalalice,94
pong,ping,badcausalcarl,48
ping,badcausalbob,90
pong,ping,badcausalcarl,49
ping,badcausalcarl,91
pong,ping,badcausalalice,45
ping,badcausalcarl,92
pong,ping,badcausalbob,53
ping,badcausalcarl,93
pong,ping,badcausalbob,54
ping,badcausalalice,95
pong,ping,badcausalbob,47
ping,badcausalbob,91
pong,ping,badcausalalice,43
ping,badcausalbob,92
pong,ping,badcausalalice,44
ping,badcausalbob,93
pong,ping,badcausalalice,45
ping,badcausalcarl,94
pong,ping,badcausalbob,55
ping,badcausalcarl,95
pong,ping,badcausalbob,56
ping,badcausalalice,96
pong,ping,badcausalbob,48
ping,badcausalalice,97
pong,ping,badcausalbob,49
ping,badcausalalice,98
pong,ping,badcausalbob,50
ping,badcausalalice,99
pong,ping,badcausalbob,51
ping,badcausalalice,100
pong,ping,badcausalcarl,49
ping,badcausalalice,101
pong,ping,badcausalbob,52
ping,badcausalalice,102
pong,ping,badcausalcarl,50
ping,badcausalalice,103
pong,ping,badcausalcarl,51
ping,badcausalalice,104
pong,ping,badcausalcarl,52
ping,badcausalalice,105
pong,ping,badcausalcarl,53
ping,badcausalalice,106
pong,ping,badcausalcarl,54
ping,badcausalbob,94
pong,ping,badcausalcarl,50
ping,badcausalcarl,96
pong,ping,badcausalbob,57
ping,badcausalcarl,97
pong,ping,badcausalbob,58
ping,badcausalcarl,98
pong,ping,badcausalbob,59
ping,badcausalcarl,99
pong,ping,badcausalbob,60
ping,badcausalalice,107
pong,ping,badcausalcarl,55
ping,badcausalbob,95
pong,ping,badcausalcarl,51
ping,badcausalbob,96
pong,ping,badcausalcarl,52
ping,badcausalbob,97
pong,ping,badcausalcarl,53
ping,badcausalbob,98
pong,ping,badcausalcarl,54
ping,badcausalbob,99
pong,ping,badcausalcarl,55
ping,badcausalbob,100
pong,ping,badcausalcarl,56
ping,badcausalbob,101
pong,ping,badcausalcarl,57
ping,badcausalbob,102
pong,ping,badcausalalice,46
ping,badcausalbob,103
pong,ping,badcausalcarl,58
ping,badcausalbob,104
pong,ping,badcausalcarl,59
ping,badcausalbob,105
pong,ping,badcausalcarl,60
ping,badcausalbob,106
pong,ping,badcausalalice,47
ping,badcausalbob,107
pong,ping,badcausalalice,48
ping,badcausalcarl,100
pong,ping,badcausalbob,61
ping,badcausalalice,108
pong,ping,badcausalcarl,56
ping,badcausalalice,109
pong,ping,badcausalcarl,57
ping,badcausalalice,110
pong,ping,badcausalbob,53
ping,badcausalalice,111
pong,ping,badcausalbob,54
ping,badcausalbob,108
pong,ping,badcausalalice,49
ping,badcausalcarl,101
pong,ping,badcausalalice,46
ping,badcausalcarl,102
pong,ping,badcausalbob,62
ping,badcausalalice,112
pong,ping,badcausalbob,55
ping,badcausalbob,109
pong,ping,badcausalalice,50
ping,badcausalbob,110
pong,ping,badcausalcarl,61
ping,badcausalbob,111
pong,ping,badcausalcarl,62
ping,badcausalcarl,103
pong,ping,badcausalalice,47
ping,badcausalcarl,104
pong,ping,badcausalalice,48
ping,badcausalalice,113
pong,ping,badcausalbob,56
ping,badcausalalice,114
pong,ping,badcausalbob,57
ping,badcausalalice,115
pong,ping,badcausalbob,58
ping,badcausalalice,116
pong,ping,badcausalbob,59
ping,badcausalalice,117
pong,ping,badcausalbob,60
ping,badcausalalice,118
pong,ping,badcausalbob,61
ping,badcausalalice,119
pong,ping,badcausalcarl,58
ping,badcausalalice,120
pong,ping,badcausalcarl,59
ping,badcausalbob,112
pong,ping,badcausalcarl,63
ping,badcausalbob,113
pong,ping,badcausalalice,51
ping,badcausalcarl,105
pong,ping,badcausalalice,49
ping,badcausalcarl,106
pong,ping,badcausalalice,50
ping,badcausalalice,121
pong,ping,badcausalcarl,60
ping,badcausalalice,122
pong,ping,badcausalbob,62
ping,badcausalalice,123
pong,ping,badcausalcarl,61
ping,badcausalalice,124
pong,ping,badcausalcarl,62
ping,badcausalalice,125
pong,ping,badcausalcarl,63
ping,badcausalalice,126
pong,ping,badcausalbob,63
ping,badcausalalice,127
pong,ping,badcausalcarl,64
ping,badcausalalice,128
pong,ping,badcausalbob,64
ping,badcausalbob,114
pong,ping,badcausalalice,52
ping,badcausalbob,115
pong,ping,badcausalalice,53
ping,badcausalbob,116
pong,ping,badcausalalice,54
ping,badcausalbob,117
pong,ping,badcausalcarl,64
ping,badcausalbob,118
pong,ping,badcausalalice,55
ping,badcausalbob,119
pong,ping,badcausalalice,56
ping,badcausalbob,120
pong,ping,badcausalcarl,65
ping,badcausalbob,121
pong,ping,badcausalcarl,66
ping,badcausalcarl,107
pong,ping,badcausalbob,63
ping,badcausalcarl,108
pong,ping,badcausalalice,51
ping,badcausalcarl,109
pong,ping,badcausalalice,52
ping,badcausalcarl,110
pong,ping,badcausalalice,53
ping,badcausalcarl,111
pong,ping,badcausalalice,54
ping,badcausalalice,129
pong,ping,badcausalbob,65
ping,badcausalalice,130
pong,ping,badcausalcarl,65
ping,badcausalbob,122
pong,ping,badcausalcarl,67
ping,badcausalbob,123
pong,ping,badcausalcarl,68
ping,badcausalcarl,112
pong,ping,badcausalbob,64
ping,badcausalcarl,113
pong,ping,badcausalbob,65
ping,badcausalcarl,114
pong,ping,badcausalalice,55
ping,badcausalcarl,115
pong,ping,badcausalalice,56
ping,badcausalcarl,116
pong,ping,badcausalbob,66
ping,badcausalcarl,117
pong,ping,badcausalbob,67
ping,badcausalcarl,118
pong,ping,badcausalbob,68
ping,badcausalcarl,119
pong,ping,badcausalalice,57
ping,badcausalcarl,120
pong,ping,badcausalalice,58
ping,badcausalcarl,121
pong,ping,badcausalalice,59
ping,badcausalalice,131
pong,ping,badcausalcarl,66
ping,badcausalalice,132
pong,ping,badcausalcarl,67
ping,badcausalalice,133
pong,ping,badcausalcarl,68
ping,badcausalbob,124
pong,ping,badcausalcarl,69
ping,badcausalcarl,122
pong,ping,badcausalbob,69
ping,badcausalcarl,123
pong,ping,badcausalbob,70
ping,badcausalcarl,124
pong,ping,badcausalbob,71
ping,badcausalalice,134
pong,ping,badcausalcarl,69
ping,badcausalbob,125
pong,ping,badcausalcarl,70
ping,badcausalcarl,125
pong,ping,badcausalalice,60
ping,badcausalcarl,126
pong,ping,badcausalalice,61
ping,badcausalcarl,127
pong,ping,badcausalalice,62
ping,badcausalalice,135
ping,badcausalcarl,128
pong,ping,badcausalbob,72
pong,ping,badcausalcarl,70
ping,badcausalcarl,129
pong,ping,badcausalbob,73
ping,badcausalbob,126
pong,ping,badcausalcarl,71
ping,badcausalbob,127
pong,ping,badcausalcarl,72
ping,badcausalcarl,130
ping,badcausalalice,136
pong,ping,badcausalbob,74
ping,badcausalcarl,131
pong,ping,badcausalcarl,71
pong,ping,badcausalbob,75
ping,badcausalalice,137
pong,ping,badcausalcarl,72
ping,badcausalalice,138
pong,ping,badcausalcarl,73
ping,badcausalalice,139
pong,ping,badcausalcarl,74
ping,badcausalalice,140
pong,ping,badcausalcarl,75
ping,badcausalalice,141
pong,ping,badcausalbob,66
ping,badcausalalice,142
pong,ping,badcausalbob,67
ping,badcausalalice,143
pong,ping,badcausalbob,68
ping,badcausalalice,144
pong,ping,badcausalcarl,76
ping,badcausalbob,128
pong,ping,badcausalcarl,73
ping,badcausalcarl,132
pong,ping,badcausalbob,76
ping,badcausalcarl,133
pong,ping,badcausalbob,77
ping,badcausalcarl,134
pong,ping,badcausalbob,78
ping,badcausalcarl,135
pong,ping,badcausalbob,79
ping,badcausalalice,145
pong,ping,badcausalbob,69
ping,badcausalalice,146
pong,ping,badcausalbob,70
ping,badcausalalice,147
pong,ping,badcausalbob,71
ping,badcausalbob,129
pong,ping,badcausalcarl,74
ping,badcausalcarl,136
pong,ping,badcausalbob,80
ping,badcausalcarl,137
pong,ping,badcausalbob,81
ping,badcausalcarl,138
pong,ping,badcausalbob,82
ping,badcausalalice,148
pong,ping,badcausalcarl,77
ping,badcausalalice,149
pong,ping,badcausalbob,72
ping,badcausalalice,150
pong,ping,badcausalbob,73
ping,badcausalalice,151
pong,ping,badcausalbob,74
ping,badcausalalice,152
ping,badcausalcarl,139
ping,badcausalbob,130
pong,ping,badcausalcarl,75
pong,ping,badcausalalice,63
pong,ping,badcausalbob,75
ping,badcausalbob,131
ping,badcausalcarl,140
ping,badcausalalice,153
pong,ping,badcausalalice,57
pong,ping,badcausalalice,64
pong,ping,badcausalbob,76
ping,badcausalbob,132
ping,badcausalcarl,141
ping,badcausalalice,154
pong,ping,badcausalalice,58
pong,ping,badcausalalice,65
pong,ping,badcausalbob,77
ping,badcausalbob,133
ping,badcausalcarl,142
ping,badcausalalice,155
pong,ping,badcausalcarl,76
pong,ping,badcausalbob,83
pong,ping,badcausalbob,78
ping,badcausalbob,134
ping,badcausalalice,156
pong,ping,badcausalalice,59
pong,ping,badcausalbob,79
ping,badcausalbob,135
pong,ping,badcausalalice,60
ping,badcausalcarl,143
pong,ping,badcausalalice,66
ping,badcausalalice,157
pong,ping,badcausalbob,80
ping,badcausalalice,158
pong,ping,badcausalbob,81
ping,badcausalalice,159
pong,ping,badcausalbob,82
ping,badcausalalice,160
pong,ping,badcausalcarl,78
ping,badcausalalice,161
pong,ping,badcausalcarl,79
ping,badcausalbob,136
pong,ping,badcausalalice,61
ping,badcausalbob,137
pong,ping,badcausalalice,62
ping,badcausalcarl,144
pong,ping,badcausalalice,67
ping,badcausalcarl,145
pong,ping,badcausalalice,68
ping,badcausalcarl,146
pong,ping,badcausalalice,69
ping,badcausalalice,162
pong,ping,badcausalcarl,80
ping,badcausalbob,138
pong,ping,badcausalcarl,77
ping,badcausalbob,139
pong,ping,badcausalalice,63
ping,badcausalbob,140
pong,ping,badcausalcarl,78
ping,badcausalbob,141
pong,ping,badcausalalice,64
ping,badcausalcarl,147
pong,ping,badcausalalice,70
ping,badcausalalice,163
pong,ping,badcausalcarl,81
ping,badcausalalice,164
pong,ping,badcausalbob,83
ping,badcausalbob,142
pong,ping,badcausalalice,65
ping,badcausalcarl,148
pong,ping,badcausalalice,71
ping,badcausalcarl,149
pong,ping,badcausalbob,84
ping,badcausalcarl,150
pong,ping,badcausalbob,85
ping,badcausalcarl,151
pong,ping,badcausalalice,72
ping,badcausalcarl,152
pong,ping,badcausalalice,73
ping,badcausalalice,165
pong,ping,badcausalcarl,82
ping,badcausalalice,166
pong,ping,badcausalcarl,83
ping,badcausalalice,167
pong,ping,badcausalcarl,84
ping,badcausalalice,168
pong,ping,badcausalbob,84
ping,badcausalbob,143
pong,ping,badcausalcarl,79
ping,badcausalcarl,153
pong,ping,badcausalalice,74
ping,badcausalcarl,154
ping,badcausalalice,169
pong,ping,badcausalbob,85
ping,badcausalalice,170
pong,ping,badcausalcarl,85
pong,ping,badcausalalice,75
ping,badcausalcarl,155
pong,ping,badcausalalice,76
ping,badcausalcarl,156
pong,ping,badcausalalice,77
ping,badcausalcarl,157
pong,ping,badcausalalice,78
ping,badcausalbob,144
pong,ping,badcausalcarl,80
ping,badcausalbob,145
pong,ping,badcausalcarl,81
ping,badcausalbob,146
pong,ping,badcausalalice,66
ping,badcausalalice,171
pong,ping,badcausalbob,86
ping,badcausalcarl,158
pong,ping,badcausalalice,79
ping,badcausalcarl,159
pong,ping,badcausalalice,80
ping,badcausalcarl,160
pong,ping,badcausalalice,81
ping,badcausalcarl,161
pong,ping,badcausalalice,82
ping,badcausalcarl,162
pong,ping,badcausalbob,86
ping,badcausalcarl,163
pong,ping,badcausalalice,83
ping,badcausalcarl,164
pong,ping,badcausalalice,84
ping,badcausalcarl,165
pong,ping,badcausalalice,85
ping,badcausalcarl,166
pong,ping,badcausalalice,86
ping,badcausalcarl,167
pong,ping,badcausalbob,87
ping,badcausalcarl,168
pong,ping,badcausalbob,88
ping,badcausalcarl,169
pong,ping,badcausalalice,87
ping,badcausalbob,147
pong,ping,badcausalalice,67
ping,badcausalbob,148
pong,ping,badcausalalice,68
ping,badcausalalice,172
pong,ping,badcausalcarl,86
ping,badcausalalice,173
pong,ping,badcausalbob,87
ping,badcausalcarl,170
pong,ping,badcausalalice,88
ping,badcausalbob,149
pong,ping,badcausalalice,69
ping,badcausalbob,150
pong,ping,badcausalcarl,82
ping,badcausalalice,174
pong,ping,badcausalbob,88
ping,badcausalcarl,171
pong,ping,badcausalbob,89
ping,badcausalcarl,172
pong,ping,badcausalalice,89
ping,badcausalcarl,173
pong,ping,badcausalalice,90
ping,badcausalbob,151
pong,ping,badcausalcarl,83
ping,badcausalalice,175
pong,ping,badcausalcarl,87
ping,badcausalalice,176
pong,ping,badcausalcarl,88
ping,badcausalalice,177
pong,ping,badcausalbob,89
ping,badcausalcarl,174
pong,ping,badcausalalice,91
ping,badcausalbob,152
pong,ping,badcausalalice,70
ping,badcausalalice,178
ping,badcausalcarl,175
pong,ping,badcausalalice,92
pong,ping,badcausalcarl,89
ping,badcausalcarl,176
ping,badcausalalice,179
pong,ping,badcausalalice,93
pong,ping,badcausalcarl,90
ping,badcausalcarl,177
ping,badcausalalice,180
pong,ping,badcausalalice,94
ping,badcausalcarl,178
pong,ping,badcausalbob,90
pong,ping,badcausalbob,90
ping,badcausalalice,181
pong,ping,badcausalcarl,91
ping,badcausalalice,182
pong,ping,badcausalcarl,92
ping,badcausalalice,183
pong,ping,badcausalcarl,93
ping,badcausalalice,184
pong,ping,badcausalbob,91
ping,badcausalbob,153
pong,ping,badcausalcarl,84
ping,badcausalbob,154
pong,ping,badcausalalice,71
ping,badcausalcarl,179
pong,ping,badcausalalice,95
ping,badcausalcarl,180
pong,ping,badcausalbob,91
ping,badcausalalice,185
pong,ping,badcausalbob,92
ping,badcausalalice,186
pong,ping,badcausalbob,93
ping,badcausalalice,187
pong,ping,badcausalcarl,94
ping,badcausalbob,155
pong,ping,badcausalalice,72
ping,badcausalbob,156
pong,ping,badcausalalice,73
ping,badcausalcarl,181
pong,ping,badcausalbob,92
ping,badcausalalice,188
pong,ping,badcausalcarl,95
ping,badcausalalice,189
pong,ping,badcausalbob,94
ping,badcausalalice,190
pong,ping,badcausalcarl,96
ping,badcausalalice,191
pong,ping,badcausalcarl,97
ping,badcausalalice,192
pong,ping,badcausalcarl,98
ping,badcausalalice,193
pong,ping,badcausalcarl,99
ping,badcausalalice,194
pong,ping,badcausalbob,95
ping,badcausalalice,195
pong,ping,badcausalbob,96
ping,badcausalbob,157
pong,ping,badcausalcarl,85
ping,badcausalbob,158
pong,ping,badcausalalice,74
ping,badcausalbob,159
pong,ping,badcausalalice,75
ping,badcausalbob,160
pong,ping,badcausalalice,76
ping,badcausalbob,161
pong,ping,badcausalalice,77
ping,badcausalbob,162
pong,ping,badcausalalice,78
ping,badcausalbob,163
pong,ping,badcausalalice,79
ping,badcausalbob,164
pong,ping,badcausalalice,80
ping,badcausalbob,165
pong,ping,badcausalalice,81
ping,badcausalbob,166
pong,ping,badcausalalice,82
ping,badcausalcarl,182
pong,ping,badcausalbob,93
ping,badcausalalice,196
pong,ping,badcausalbob,97
ping,badcausalbob,167
pong,ping,badcausalcarl,86
ping,badcausalbob,168
pong,ping,badcausalalice,83
ping,badcausalbob,169
pong,ping,badcausalalice,84
ping,badcausalcarl,183
pong,ping,badcausalalice,96
ping,badcausalcarl,184
pong,ping,badcausalalice,97
ping,badcausalalice,197
pong,ping,badcausalbob,98
ping,badcausalalice,198
pong,ping,badcausalbob,99
ping,badcausalalice,199
pong,ping,badcausalbob,100
ping,badcausalalice,200
pong,ping,badcausalbob,101
ping,badcausalalice,201
pong,ping,badcausalbob,102
ping,badcausalalice,202
pong,ping,badcausalbob,103
ping,badcausalalice,203
pong,ping,badcausalbob,104
ping,badcausalbob,170
pong,ping,badcausalalice,85
ping,badcausalbob,171
pong,ping,badcausalalice,86
ping,badcausalbob,172
pong,ping,badcausalcarl,87
ping,badcausalcarl,185
pong,ping,badcausalalice,98
ping,badcausalalice,204
pong,ping,badcausalbob,105
ping,badcausalalice,205
pong,ping,badcausalbob,106
ping,badcausalbob,173
pong,ping,badcausalcarl,88
ping,badcausalcarl,186
pong,ping,badcausalalice,99
ping,badcausalcarl,187
pong,ping,badcausalalice,100
ping,badcausalcarl,188
pong,ping,badcausalalice,101
ping,badcausalcarl,189
pong,ping,badcausalalice,102
ping,badcausalalice,206
pong,ping,badcausalbob,107
ping,badcausalalice,207
pong,ping,badcausalcarl,100
ping,badcausalalice,208
pong,ping,badcausalbob,108
ping,badcausalalice,209
pong,ping,badcausalcarl,101
ping,badcausalalice,210
pong,ping,badcausalcarl,102
ping,badcausalalice,211
pong,ping,badcausalbob,109
ping,badcausalbob,174
pong,ping,badcausalalice,87
ping,badcausalbob,175
pong,ping,badcausalalice,88
ping,badcausalcarl,190
pong,ping,badcausalalice,103
ping,badcausalcarl,191
pong,ping,badcausalalice,104
ping,badcausalcarl,192
pong,ping,badcausalalice,105
ping,badcausalalice,212
pong,ping,badcausalbob,110
ping,badcausalbob,176
pong,ping,badcausalcarl,89
ping,badcausalbob,177
pong,ping,badcausalcarl,90
ping,badcausalbob,178
pong,ping,badcausalalice,89
ping,badcausalcarl,193
pong,ping,badcausalalice,106
ping,badcausalcarl,194
pong,ping,badcausalbob,94
ping,badcausalalice,213
pong,ping,badcausalbob,111
ping,badcausalalice,214
pong,ping,badcausalcarl,103
ping,badcausalalice,215
pong,ping,badcausalcarl,104
ping,badcausalalice,216
pong,ping,badcausalbob,112
ping,badcausalalice,217
pong,ping,badcausalbob,113
ping,badcausalalice,218
pong,ping,badcausalcarl,105
ping,badcausalalice,219
pong,ping,badcausalcarl,106
ping,badcausalalice,220
pong,ping,badcausalbob,114
ping,badcausalalice,221
pong,ping,badcausalbob,115
ping,badcausalalice,222
pong,ping,badcausalbob,116
ping,badcausalalice,223
pong,ping,badcausalbob,117
ping,badcausalbob,179
pong,ping,badcausalalice,90
ping,badcausalcarl,195
pong,ping,badcausalalice,107
ping,badcausalalice,224
pong,ping,badcausalbob,118
ping,badcausalalice,225
pong,ping,badcausalbob,119
ping,badcausalbob,180
pong,ping,badcausalalice,91
ping,badcausalcarl,196
pong,ping,badcausalbob,95
ping,badcausalalice,226
pong,ping,badcausalbob,120
ping,badcausalbob,181
pong,ping,badcausalalice,92
ping,badcausalbob,182
pong,ping,badcausalalice,93
ping,badcausalcarl,197
pong,ping,badcausalbob,96
ping,badcausalcarl,198
pong,ping,badcausalbob,97
ping,badcausalcarl,199
pong,ping,badcausalbob,98
ping,badcausalcarl,200
pong,ping,badcausalbob,99
ping,badcausalcarl,201
pong,ping,badcausalbob,100
ping,badcausalcarl,202
pong,ping,badcausalbob,101
ping,badcausalcarl,203
ping,badcausalalice,227
pong,ping,badcausalbob,121
pong,ping,badcausalbob,102
ping,badcausalcarl,204
pong,ping,badcausalbob,103
ping,badcausalcarl,205
pong,ping,badcausalbob,104
ping,badcausalcarl,206
pong,ping,badcausalbob,105
ping,badcausalcarl,207
pong,ping,badcausalbob,106
ping,badcausalbob,183
pong,ping,badcausalalice,94
ping,badcausalbob,184
pong,ping,badcausalcarl,91
ping,badcausalalice,228
pong,ping,badcausalcarl,107
ping,badcausalcarl,208
pong,ping,badcausalbob,107
ping,badcausalbob,185
pong,ping,badcausalcarl,92
ping,badcausalbob,186
pong,ping,badcausalcarl,93
ping,badcausalbob,187
pong,ping,badcausalalice,95
ping,badcausalbob,188
pong,ping,badcausalcarl,94
ping,badcausalalice,229
pong,ping,badcausalcarl,108
ping,badcausalcarl,209
pong,ping,badcausalalice,108
ping,badcausalcarl,210
pong,ping,badcausalalice,109
ping,badcausalcarl,211
pong,ping,badcausalalice,110
ping,badcausalcarl,212
pong,ping,badcausalalice,111
ping,badcausalcarl,213
pong,ping,badcausalbob,108
ping,badcausalbob,189
pong,ping,badcausalcarl,95
ping,badcausalbob,190
pong,ping,badcausalalice,96
ping,badcausalbob,191
pong,ping,badcausalalice,97
ping,badcausalbob,192
pong,ping,badcausalalice,98
ping,badcausalbob,193
pong,ping,badcausalalice,99
ping,badcausalbob,194
pong,ping,badcausalalice,100
ping,badcausalbob,195
pong,ping,badcausalalice,101
ping,badcausalbob,196
pong,ping,badcausalalice,102
ping,badcausalbob,197
pong,ping,badcausalalice,103
ping,badcausalbob,198
pong,ping,badcausalalice,104
ping,badcausalalice,230
pong,ping,badcausalcarl,109
ping,badcausalalice,231
pong,ping,badcausalcarl,110
ping,badcausalcarl,214
pong,ping,badcausalalice,112
ping,badcausalbob,199
pong,ping,badcausalalice,105
ping,badcausalbob,200
pong,ping,badcausalalice,106
ping,badcausalbob,201
pong,ping,badcausalcarl,96
ping,badcausalbob,202
pong,ping,badcausalcarl,97
ping,badcausalalice,232
pong,ping,badcausalcarl,111
ping,badcausalalice,233
ping,badcausalcarl,215
pong,ping,badcausalbob,109
pong,ping,badcausalbob,122
ping,badcausalbob,203
pong,ping,badcausalcarl,98
ping,badcausalcarl,216
pong,ping,badcausalbob,110
ping,badcausalalice,234
pong,ping,badcausalbob,123
ping,badcausalalice,235
pong,ping,badcausalcarl,112
ping,badcausalbob,204
pong,ping,badcausalcarl,99
ping,badcausalbob,205
pong,ping,badcausalalice,107
ping,badcausalbob,206
pong,ping,badcausalcarl,100
ping,badcausalbob,207
pong,ping,badcausalalice,108
ping,badcausalbob,208
pong,ping,badcausalalice,109
ping,badcausalbob,209
pong,ping,badcausalalice,110
ping,badcausalbob,210
pong,ping,badcausalalice,111
ping,badcausalcarl,217
pong,ping,badcausalbob,111
ping,badcausalalice,236
pong,ping,badcausalcarl,113
ping,badcausalbob,211
pong,ping,badcausalcarl,101
ping,badcausalbob,212
pong,ping,badcausalcarl,102
ping,badcausalbob,213
pong,ping,badcausalalice,112
ping,badcausalcarl,218
pong,ping,badcausalalice,113
ping,badcausalcarl,219
pong,ping,badcausalalice,114
ping,badcausalcarl,220
pong,ping,badcausalalice,115
ping,badcausalcarl,221
pong,ping,badcausalalice,116
ping,badcausalalice,237
pong,ping,badcausalcarl,114
ping,badcausalalice,238
pong,ping,badcausalcarl,115
ping,badcausalalice,239
pong,ping,badcausalcarl,116
ping,badcausalalice,240
pong,ping,badcausalcarl,117
ping,badcausalalice,241
pong,ping,badcausalcarl,118
ping,badcausalalice,242
pong,ping,badcausalcarl,119
ping,badcausalalice,243
pong,ping,badcausalcarl,120
ping,badcausalbob,214
pong,ping,badcausalcarl,103
ping,badcausalbob,215
pong,ping,badcausalcarl,104
ping,badcausalbob,216
pong,ping,badcausalalice,113
ping,badcausalbob,217
pong,ping,badcausalalice,114
ping,badcausalbob,218
pong,ping,badcausalalice,115
ping,badcausalbob,219
pong,ping,badcausalalice,116
ping,badcausalbob,220
pong,ping,badcausalalice,117
ping,badcausalcarl,222
pong,ping,badcausalalice,117
ping,badcausalcarl,223
pong,ping,badcausalalice,118
ping,badcausalalice,244
pong,ping,badcausalcarl,121
ping,badcausalalice,245
pong,ping,badcausalbob,124
ping,badcausalbob,221
pong,ping,badcausalalice,118
ping,badcausalbob,222
pong,ping,badcausalalice,119
ping,badcausalbob,223
pong,ping,badcausalalice,120
ping,badcausalbob,224
pong,ping,badcausalcarl,105
ping,badcausalcarl,224
pong,ping,badcausalalice,119
ping,badcausalcarl,225
pong,ping,badcausalalice,120
ping,badcausalcarl,226
pong,ping,badcausalbob,112
ping,badcausalcarl,227
pong,ping,badcausalbob,113
ping,badcausalcarl,228
pong,ping,badcausalalice,121
ping,badcausalalice,246
pong,ping,badcausalcarl,122
ping,badcausalalice,247
pong,ping,badcausalcarl,123
ping,badcausalcarl,229
pong,ping,badcausalalice,122
ping,badcausalcarl,230
pong,ping,badcausalalice,123
ping,badcausalcarl,231
pong,ping,badcausalalice,124
ping,badcausalbob,225
pong,ping,badcausalcarl,106
ping,badcausalbob,226
pong,ping,badcausalalice,121
ping,badcausalbob,227
pong,ping,badcausalalice,122
ping,badcausalbob,228
pong,ping,badcausalalice,123
ping,badcausalcarl,232
pong,ping,badcausalalice,125
ping,badcausalalice,248
pong,ping,badcausalcarl,124
ping,badcausalbob,229
pong,ping,badcausalalice,124
ping,badcausalbob,230
pong,ping,badcausalalice,125
ping,badcausalbob,231
pong,ping,badcausalalice,126
ping,badcausalbob,232
pong,ping,badcausalalice,127
ping,badcausalbob,233
pong,ping,badcausalalice,128
ping,badcausalcarl,233
pong,ping,badcausalalice,126
ping,badcausalalice,249
pong,ping,badcausalbob,125
ping,badcausalbob,234
pong,ping,badcausalcarl,107
ping,badcausalcarl,234
pong,ping,badcausalalice,127
ping,badcausalcarl,235
ping,badcausalalice,250
pong,ping,badcausalcarl,125
ping,badcausalalice,251
pong,ping,badcausalalice,128
pong,ping,badcausalcarl,126
ping,badcausalbob,235
pong,ping,badcausalcarl,108
ping,badcausalbob,236
pong,ping,badcausalcarl,109
ping,badcausalalice,252
pong,ping,badcausalcarl,127
ping,badcausalcarl,236
pong,ping,badcausalbob,114
ping,badcausalbob,237
pong,ping,badcausalcarl,110
ping,badcausalbob,238
pong,ping,badcausalcarl,111
ping,badcausalbob,239
pong,ping,badcausalalice,129
ping,badcausalbob,240
pong,ping,badcausalalice,130
ping,badcausalalice,253
pong,ping,badcausalcarl,128
ping,badcausalalice,254
pong,ping,badcausalcarl,129
ping,badcausalcarl,237
pong,ping,badcausalbob,115
ping,badcausalcarl,238
pong,ping,badcausalbob,116
ping,badcausalcarl,239
pong,ping,badcausalbob,117
ping,badcausalbob,241
pong,ping,badcausalcarl,112
ping,badcausalbob,242
pong,ping,badcausalcarl,113
ping,badcausalbob,243
pong,ping,badcausalcarl,114
ping,badcausalbob,244
pong,ping,badcausalcarl,115
ping,badcausalbob,245
pong,ping,badcausalcarl,116
ping,badcausalbob,246
pong,ping,badcausalcarl,117
ping,badcausalbob,247
pong,ping,badcausalcarl,118
ping,badcausalbob,248
pong,ping,badcausalcarl,119
ping,badcausalbob,249
pong,ping,badcausalcarl,120
ping,badcausalbob,250
pong,ping,badcausalcarl,121
ping,badcausalbob,251
pong,ping,badcausalalice,131
ping,badcausalbob,252
pong,ping,badcausalalice,132
ping,badcausalalice,255
pong,ping,badcausalbob,126
ping,badcausalalice,256
pong,ping,badcausalbob,127
ping,badcausalcarl,240
pong,ping,badcausalbob,118
ping,badcausalcarl,241
pong,ping,badcausalbob,119
ping,badcausalbob,253
pong,ping,badcausalalice,133
ping,badcausalbob,254
pong,ping,badcausalcarl,122
ping,badcausalbob,255
pong,ping,badcausalcarl,123
ping,badcausalalice,257
pong,ping,badcausalcarl,130
ping,badcausalalice,258
pong,ping,badcausalcarl,131
ping,badcausalcarl,242
pong,ping,badcausalbob,120
ping,badcausalcarl,243
pong,ping,badcausalbob,121
ping,badcausalcarl,244
pong,ping,badcausalalice,129
ping,badcausalcarl,245
pong,ping,badcausalalice,130
ping,badcausalbob,256
pong,ping,badcausalcarl,124
ping,badcausalalice,259
pong,ping,badcausalbob,128
ping,badcausalalice,260
pong,ping,badcausalcarl,132
ping,badcausalcarl,246
pong,ping,badcausalbob,122
ping,badcausalcarl,247
pong,ping,badcausalbob,123
ping,badcausalcarl,248
pong,ping,badcausalalice,131
ping,badcausalbob,257
pong,ping,badcausalalice,134
ping,badcausalalice,261
pong,ping,badcausalcarl,133
ping,badcausalalice,262
pong,ping,badcausalcarl,134
ping,badcausalcarl,249
pong,ping,badcausalalice,132
ping,badcausalcarl,250
pong,ping,badcausalalice,133
ping,badcausalcarl,251
pong,ping,badcausalbob,124
ping,badcausalcarl,252
pong,ping,badcausalalice,134
ping,badcausalcarl,253
pong,ping,badcausalbob,125
ping,badcausalcarl,254
pong,ping,badcausalalice,135
ping,badcausalcarl,255
pong,ping,badcausalbob,126
ping,badcausalcarl,256
pong,ping,badcausalbob,127
ping,badcausalcarl,257
pong,ping,badcausalalice,136
ping,badcausalcarl,258
pong,ping,badcausalalice,137
ping,badcausalcarl,259
pong,ping,badcausalalice,138
ping,badcausalcarl,260
pong,ping,badcausalalice,139
ping,badcausalcarl,261
pong,ping,badcausalalice,140
ping,badcausalbob,258
pong,ping,badcausalcarl,125
ping,badcausalbob,259
pong,ping,badcausalcarl,126
ping,badcausalalice,263
pong,ping,badcausalcarl,135
ping,badcausalalice,264
pong,ping,badcausalbob,129
ping,badcausalalice,265
pong,ping,badcausalcarl,136
ping,badcausalalice,266
pong,ping,badcausalcarl,137
ping,badcausalcarl,262
pong,ping,badcausalalice,141
ping,badcausalcarl,263
pong,ping,badcausalalice,142
ping,badcausalbob,260
pong,ping,badcausalcarl,127
ping,badcausalcarl,264
pong,ping,badcausalalice,143
ping,badcausalcarl,265
pong,ping,badcausalalice,144
ping,badcausalcarl,266
pong,ping,badcausalbob,128
ping,badcausalalice,267
pong,ping,badcausalcarl,138
ping,badcausalalice,268
pong,ping,badcausalcarl,139
ping,badcausalbob,261
pong,ping,badcausalalice,135
ping,badcausalcarl,267
pong,ping,badcausalalice,145
ping,badcausalalice,269
pong,ping,badcausalcarl,140
ping,badcausalbob,262
pong,ping,badcausalcarl,128
ping,badcausalbob,263
pong,ping,badcausalcarl,129
ping,badcausalcarl,268
pong,ping,badcausalalice,146
ping,badcausalalice,270
pong,ping,badcausalcarl,141
ping,badcausalalice,271
pong,ping,badcausalcarl,142
ping,badcausalalice,272
pong,ping,badcausalbob,130
ping,badcausalbob,264
pong,ping,badcausalcarl,130
ping,badcausalbob,265
pong,ping,badcausalalice,136
ping,badcausalbob,266
pong,ping,badcausalcarl,131
ping,badcausalbob,267
pong,ping,badcausalalice,137
ping,badcausalbob,268
pong,ping,badcausalalice,138
ping,badcausalcarl,269
pong,ping,badcausalalice,147
ping,badcausalalice,273
pong,ping,badcausalbob,131
ping,badcausalbob,269
pong,ping,badcausalalice,139
ping,badcausalbob,270
pong,ping,badcausalalice,140
ping,badcausalbob,271
pong,ping,badcausalalice,141
ping,badcausalbob,272
pong,ping,badcausalalice,142
ping,badcausalbob,273
pong,ping,badcausalalice,143
ping,badcausalcarl,270
pong,ping,badcausalbob,129
ping,badcausalcarl,271
pong,ping,badcausalalice,148
ping,badcausalcarl,272
pong,ping,badcausalalice,149
ping,badcausalcarl,273
pong,ping,badcausalalice,150
ping,badcausalcarl,274
pong,ping,badcausalalice,151
ping,badcausalalice,274
pong,ping,badcausalbob,132
ping,badcausalbob,274
pong,ping,badcausalalice,144
ping,badcausalbob,275
pong,ping,badcausalcarl,132
ping,badcausalalice,275
pong,ping,badcausalbob,133
ping,badcausalcarl,275
ping,badcausalalice,276
pong,ping,badcausalbob,134
pong,ping,badcausalalice,152
ping,badcausalcarl,276
pong,ping,badcausalalice,153
ping,badcausalbob,276
pong,ping,badcausalcarl,133
ping,badcausalbob,277
pong,ping,badcausalcarl,134
ping,badcausalbob,278
pong,ping,badcausalcarl,135
ping,badcausalalice,277
pong,ping,badcausalbob,135
ping,badcausalcarl,277
pong,ping,badcausalalice,154
ping,badcausalcarl,278
pong,ping,badcausalalice,155
ping,badcausalcarl,279
pong,ping,badcausalalice,156
ping,badcausalbob,279
pong,ping,badcausalalice,145
ping,badcausalalice,278
pong,ping,badcausalcarl,143
ping,badcausalalice,279
ping,badcausalcarl,280
pong,ping,badcausalbob,130
ping,badcausalcarl,281
pong,ping,badcausalbob,131
ping,badcausalcarl,282
pong,ping,badcausalbob,136
ping,badcausalalice,280
pong,ping,badcausalbob,132
pong,ping,badcausalbob,137
ping,badcausalalice,281
pong,ping,badcausalcarl,144
ping,badcausalalice,282
pong,ping,badcausalcarl,145
ping,badcausalalice,283
pong,ping,badcausalcarl,146
ping,badcausalbob,280
pong,ping,badcausalalice,146
ping,badcausalbob,281
pong,ping,badcausalalice,147
ping,badcausalalice,284
ping,badcausalcarl,283
pong,ping,badcausalbob,133
pong,ping,badcausalbob,138
ping,badcausalcarl,284
pong,ping,badcausalbob,134
ping,badcausalcarl,285
pong,ping,badcausalbob,135
ping,badcausalcarl,286
pong,ping,badcausalalice,157
ping,badcausalcarl,287
pong,ping,badcausalalice,158
ping,badcausalcarl,288
pong,ping,badcausalalice,159
ping,badcausalcarl,289
pong,ping,badcausalalice,160
ping,badcausalcarl,290
pong,ping,badcausalalice,161
ping,badcausalcarl,291
pong,ping,badcausalbob,136
ping,badcausalcarl,292
pong,ping,badcausalbob,137
ping,badcausalcarl,293
pong,ping,badcausalalice,162
ping,badcausalcarl,294
pong,ping,badcausalbob,138
ping,badcausalcarl,295
pong,ping,badcausalbob,139
ping,badcausalcarl,296
pong,ping,badcausalbob,140
ping,badcausalbob,282
pong,ping,badcausalcarl,136
ping,badcausalbob,283
pong,ping,badcausalcarl,137
ping,badcausalalice,285
pong,ping,badcausalbob,139
ping,badcausalalice,286
pong,ping,badcausalbob,140
ping,badcausalalice,287
pong,ping,badcausalbob,141
ping,badcausalcarl,297
pong,ping,badcausalbob,141
ping,badcausalcarl,298
pong,ping,badcausalalice,163
ping,badcausalcarl,299
pong,ping,badcausalalice,164
ping,badcausalbob,284
pong,ping,badcausalcarl,138
ping,badcausalalice,288
pong,ping,badcausalcarl,147
ping,badcausalalice,289
pong,ping,badcausalbob,142
ping,badcausalcarl,300
pong,ping,badcausalbob,142
ping,badcausalcarl,301
pong,ping,badcausalalice,165
ping,badcausalbob,285
pong,ping,badcausalalice,148
ping,badcausalbob,286
pong,ping,badcausalalice,149
ping,badcausalbob,287
pong,ping,badcausalalice,150
ping,badcausalbob,288
pong,ping,badcausalalice,151
ping,badcausalbob,289
pong,ping,badcausalalice,152
ping,badcausalbob,290
pong,ping,badcausalcarl,139
ping,badcausalalice,290
pong,ping,badcausalcarl,148
ping,badcausalalice,291
pong,ping,badcausalcarl,149
ping,badcausalalice,292
pong,ping,badcausalcarl,150
ping,badcausalalice,293
pong,ping,badcausalcarl,151
ping,badcausalcarl,302
pong,ping,badcausalalice,166
ping,badcausalbob,291
pong,ping,badcausalcarl,140
ping,badcausalalice,294
pong,ping,badcausalcarl,152
ping,badcausalalice,295
pong,ping,badcausalbob,143
ping,badcausalcarl,303
pong,ping,badcausalalice,167
ping,badcausalcarl,304
pong,ping,badcausalalice,168
ping,badcausalbob,292
pong,ping,badcausalalice,153
ping,badcausalcarl,305
ping,badcausalalice,296
pong,ping,badcausalbob,143
pong,ping,badcausalcarl,153
ping,badcausalalice,297
pong,ping,badcausalcarl,154
ping,badcausalbob,293
pong,ping,badcausalcarl,141
ping,badcausalbob,294
pong,ping,badcausalalice,154
ping,badcausalbob,295
pong,ping,badcausalcarl,142
ping,badcausalcarl,306
pong,ping,badcausalalice,169
ping,badcausalalice,298
ping,badcausalcarl,307
ping,badcausalbob,296
pong,ping,badcausalalice,155
pong,ping,badcausalalice,170
pong,ping,badcausalcarl,155
ping,badcausalbob,297
ping,badcausalcarl,308
ping,badcausalalice,299
pong,ping,badcausalalice,156
pong,ping,badcausalbob,144
pong,ping,badcausalcarl,156
ping,badcausalbob,298
ping,badcausalcarl,309
ping,badcausalalice,300
pong,ping,badcausalcarl,143
pong,ping,badcausalbob,145
pong,ping,badcausalcarl,157
ping,badcausalbob,299
ping,badcausalcarl,310
ping,badcausalalice,301
pong,ping,badcausalalice,157
pong,ping,badcausalbob,146
pong,ping,badcausalbob,144
ping,badcausalbob,300
ping,badcausalcarl,311
ping,badcausalalice,302
pong,ping,badcausalalice,158
pong,ping,badcausalalice,171
pong,ping,badcausalbob,145
ping,badcausalbob,301
ping,badcausalcarl,312
ping,badcausalalice,303
pong,ping,badcausalalice,159
pong,ping,badcausalbob,147
pong,ping,badcausalbob,146
ping,badcausalbob,302
ping,badcausalcarl,313
pong,ping,badcausalalice,160
pong,ping,badcausalbob,148
ping,badcausalbob,303
ping,badcausalcarl,314
pong,ping,badcausalalice,161
pong,ping,badcausalalice,172
ping,badcausalbob,304
ping,badcausalcarl,315
pong,ping,badcausalcarl,144
pong,ping,badcausalalice,173
ping,badcausalbob,305
ping,badcausalcarl,316
pong,ping,badcausalcarl,145
pong,ping,badcausalbob,149
ping,badcausalbob,306
ping,badcausalcarl,317
pong,ping,badcausalcarl,146
pong,ping,badcausalbob,150
ping,badcausalbob,307
ping,badcausalcarl,318
pong,ping,badcausalalice,162
pong,ping,badcausalalice,174
ping,badcausalbob,308
ping,badcausalcarl,319
pong,ping,badcausalcarl,147
pong,ping,badcausalbob,151
ping,badcausalbob,309
ping,badcausalcarl,320
pong,ping,badcausalalice,163
pong,ping,badcausalalice,175
ping,badcausalbob,310
ping,badcausalcarl,321
pong,ping,badcausalalice,164
pong,ping,badcausalalice,176
ping,badcausalbob,311
ping,badcausalcarl,322
pong,ping,badcausalcarl,148
pong,ping,badcausalalice,177
ping,badcausalbob,312
ping,badcausalcarl,323
pong,ping,badcausalcarl,149
pong,ping,badcausalbob,152
ping,badcausalbob,313
ping,badcausalcarl,324
pong,ping,badcausalcarl,150
pong,ping,badcausalalice,178
ping,badcausalbob,314
ping,badcausalcarl,325
pong,ping,badcausalcarl,151
pong,ping,badcausalalice,179
ping,badcausalbob,315
ping,badcausalcarl,326
pong,ping,badcausalcarl,152
pong,ping,badcausalalice,180
ping,badcausalbob,316
ping,badcausalcarl,327
pong,ping,badcausalalice,165
pong,ping,badcausalalice,181
ping,badcausalbob,317
ping,badcausalcarl,328
pong,ping,badcausalalice,166
pong,ping,badcausalalice,182
ping,badcausalbob,318
ping,badcausalcarl,329
pong,ping,badcausalalice,167
pong,ping,badcausalalice,183
ping,badcausalbob,319
ping,badcausalcarl,330
pong,ping,badcausalalice,168
pong,ping,badcausalalice,184
ping,badcausalbob,320
ping,badcausalcarl,331
pong,ping,badcausalcarl,153
pong,ping,badcausalbob,153
ping,badcausalbob,321
ping,badcausalcarl,332
pong,ping,badcausalcarl,154
pong,ping,badcausalbob,154
ping,badcausalbob,322
ping,badcausalcarl,333
pong,ping,badcausalalice,169
pong,ping,badcausalalice,185
ping,badcausalbob,323
ping,badcausalcarl,334
pong,ping,badcausalalice,170
pong,ping,badcausalalice,186
ping,badcausalbob,324
ping,badcausalcarl,335
pong,ping,badcausalcarl,155
pong,ping,badcausalalice,187
ping,badcausalbob,325
ping,badcausalcarl,336
pong,ping,badcausalcarl,156
pong,ping,badcausalbob,155
ping,badcausalbob,326
ping,badcausalcarl,337
pong,ping,badcausalcarl,157
pong,ping,badcausalbob,156
ping,badcausalbob,327
ping,badcausalcarl,338
pong,ping,badcausalalice,171
pong,ping,badcausalalice,188
ping,badcausalbob,328
ping,badcausalcarl,339
pong,ping,badcausalcarl,158
pong,ping,badcausalalice,189
ping,badcausalbob,329
ping,badcausalcarl,340
pong,ping,badcausalcarl,159
pong,ping,badcausalalice,190
ping,badcausalbob,330
ping,badcausalcarl,341
pong,ping,badcausalcarl,160
pong,ping,badcausalalice,191
ping,badcausalbob,331
ping,badcausalcarl,342
pong,ping,badcausalcarl,161
pong,ping,badcausalalice,192
ping,badcausalbob,332
ping,badcausalcarl,343
pong,ping,badcausalcarl,162
pong,ping,badcausalalice,193
ping,badcausalbob,333
ping,badcausalcarl,344
pong,ping,badcausalcarl,163
pong,ping,badcausalalice,194
ping,badcausalbob,334
ping,badcausalcarl,345
pong,ping,badcausalcarl,164
pong,ping,badcausalalice,195
ping,badcausalbob,335
ping,badcausalcarl,346
pong,ping,badcausalcarl,165
pong,ping,badcausalbob,157
ping,badcausalbob,336
ping,badcausalcarl,347
pong,ping,badcausalcarl,166
pong,ping,badcausalbob,158
ping,badcausalbob,337
ping,badcausalcarl,348
pong,ping,badcausalcarl,167
pong,ping,badcausalbob,159
ping,badcausalbob,338
ping,badcausalcarl,349
pong,ping,badcausalcarl,168
pong,ping,badcausalbob,160
ping,badcausalbob,339
ping,badcausalcarl,350
pong,ping,badcausalcarl,169
pong,ping,badcausalbob,161
ping,badcausalbob,340
ping,badcausalcarl,351
pong,ping,badcausalalice,172
pong,ping,badcausalbob,162
ping,badcausalbob,341
ping,badcausalcarl,352
pong,ping,badcausalalice,173
pong,ping,badcausalbob,163
ping,badcausalbob,342
ping,badcausalcarl,353
pong,ping,badcausalcarl,170
pong,ping,badcausalbob,164
ping,badcausalbob,343
pong,ping,badcausalalice,174
ping,badcausalbob,344
pong,ping,badcausalcarl,171
ping,badcausalbob,345
pong,ping,badcausalcarl,172
ping,badcausalbob,346
pong,ping,badcausalcarl,173
ping,badcausalbob,347
pong,ping,badcausalalice,175
ping,badcausalbob,348
pong,ping,badcausalalice,176
ping,badcausalbob,349
pong,ping,badcausalalice,177
ping,badcausalbob,350
pong,ping,badcausalcarl,174
ping,badcausalbob,351
pong,ping,badcausalalice,178
ping,badcausalbob,352
pong,ping,badcausalcarl,175
ping,badcausalbob,353
pong,ping,badcausalcarl,176
ping,badcausalbob,354
pong,ping,badcausalalice,179
ping,badcausalbob,355
pong,ping,badcausalcarl,177
ping,badcausalbob,356
ping,badcausalalice,304
ping,badcausalcarl,354
pong,ping,badcausalalice,180
pong,ping,badcausalbob,165
pong,ping,badcausalcarl,158
ping,badcausalbob,357
ping,badcausalcarl,355
ping,badcausalalice,305
pong,ping,badcausalcarl,178
pong,ping,badcausalbob,166
pong,ping,badcausalcarl,159
ping,badcausalbob,358
ping,badcausalcarl,356
ping,badcausalalice,306
pong,ping,badcausalalice,181
pong,ping,badcausalalice,196
pong,ping,badcausalcarl,160
ping,badcausalbob,359
ping,badcausalcarl,357
ping,badcausalalice,307
pong,ping,badcausalalice,182
pong,ping,badcausalbob,167
pong,ping,badcausalcarl,161
ping,badcausalbob,360
ping,badcausalalice,308
pong,ping,badcausalalice,183
pong,ping,badcausalcarl,162
ping,badcausalbob,361
ping,badcausalalice,309
pong,ping,badcausalalice,184
pong,ping,badcausalcarl,163
ping,badcausalbob,362
ping,badcausalalice,310
pong,ping,badcausalcarl,179
pong,ping,badcausalcarl,164
ping,badcausalbob,363
ping,badcausalalice,311
pong,ping,badcausalcarl,180
pong,ping,badcausalcarl,165
ping,badcausalbob,364
ping,badcausalalice,312
pong,ping,badcausalalice,185
pong,ping,badcausalcarl,166
ping,badcausalbob,365
ping,badcausalalice,313
pong,ping,badcausalalice,186
pong,ping,badcausalcarl,167
ping,badcausalalice,314
ping,badcausalbob,366
pong,ping,badcausalalice,187
pong,ping,badcausalcarl,168
ping,badcausalbob,367
ping,badcausalalice,315
pong,ping,badcausalcarl,181
pong,ping,badcausalcarl,169
ping,badcausalbob,368
ping,badcausalalice,316
pong,ping,badcausalalice,188
pong,ping,badcausalbob,147
ping,badcausalbob,369
ping,badcausalalice,317
pong,ping,badcausalalice,189
pong,ping,badcausalbob,148
ping,badcausalbob,370
ping,badcausalalice,318
pong,ping,badcausalalice,190
pong,ping,badcausalcarl,170
ping,badcausalbob,371
ping,badcausalalice,319
pong,ping,badcausalalice,191
pong,ping,badcausalbob,149
ping,badcausalbob,372
ping,badcausalalice,320
pong,ping,badcausalalice,192
pong,ping,badcausalbob,150
ping,badcausalbob,373
ping,badcausalalice,321
pong,ping,badcausalalice,193
pong,ping,badcausalcarl,171
ping,badcausalbob,374
ping,badcausalalice,322
pong,ping,badcausalalice,194
pong,ping,badcausalcarl,172
ping,badcausalbob,375
ping,badcausalalice,323
pong,ping,badcausalalice,195
pong,ping,badcausalcarl,173
ping,badcausalbob,376
ping,badcausalalice,324
pong,ping,badcausalcarl,182
pong,ping,badcausalbob,151
ping,badcausalbob,377
ping,badcausalalice,325
pong,ping,badcausalalice,196
pong,ping,badcausalcarl,174
ping,badcausalbob,378
ping,badcausalalice,326
pong,ping,badcausalcarl,183
pong,ping,badcausalbob,152
ping,badcausalbob,379
ping,badcausalalice,327
pong,ping,badcausalcarl,184
pong,ping,badcausalcarl,175
ping,badcausalbob,380
ping,badcausalalice,328
pong,ping,badcausalalice,197
pong,ping,badcausalcarl,176
ping,badcausalbob,381
ping,badcausalalice,329
pong,ping,badcausalalice,198
pong,ping,badcausalcarl,177
ping,badcausalbob,382
ping,badcausalalice,330
pong,ping,badcausalalice,199
pong,ping,badcausalcarl,178
ping,badcausalbob,383
ping,badcausalalice,331
pong,ping,badcausalalice,200
pong,ping,badcausalbob,153
ping,badcausalbob,384
ping,badcausalalice,332
pong,ping,badcausalalice,201
pong,ping,badcausalbob,154
ping,badcausalbob,385
ping,badcausalalice,333
pong,ping,badcausalalice,202
pong,ping,badcausalcarl,179
ping,badcausalbob,386
ping,badcausalalice,334
pong,ping,badcausalalice,203
pong,ping,badcausalcarl,180
ping,badcausalbob,387
ping,badcausalalice,335
pong,ping,badcausalcarl,185
pong,ping,badcausalbob,155
ping,badcausalbob,388
ping,badcausalalice,336
pong,ping,badcausalalice,204
pong,ping,badcausalbob,156
ping,badcausalbob,389
ping,badcausalalice,337
pong,ping,badcausalalice,205
pong,ping,badcausalcarl,181
ping,badcausalbob,390
ping,badcausalalice,338
pong,ping,badcausalcarl,186
pong,ping,badcausalbob,157
ping,badcausalbob,391
ping,badcausalalice,339
pong,ping,badcausalcarl,187
pong,ping,badcausalbob,158
ping,badcausalbob,392
ping,badcausalalice,340
pong,ping,badcausalcarl,188
pong,ping,badcausalbob,159
ping,badcausalbob,393
ping,badcausalalice,341
pong,ping,badcausalcarl,189
pong,ping,badcausalbob,160
ping,badcausalbob,394
pong,ping,badcausalalice,206
ping,badcausalbob,395
pong,ping,badcausalalice,207
ping,badcausalbob,396
pong,ping,badcausalalice,208
ping,badcausalbob,397
pong,ping,badcausalalice,209
ping,badcausalbob,398
pong,ping,badcausalalice,210
ping,badcausalbob,399
pong,ping,badcausalalice,211
ping,badcausalbob,400
pong,ping,badcausalcarl,190
ping,badcausalbob,401
pong,ping,badcausalcarl,191
ping,badcausalbob,402
pong,ping,badcausalcarl,192
ping,badcausalbob,403
pong,ping,badcausalalice,212
ping,badcausalbob,404
pong,ping,badcausalcarl,193
ping,badcausalbob,405
pong,ping,badcausalcarl,194
ping,badcausalbob,406
pong,ping,badcausalalice,213
ping,badcausalbob,407
pong,ping,badcausalalice,214
ping,badcausalbob,408
pong,ping,badcausalalice,215
ping,badcausalbob,409
pong,ping,badcausalalice,216
ping,badcausalbob,410
pong,ping,badcausalalice,217
ping,badcausalbob,411
pong,ping,badcausalalice,218
ping,badcausalbob,412
pong,ping,badcausalalice,219
ping,badcausalbob,413
pong,ping,badcausalalice,220
ping,badcausalbob,414
pong,ping,badcausalalice,221
ping,badcausalbob,415
pong,ping,badcausalalice,222
ping,badcausalbob,416
pong,ping,badcausalalice,223
ping,badcausalbob,417
pong,ping,badcausalcarl,195
ping,badcausalbob,418
pong,ping,badcausalalice,224
ping,badcausalbob,419
pong,ping,badcausalalice,225
ping,badcausalbob,420
pong,ping,badcausalcarl,196
ping,badcausalbob,421
pong,ping,badcausalalice,226
ping,badcausalbob,422
pong,ping,badcausalcarl,197
ping,badcausalbob,423
pong,ping,badcausalcarl,198
ping,badcausalbob,424
pong,ping,badcausalcarl,199
ping,badcausalbob,425
pong,ping,badcausalcarl,200
ping,badcausalbob,426
pong,ping,badcausalcarl,201
ping,badcausalbob,427
ping,badcausalalice,342
ping,badcausalcarl,358
pong,ping,badcausalcarl,202
pong,ping,badcausalbob,168
pong,ping,badcausalbob,161
ping,badcausalbob,428
ping,badcausalcarl,359
ping,badcausalalice,343
pong,ping,badcausalcarl,203
pong,ping,badcausalbob,169
pong,ping,badcausalbob,162
ping,badcausalbob,429
ping,badcausalcarl,360
ping,badcausalalice,344
pong,ping,badcausalalice,227
pong,ping,badcausalalice,197
pong,ping,badcausalbob,163
ping,badcausalbob,430
ping,badcausalcarl,361
ping,badcausalalice,345
pong,ping,badcausalcarl,204
pong,ping,badcausalalice,198
pong,ping,badcausalbob,164
ping,badcausalbob,431
ping,badcausalcarl,362
ping,badcausalalice,346
pong,ping,badcausalcarl,205
pong,ping,badcausalalice,199
pong,ping,badcausalbob,165
ping,badcausalbob,432
ping,badcausalcarl,363
ping,badcausalalice,347
pong,ping,badcausalcarl,206
pong,ping,badcausalalice,200
pong,ping,badcausalbob,166
ping,badcausalbob,433
ping,badcausalcarl,364
ping,badcausalalice,348
pong,ping,badcausalcarl,207
pong,ping,badcausalalice,201
pong,ping,badcausalcarl,182
ping,badcausalbob,434
ping,badcausalcarl,365
ping,badcausalalice,349
pong,ping,badcausalalice,228
pong,ping,badcausalalice,202
pong,ping,badcausalbob,167
ping,badcausalbob,435
ping,badcausalcarl,366
ping,badcausalalice,350
pong,ping,badcausalcarl,208
pong,ping,badcausalalice,203
pong,ping,badcausalbob,168
ping,badcausalbob,436
ping,badcausalcarl,367
ping,badcausalalice,351
pong,ping,badcausalalice,229
pong,ping,badcausalbob,170
pong,ping,badcausalbob,169
ping,badcausalbob,437
ping,badcausalcarl,368
ping,badcausalalice,352
pong,ping,badcausalcarl,209
pong,ping,badcausalbob,171
pong,ping,badcausalcarl,183
ping,badcausalbob,438
ping,badcausalcarl,369
ping,badcausalalice,353
pong,ping,badcausalcarl,210
pong,ping,badcausalbob,172
pong,ping,badcausalcarl,184
ping,badcausalbob,439
ping,badcausalcarl,370
ping,badcausalalice,354
pong,ping,badcausalcarl,211
pong,ping,badcausalalice,204
pong,ping,badcausalbob,170
ping,badcausalbob,440
ping,badcausalcarl,371
ping,badcausalalice,355
pong,ping,badcausalcarl,212
pong,ping,badcausalalice,205
pong,ping,badcausalbob,171
ping,badcausalbob,441
ping,badcausalcarl,372
ping,badcausalalice,356
pong,ping,badcausalcarl,213
pong,ping,badcausalbob,173
pong,ping,badcausalbob,172
ping,badcausalbob,442
ping,badcausalcarl,373
ping,badcausalalice,357
pong,ping,badcausalalice,230
pong,ping,badcausalalice,206
pong,ping,badcausalcarl,185
ping,badcausalbob,443
ping,badcausalcarl,374
ping,badcausalalice,358
pong,ping,badcausalalice,231
pong,ping,badcausalalice,207
pong,ping,badcausalbob,173
ping,badcausalbob,444
ping,badcausalcarl,375
ping,badcausalalice,359
pong,ping,badcausalcarl,214
pong,ping,badcausalalice,208
pong,ping,badcausalcarl,186
ping,badcausalbob,445
ping,badcausalcarl,376
ping,badcausalalice,360
pong,ping,badcausalalice,232
pong,ping,badcausalalice,209
pong,ping,badcausalcarl,187
ping,badcausalbob,446
ping,badcausalcarl,377
ping,badcausalalice,361
pong,ping,badcausalalice,233
pong,ping,badcausalalice,210
pong,ping,badcausalcarl,188
ping,badcausalbob,447
ping,badcausalcarl,378
ping,badcausalalice,362
pong,ping,badcausalcarl,215
pong,ping,badcausalalice,211
pong,ping,badcausalcarl,189
ping,badcausalbob,448
ping,badcausalcarl,379
ping,badcausalalice,363
pong,ping,badcausalcarl,216
pong,ping,badcausalbob,174
pong,ping,badcausalbob,174
ping,badcausalbob,449
ping,badcausalcarl,380
ping,badcausalalice,364
pong,ping,badcausalalice,234
pong,ping,badcausalbob,175
pong,ping,badcausalbob,175
ping,badcausalbob,450
ping,badcausalcarl,381
ping,badcausalalice,365
pong,ping,badcausalalice,235
pong,ping,badcausalalice,212
pong,ping,badcausalcarl,190
ping,badcausalbob,451
ping,badcausalcarl,382
ping,badcausalalice,366
pong,ping,badcausalcarl,217
pong,ping,badcausalbob,176
pong,ping,badcausalcarl,191
ping,badcausalbob,452
ping,badcausalcarl,383
ping,badcausalalice,367
pong,ping,badcausalalice,236
pong,ping,badcausalbob,177
pong,ping,badcausalcarl,192
ping,badcausalbob,453
ping,badcausalcarl,384
ping,badcausalalice,368
pong,ping,badcausalcarl,218
pong,ping,badcausalbob,178
pong,ping,badcausalbob,176
ping,badcausalbob,454
ping,badcausalcarl,385
ping,badcausalalice,369
pong,ping,badcausalcarl,219
pong,ping,badcausalalice,213
pong,ping,badcausalbob,177
ping,badcausalbob,455
ping,badcausalcarl,386
ping,badcausalalice,370
pong,ping,badcausalcarl,220
pong,ping,badcausalalice,214
pong,ping,badcausalbob,178
ping,badcausalbob,456
ping,badcausalcarl,387
ping,badcausalalice,371
pong,ping,badcausalcarl,221
pong,ping,badcausalalice,215
pong,ping,badcausalcarl,193
ping,badcausalbob,457
ping,badcausalcarl,388
ping,badcausalalice,372
pong,ping,badcausalalice,237
pong,ping,badcausalalice,216
pong,ping,badcausalcarl,194
ping,badcausalbob,458
ping,badcausalcarl,389
ping,badcausalalice,373
pong,ping,badcausalalice,238
pong,ping,badcausalalice,217
pong,ping,badcausalbob,179
ping,badcausalbob,459
ping,badcausalcarl,390
ping,badcausalalice,374
pong,ping,badcausalalice,239
pong,ping,badcausalalice,218
pong,ping,badcausalcarl,195
ping,badcausalbob,460
ping,badcausalcarl,391
ping,badcausalalice,375
pong,ping,badcausalalice,240
pong,ping,badcausalalice,219
pong,ping,badcausalbob,180
ping,badcausalbob,461
ping,badcausalcarl,392
ping,badcausalalice,376
pong,ping,badcausalalice,241
pong,ping,badcausalalice,220
pong,ping,badcausalcarl,196
ping,badcausalbob,462
ping,badcausalcarl,393
ping,badcausalalice,377
pong,ping,badcausalalice,242
pong,ping,badcausalalice,221
pong,ping,badcausalbob,181
ping,badcausalbob,463
ping,badcausalcarl,394
ping,badcausalalice,378
pong,ping,badcausalalice,243
pong,ping,badcausalalice,222
pong,ping,badcausalbob,182
ping,badcausalbob,464
ping,badcausalcarl,395
ping,badcausalalice,379
pong,ping,badcausalcarl,222
pong,ping,badcausalalice,223
ping,badcausalbob,465
pong,ping,badcausalcarl,197
ping,badcausalcarl,396
pong,ping,badcausalcarl,223
pong,ping,badcausalbob,179
ping,badcausalalice,380
ping,badcausalbob,466
ping,badcausalcarl,397
pong,ping,badcausalcarl,198
pong,ping,badcausalalice,244
pong,ping,badcausalalice,224
ping,badcausalalice,381
ping,badcausalbob,467
ping,badcausalcarl,398
pong,ping,badcausalcarl,199
pong,ping,badcausalalice,245
pong,ping,badcausalalice,225
ping,badcausalalice,382
ping,badcausalbob,468
ping,badcausalcarl,399
pong,ping,badcausalcarl,200
pong,ping,badcausalcarl,224
pong,ping,badcausalbob,180
ping,badcausalalice,383
ping,badcausalbob,469
ping,badcausalcarl,400
pong,ping,badcausalcarl,201
pong,ping,badcausalcarl,225
pong,ping,badcausalalice,226
ping,badcausalalice,384
ping,badcausalbob,470
ping,badcausalcarl,401
pong,ping,badcausalcarl,202
pong,ping,badcausalcarl,226
pong,ping,badcausalbob,181
ping,badcausalalice,385
ping,badcausalbob,471
ping,badcausalcarl,402
pong,ping,badcausalcarl,203
pong,ping,badcausalcarl,227
pong,ping,badcausalbob,182
ping,badcausalalice,386
ping,badcausalbob,472
ping,badcausalcarl,403
pong,ping,badcausalcarl,204
pong,ping,badcausalcarl,228
pong,ping,badcausalalice,227
ping,badcausalalice,387
ping,badcausalbob,473
ping,badcausalcarl,404
pong,ping,badcausalcarl,205
pong,ping,badcausalalice,246
pong,ping,badcausalbob,183
ping,badcausalalice,388
ping,badcausalbob,474
ping,badcausalcarl,405
pong,ping,badcausalcarl,206
pong,ping,badcausalalice,247
pong,ping,badcausalbob,184
ping,badcausalalice,389
ping,badcausalbob,475
ping,badcausalcarl,406
pong,ping,badcausalcarl,207
pong,ping,badcausalcarl,229
pong,ping,badcausalalice,228
ping,badcausalalice,390
ping,badcausalbob,476
ping,badcausalcarl,407
pong,ping,badcausalbob,183
pong,ping,badcausalcarl,230
pong,ping,badcausalbob,185
ping,badcausalalice,391
ping,badcausalbob,477
ping,badcausalcarl,408
pong,ping,badcausalbob,184
pong,ping,badcausalcarl,231
pong,ping,badcausalbob,186
ping,badcausalalice,392
ping,badcausalbob,478
ping,badcausalcarl,409
pong,ping,badcausalcarl,208
pong,ping,badcausalcarl,232
pong,ping,badcausalbob,187
ping,badcausalalice,393
ping,badcausalbob,479
ping,badcausalcarl,410
pong,ping,badcausalbob,185
pong,ping,badcausalalice,248
pong,ping,badcausalbob,188
ping,badcausalalice,394
ping,badcausalbob,480
ping,badcausalcarl,411
pong,ping,badcausalbob,186
pong,ping,badcausalcarl,233
pong,ping,badcausalalice,229
ping,badcausalalice,395
ping,badcausalbob,481
ping,badcausalcarl,412
pong,ping,badcausalbob,187
pong,ping,badcausalalice,249
pong,ping,badcausalbob,189
ping,badcausalalice,396
ping,badcausalbob,482
ping,badcausalcarl,413
pong,ping,badcausalbob,188
pong,ping,badcausalcarl,234
pong,ping,badcausalbob,190
ping,badcausalalice,397
ping,badcausalbob,483
ping,badcausalcarl,414
pong,ping,badcausalcarl,209
pong,ping,badcausalcarl,235
pong,ping,badcausalbob,191
ping,badcausalalice,398
ping,badcausalbob,484
ping,badcausalcarl,415
pong,ping,badcausalcarl,210
pong,ping,badcausalalice,250
pong,ping,badcausalbob,192
ping,badcausalalice,399
ping,badcausalbob,485
ping,badcausalcarl,416
pong,ping,badcausalcarl,211
pong,ping,badcausalalice,251
pong,ping,badcausalbob,193
ping,badcausalalice,400
ping,badcausalbob,486
ping,badcausalcarl,417
pong,ping,badcausalcarl,212
pong,ping,badcausalalice,252
pong,ping,badcausalbob,194
ping,badcausalalice,401
ping,badcausalbob,487
ping,badcausalcarl,418
pong,ping,badcausalcarl,213
pong,ping,badcausalcarl,236
pong,ping,badcausalbob,195
ping,badcausalalice,402
ping,badcausalbob,488
ping,badcausalcarl,419
pong,ping,badcausalbob,189
pong,ping,badcausalalice,253
pong,ping,badcausalbob,196
ping,badcausalalice,403
ping,badcausalbob,489
ping,badcausalcarl,420
pong,ping,badcausalbob,190
pong,ping,badcausalalice,254
pong,ping,badcausalbob,197
ping,badcausalalice,404
ping,badcausalbob,490
ping,badcausalcarl,421
pong,ping,badcausalbob,191
pong,ping,badcausalcarl,237
pong,ping,badcausalbob,198
ping,badcausalalice,405
ping,badcausalbob,491
ping,badcausalcarl,422
pong,ping,badcausalbob,192
pong,ping,badcausalcarl,238
pong,ping,badcausalalice,230
ping,badcausalalice,406
ping,badcausalbob,492
ping,badcausalcarl,423
pong,ping,badcausalbob,193
pong,ping,badcausalcarl,239
pong,ping,badcausalalice,231
ping,badcausalalice,407
ping,badcausalbob,493
ping,badcausalcarl,424
pong,ping,badcausalbob,194
pong,ping,badcausalalice,255
pong,ping,badcausalbob,199
ping,badcausalalice,408
ping,badcausalbob,494
ping,badcausalcarl,425
pong,ping,badcausalbob,195
pong,ping,badcausalalice,256
pong,ping,badcausalbob,200
ping,badcausalalice,409
ping,badcausalbob,495
ping,badcausalcarl,426
pong,ping,badcausalbob,196
pong,ping,badcausalcarl,240
pong,ping,badcausalbob,201
ping,badcausalalice,410
ping,badcausalbob,496
ping,badcausalcarl,427
pong,ping,badcausalbob,197
pong,ping,badcausalcarl,241
pong,ping,badcausalbob,202
ping,badcausalalice,411
ping,badcausalbob,497
ping,badcausalcarl,428
pong,ping,badcausalbob,198
pong,ping,badcausalalice,257
pong,ping,badcausalalice,232
ping,badcausalalice,412
ping,badcausalbob,498
ping,badcausalcarl,429
pong,ping,badcausalcarl,214
pong,ping,badcausalalice,258
pong,ping,badcausalalice,233
ping,badcausalalice,413
ping,badcausalbob,499
ping,badcausalcarl,430
pong,ping,badcausalbob,199
pong,ping,badcausalcarl,242
pong,ping,badcausalbob,203
ping,badcausalalice,414
ping,badcausalbob,500
ping,badcausalcarl,431
pong,ping,badcausalbob,200
pong,ping,badcausalcarl,243
pong,ping,badcausalalice,234
ping,badcausalalice,415
ping,badcausalbob,501
ping,badcausalcarl,432
pong,ping,badcausalbob,201
pong,ping,badcausalcarl,244
pong,ping,badcausalalice,235
ping,badcausalalice,416
ping,badcausalbob,502
ping,badcausalcarl,433
pong,ping,badcausalbob,202
pong,ping,badcausalcarl,245
pong,ping,badcausalbob,204
ping,badcausalalice,417
ping,badcausalbob,503
ping,badcausalcarl,434
pong,ping,badcausalcarl,215
pong,ping,badcausalalice,259
pong,ping,badcausalbob,205
ping,badcausalalice,418
ping,badcausalbob,504
ping,badcausalcarl,435
pong,ping,badcausalbob,203
pong,ping,badcausalalice,260
pong,ping,badcausalbob,206
ping,badcausalalice,419
ping,badcausalbob,505
ping,badcausalcarl,436
pong,ping,badcausalcarl,216
pong,ping,badcausalcarl,246
pong,ping,badcausalbob,207
ping,badcausalalice,420
ping,badcausalbob,506
ping,badcausalcarl,437
pong,ping,badcausalbob,204
pong,ping,badcausalcarl,247
pong,ping,badcausalbob,208
ping,badcausalalice,421
ping,badcausalbob,507
ping,badcausalcarl,438
pong,ping,badcausalbob,205
pong,ping,badcausalcarl,248
pong,ping,badcausalbob,209
ping,badcausalalice,422
ping,badcausalbob,508
ping,badcausalcarl,439
pong,ping,badcausalbob,206
pong,ping,badcausalalice,261
pong,ping,badcausalbob,210
ping,badcausalalice,423
ping,badcausalbob,509
ping,badcausalcarl,440
pong,ping,badcausalbob,207
pong,ping,badcausalalice,262
pong,ping,badcausalalice,236
ping,badcausalalice,424
ping,badcausalbob,510
ping,badcausalcarl,441
pong,ping,badcausalbob,208
pong,ping,badcausalcarl,249
pong,ping,badcausalbob,211
ping,badcausalalice,425
ping,badcausalbob,511
ping,badcausalcarl,442
pong,ping,badcausalbob,209
pong,ping,badcausalcarl,250
pong,ping,badcausalbob,212
ping,badcausalalice,426
ping,badcausalbob,512
ping,badcausalcarl,443
pong,ping,badcausalbob,210
pong,ping,badcausalcarl,251
pong,ping,badcausalbob,213
ping,badcausalalice,427
ping,badcausalbob,513
ping,badcausalcarl,444
pong,ping,badcausalcarl,217
pong,ping,badcausalcarl,252
pong,ping,badcausalalice,237
ping,badcausalalice,428
ping,badcausalbob,514
ping,badcausalcarl,445
pong,ping,badcausalbob,211
pong,ping,badcausalcarl,253
pong,ping,badcausalalice,238
ping,badcausalalice,429
ping,badcausalbob,515
ping,badcausalcarl,446
pong,ping,badcausalbob,212
pong,ping,badcausalcarl,254
pong,ping,badcausalalice,239
ping,badcausalalice,430
ping,badcausalbob,516
ping,badcausalcarl,447
pong,ping,badcausalbob,213
pong,ping,badcausalcarl,255
pong,ping,badcausalalice,240
ping,badcausalalice,431
ping,badcausalbob,517
ping,badcausalcarl,448
pong,ping,badcausalcarl,218
pong,ping,badcausalcarl,256
pong,ping,badcausalalice,241
ping,badcausalalice,432
ping,badcausalbob,518
ping,badcausalcarl,449
pong,ping,badcausalcarl,219
pong,ping,badcausalcarl,257
pong,ping,badcausalalice,242
ping,badcausalalice,433
ping,badcausalbob,519
ping,badcausalcarl,450
pong,ping,badcausalcarl,220
pong,ping,badcausalcarl,258
pong,ping,badcausalalice,243
ping,badcausalalice,434
ping,badcausalbob,520
ping,badcausalcarl,451
pong,ping,badcausalcarl,221
pong,ping,badcausalcarl,259
pong,ping,badcausalbob,214
ping,badcausalalice,435
ping,badcausalbob,521
ping,badcausalcarl,452
pong,ping,badcausalbob,214
pong,ping,badcausalcarl,260
pong,ping,badcausalbob,215
ping,badcausalalice,436
ping,badcausalbob,522
ping,badcausalcarl,453
pong,ping,badcausalbob,215
pong,ping,badcausalcarl,261
pong,ping,badcausalbob,216
ping,badcausalalice,437
ping,badcausalbob,523
ping,badcausalcarl,454
pong,ping,badcausalbob,216
pong,ping,badcausalalice,263
pong,ping,badcausalbob,217
ping,badcausalalice,438
ping,badcausalbob,524
ping,badcausalcarl,455
pong,ping,badcausalbob,217
pong,ping,badcausalalice,264
pong,ping,badcausalbob,218
ping,badcausalalice,439
ping,badcausalbob,525
ping,badcausalcarl,456
pong,ping,badcausalbob,218
pong,ping,badcausalalice,265
pong,ping,badcausalbob,219
ping,badcausalalice,440
ping,badcausalbob,526
ping,badcausalcarl,457
pong,ping,badcausalbob,219
pong,ping,badcausalalice,266
pong,ping,badcausalbob,220
ping,badcausalalice,441
ping,badcausalbob,527
ping,badcausalcarl,458
pong,ping,badcausalbob,220
pong,ping,badcausalcarl,262
pong,ping,badcausalalice,244
ping,badcausalalice,442
ping,badcausalbob,528
ping,badcausalcarl,459
pong,ping,badcausalcarl,222
pong,ping,badcausalcarl,263
pong,ping,badcausalalice,245
ping,badcausalalice,443
ping,badcausalbob,529
ping,badcausalcarl,460
pong,ping,badcausalcarl,223
pong,ping,badcausalcarl,264
pong,ping,badcausalbob,221
ping,badcausalalice,444
ping,badcausalbob,530
ping,badcausalcarl,461
pong,ping,badcausalbob,221
pong,ping,badcausalcarl,265
pong,ping,badcausalbob,222
ping,badcausalalice,445
ping,badcausalbob,531
ping,badcausalcarl,462
pong,ping,badcausalbob,222
pong,ping,badcausalcarl,266
pong,ping,badcausalbob,223
ping,badcausalalice,446
ping,badcausalbob,532
ping,badcausalcarl,463
pong,ping,badcausalbob,223
pong,ping,badcausalalice,267
pong,ping,badcausalbob,224
ping,badcausalalice,447
ping,badcausalbob,533
ping,badcausalcarl,464
pong,ping,badcausalbob,224
pong,ping,badcausalalice,268
pong,ping,badcausalalice,246
ping,badcausalalice,448
ping,badcausalbob,534
ping,badcausalcarl,465
pong,ping,badcausalcarl,224
pong,ping,badcausalcarl,267
pong,ping,badcausalalice,247
ping,badcausalalice,449
ping,badcausalbob,535
ping,badcausalcarl,466
pong,ping,badcausalcarl,225
pong,ping,badcausalalice,269
pong,ping,badcausalbob,225
ping,badcausalalice,450
ping,badcausalbob,536
ping,badcausalcarl,467
pong,ping,badcausalcarl,226
pong,ping,badcausalcarl,268
pong,ping,badcausalbob,226
ping,badcausalalice,451
ping,badcausalbob,537
ping,badcausalcarl,468
pong,ping,badcausalcarl,227
pong,ping,badcausalalice,270
pong,ping,badcausalbob,227
ping,badcausalalice,452
ping,badcausalbob,538
ping,badcausalcarl,469
pong,ping,badcausalcarl,228
pong,ping,badcausalalice,271
pong,ping,badcausalbob,228
ping,badcausalalice,453
ping,badcausalbob,539
ping,badcausalcarl,470
pong,ping,badcausalcarl,229
pong,ping,badcausalalice,272
pong,ping,badcausalalice,248
ping,badcausalalice,454
ping,badcausalbob,540
ping,badcausalcarl,471
pong,ping,badcausalcarl,230
pong,ping,badcausalcarl,269
pong,ping,badcausalbob,229
ping,badcausalalice,455
ping,badcausalbob,541
ping,badcausalcarl,472
pong,ping,badcausalcarl,231
pong,ping,badcausalalice,273
pong,ping,badcausalbob,230
ping,badcausalalice,456
ping,badcausalbob,542
ping,badcausalcarl,473
pong,ping,badcausalbob,225
pong,ping,badcausalcarl,270
pong,ping,badcausalbob,231
ping,badcausalalice,457
ping,badcausalbob,543
ping,badcausalcarl,474
pong,ping,badcausalbob,226
pong,ping,badcausalcarl,271
pong,ping,badcausalbob,232
ping,badcausalalice,458
ping,badcausalbob,544
ping,badcausalcarl,475
pong,ping,badcausalbob,227
pong,ping,badcausalcarl,272
pong,ping,badcausalbob,233
ping,badcausalalice,459
ping,badcausalbob,545
ping,badcausalcarl,476
pong,ping,badcausalbob,228
pong,ping,badcausalcarl,273
pong,ping,badcausalalice,249
ping,badcausalalice,460
ping,badcausalbob,546
ping,badcausalcarl,477
pong,ping,badcausalcarl,232
pong,ping,badcausalcarl,274
pong,ping,badcausalbob,234
ping,badcausalalice,461
ping,badcausalbob,547
ping,badcausalcarl,478
pong,ping,badcausalbob,229
pong,ping,badcausalalice,274
pong,ping,badcausalalice,250
ping,badcausalalice,462
ping,badcausalbob,548
ping,badcausalcarl,479
pong,ping,badcausalbob,230
pong,ping,badcausalalice,275
pong,ping,badcausalalice,251
ping,badcausalalice,463
ping,badcausalbob,549
ping,badcausalcarl,480
pong,ping,badcausalbob,231
pong,ping,badcausalcarl,275
pong,ping,badcausalbob,235
ping,badcausalalice,464
ping,badcausalbob,550
ping,badcausalcarl,481
pong,ping,badcausalbob,232
pong,ping,badcausalalice,276
pong,ping,badcausalbob,236
ping,badcausalalice,465
ping,badcausalbob,551
ping,badcausalcarl,482
pong,ping,badcausalbob,233
pong,ping,badcausalcarl,276
pong,ping,badcausalalice,252
ping,badcausalalice,466
ping,badcausalbob,552
ping,badcausalcarl,483
pong,ping,badcausalcarl,233
pong,ping,badcausalalice,277
pong,ping,badcausalbob,237
ping,badcausalalice,467
ping,badcausalbob,553
ping,badcausalcarl,484
pong,ping,badcausalbob,234
pong,ping,badcausalcarl,277
pong,ping,badcausalbob,238
ping,badcausalalice,468
ping,badcausalbob,554
ping,badcausalcarl,485
pong,ping,badcausalcarl,234
pong,ping,badcausalcarl,278
pong,ping,badcausalbob,239
ping,badcausalalice,469
ping,badcausalbob,555
ping,badcausalcarl,486
pong,ping,badcausalcarl,235
pong,ping,badcausalcarl,279
pong,ping,badcausalbob,240
ping,badcausalalice,470
ping,badcausalbob,556
ping,badcausalcarl,487
pong,ping,badcausalbob,235
pong,ping,badcausalalice,278
pong,ping,badcausalalice,253
ping,badcausalalice,471
ping,badcausalbob,557
ping,badcausalcarl,488
pong,ping,badcausalbob,236
pong,ping,badcausalalice,279
pong,ping,badcausalalice,254
ping,badcausalalice,472
ping,badcausalbob,558
ping,badcausalcarl,489
pong,ping,badcausalcarl,236
pong,ping,badcausalcarl,280
pong,ping,badcausalbob,241
ping,badcausalalice,473
ping,badcausalbob,559
ping,badcausalcarl,490
pong,ping,badcausalbob,237
pong,ping,badcausalcarl,281
pong,ping,badcausalbob,242
ping,badcausalalice,474
ping,badcausalbob,560
ping,badcausalcarl,491
pong,ping,badcausalbob,238
pong,ping,badcausalcarl,282
pong,ping,badcausalbob,243
ping,badcausalalice,475
ping,badcausalbob,561
ping,badcausalcarl,492
pong,ping,badcausalbob,239
pong,ping,badcausalalice,280
pong,ping,badcausalbob,244
ping,badcausalalice,476
ping,badcausalbob,562
ping,badcausalcarl,493
pong,ping,badcausalbob,240
pong,ping,badcausalalice,281
pong,ping,badcausalbob,245
ping,badcausalalice,477
ping,badcausalbob,563
ping,badcausalcarl,494
pong,ping,badcausalcarl,237
pong,ping,badcausalalice,282
pong,ping,badcausalbob,246
ping,badcausalalice,478
ping,badcausalbob,564
ping,badcausalcarl,495
pong,ping,badcausalcarl,238
pong,ping,badcausalalice,283
pong,ping,badcausalbob,247
ping,badcausalalice,479
ping,badcausalbob,565
ping,badcausalcarl,496
pong,ping,badcausalcarl,239
pong,ping,badcausalalice,284
pong,ping,badcausalbob,248
ping,badcausalalice,480
ping,badcausalbob,566
ping,badcausalcarl,497
pong,ping,badcausalbob,241
pong,ping,badcausalcarl,283
pong,ping,badcausalbob,249
ping,badcausalalice,481
ping,badcausalbob,567
ping,badcausalcarl,498
pong,ping,badcausalbob,242
pong,ping,badcausalcarl,284
pong,ping,badcausalbob,250
ping,badcausalalice,482
ping,badcausalbob,568
ping,badcausalcarl,499
pong,ping,badcausalbob,243
pong,ping,badcausalcarl,285
pong,ping,badcausalbob,251
ping,badcausalalice,483
ping,badcausalbob,569
ping,badcausalcarl,500
pong,ping,badcausalbob,244
pong,ping,badcausalcarl,286
pong,ping,badcausalbob,252
ping,badcausalalice,484
ping,badcausalbob,570
ping,badcausalcarl,501
pong,ping,badcausalbob,245
pong,ping,badcausalcarl,287
pong,ping,badcausalalice,255
ping,badcausalalice,485
ping,badcausalbob,571
ping,badcausalcarl,502
pong,ping,badcausalbob,246
pong,ping,badcausalcarl,288
pong,ping,badcausalalice,256
ping,badcausalalice,486
ping,badcausalbob,572
ping,badcausalcarl,503
pong,ping,badcausalbob,247
pong,ping,badcausalcarl,289
pong,ping,badcausalbob,253
ping,badcausalalice,487
ping,badcausalbob,573
ping,badcausalcarl,504
pong,ping,badcausalbob,248
pong,ping,badcausalcarl,290
pong,ping,badcausalbob,254
ping,badcausalalice,488
ping,badcausalbob,574
ping,badcausalcarl,505
pong,ping,badcausalbob,249
pong,ping,badcausalcarl,291
pong,ping,badcausalbob,255
ping,badcausalalice,489
ping,badcausalbob,575
ping,badcausalcarl,506
pong,ping,badcausalbob,250
pong,ping,badcausalcarl,292
pong,ping,badcausalalice,257
ping,badcausalalice,490
ping,badcausalbob,576
ping,badcausalcarl,507
pong,ping,badcausalbob,251
pong,ping,badcausalcarl,293
pong,ping,badcausalalice,258
ping,badcausalalice,491
ping,badcausalbob,577
ping,badcausalcarl,508
pong,ping,badcausalbob,252
pong,ping,badcausalcarl,294
pong,ping,badcausalbob,256
ping,badcausalalice,492
ping,badcausalbob,578
ping,badcausalcarl,509
pong,ping,badcausalcarl,295
pong,ping,badcausalalice,259
ping,badcausalbob,579
ping,badcausalcarl,510
pong,ping,badcausalcarl,296
pong,ping,badcausalalice,260
ping,badcausalbob,580
ping,badcausalcarl,511
pong,ping,badcausalalice,285
pong,ping,badcausalbob,257
ping,badcausalbob,581
ping,badcausalcarl,512
pong,ping,badcausalalice,286
pong,ping,badcausalalice,261
ping,badcausalbob,582
ping,badcausalcarl,513
pong,ping,badcausalalice,287
pong,ping,badcausalalice,262
ping,badcausalbob,583
ping,badcausalcarl,514
pong,ping,badcausalcarl,297
pong,ping,badcausalbob,258
ping,badcausalbob,584
ping,badcausalcarl,515
pong,ping,badcausalcarl,298
pong,ping,badcausalbob,259
ping,badcausalbob,585
ping,badcausalcarl,516
pong,ping,badcausalcarl,299
pong,ping,badcausalalice,263
ping,badcausalbob,586
ping,badcausalcarl,517
pong,ping,badcausalalice,288
pong,ping,badcausalalice,264
ping,badcausalbob,587
ping,badcausalcarl,518
pong,ping,badcausalalice,289
pong,ping,badcausalalice,265
ping,badcausalbob,588
ping,badcausalcarl,519
pong,ping,badcausalcarl,300
pong,ping,badcausalalice,266
ping,badcausalbob,589
ping,badcausalcarl,520
pong,ping,badcausalcarl,301
pong,ping,badcausalbob,260
ping,badcausalbob,590
ping,badcausalcarl,521
pong,ping,badcausalalice,290
pong,ping,badcausalalice,267
ping,badcausalbob,591
ping,badcausalcarl,522
pong,ping,badcausalalice,291
pong,ping,badcausalalice,268
ping,badcausalbob,592
ping,badcausalcarl,523
pong,ping,badcausalcarl,240
pong,ping,badcausalalice,292
pong,ping,badcausalbob,261
ping,badcausalalice,493
ping,badcausalbob,593
ping,badcausalcarl,524
pong,ping,badcausalcarl,241
pong,ping,badcausalalice,293
pong,ping,badcausalalice,269
ping,badcausalalice,494
ping,badcausalbob,594
ping,badcausalcarl,525
pong,ping,badcausalbob,253
pong,ping,badcausalcarl,302
pong,ping,badcausalbob,262
ping,badcausalalice,495
ping,badcausalbob,595
ping,badcausalcarl,526
pong,ping,badcausalbob,254
pong,ping,badcausalalice,294
pong,ping,badcausalbob,263
ping,badcausalalice,496
ping,badcausalbob,596
ping,badcausalcarl,527
pong,ping,badcausalbob,255
pong,ping,badcausalalice,295
pong,ping,badcausalalice,270
ping,badcausalalice,497
ping,badcausalbob,597
ping,badcausalcarl,528
pong,ping,badcausalcarl,242
pong,ping,badcausalcarl,303
pong,ping,badcausalalice,271
ping,badcausalalice,498
ping,badcausalbob,598
ping,badcausalcarl,529
pong,ping,badcausalcarl,243
pong,ping,badcausalcarl,304
pong,ping,badcausalalice,272
ping,badcausalalice,499
ping,badcausalbob,599
ping,badcausalcarl,530
pong,ping,badcausalcarl,244
pong,ping,badcausalcarl,305
pong,ping,badcausalbob,264
ping,badcausalalice,500
ping,badcausalbob,600
ping,badcausalcarl,531
pong,ping,badcausalcarl,245
pong,ping,badcausalalice,296
pong,ping,badcausalbob,265
ping,badcausalalice,501
ping,badcausalbob,601
ping,badcausalcarl,532
pong,ping,badcausalbob,256
pong,ping,badcausalalice,297
pong,ping,badcausalbob,266
ping,badcausalalice,502
ping,badcausalbob,602
ping,badcausalcarl,533
pong,ping,badcausalcarl,246
pong,ping,badcausalcarl,306
pong,ping,badcausalbob,267
ping,badcausalalice,503
ping,badcausalbob,603
ping,badcausalcarl,534
pong,ping,badcausalcarl,247
pong,ping,badcausalalice,298
pong,ping,badcausalbob,268
ping,badcausalalice,504
ping,badcausalbob,604
ping,badcausalcarl,535
pong,ping,badcausalcarl,248
pong,ping,badcausalcarl,307
pong,ping,badcausalalice,273
ping,badcausalalice,505
ping,badcausalbob,605
ping,badcausalcarl,536
pong,ping,badcausalbob,257
pong,ping,badcausalcarl,308
pong,ping,badcausalbob,269
ping,badcausalalice,506
ping,badcausalbob,606
ping,badcausalcarl,537
pong,ping,badcausalcarl,249
pong,ping,badcausalalice,299
pong,ping,badcausalbob,270
ping,badcausalalice,507
ping,badcausalbob,607
ping,badcausalcarl,538
pong,ping,badcausalcarl,250
pong,ping,badcausalcarl,309
pong,ping,badcausalbob,271
ping,badcausalalice,508
ping,badcausalbob,608
ping,badcausalcarl,539
pong,ping,badcausalcarl,251
pong,ping,badcausalalice,300
pong,ping,badcausalbob,272
ping,badcausalalice,509
ping,badcausalbob,609
ping,badcausalcarl,540
pong,ping,badcausalcarl,252
pong,ping,badcausalcarl,310
pong,ping,badcausalbob,273
ping,badcausalalice,510
ping,badcausalbob,610
ping,badcausalcarl,541
pong,ping,badcausalcarl,253
pong,ping,badcausalalice,301
pong,ping,badcausalalice,274
ping,badcausalalice,511
ping,badcausalbob,611
ping,badcausalcarl,542
pong,ping,badcausalcarl,254
pong,ping,badcausalcarl,311
pong,ping,badcausalbob,274
ping,badcausalalice,512
ping,badcausalbob,612
ping,badcausalcarl,543
pong,ping,badcausalcarl,255
pong,ping,badcausalalice,302
pong,ping,badcausalbob,275
ping,badcausalalice,513
ping,badcausalbob,613
ping,badcausalcarl,544
pong,ping,badcausalcarl,256
pong,ping,badcausalcarl,312
pong,ping,badcausalalice,275
ping,badcausalalice,514
ping,badcausalbob,614
ping,badcausalcarl,545
pong,ping,badcausalcarl,257
pong,ping,badcausalalice,303
pong,ping,badcausalalice,276
ping,badcausalalice,515
ping,badcausalbob,615
ping,badcausalcarl,546
pong,ping,badcausalcarl,258
pong,ping,badcausalcarl,313
pong,ping,badcausalbob,276
ping,badcausalalice,516
ping,badcausalbob,616
ping,badcausalcarl,547
pong,ping,badcausalcarl,259
pong,ping,badcausalcarl,314
pong,ping,badcausalbob,277
ping,badcausalalice,517
ping,badcausalbob,617
ping,badcausalcarl,548
pong,ping,badcausalcarl,260
pong,ping,badcausalcarl,315
pong,ping,badcausalbob,278
ping,badcausalalice,518
ping,badcausalbob,618
ping,badcausalcarl,549
pong,ping,badcausalcarl,261
pong,ping,badcausalcarl,316
pong,ping,badcausalalice,277
ping,badcausalalice,519
ping,badcausalbob,619
ping,badcausalcarl,550
pong,ping,badcausalbob,258
pong,ping,badcausalcarl,317
pong,ping,badcausalbob,279
ping,badcausalalice,520
ping,badcausalbob,620
ping,badcausalcarl,551
pong,ping,badcausalbob,259
pong,ping,badcausalcarl,318
pong,ping,badcausalalice,278
ping,badcausalalice,521
ping,badcausalbob,621
ping,badcausalcarl,552
pong,ping,badcausalcarl,262
pong,ping,badcausalcarl,319
pong,ping,badcausalalice,279
ping,badcausalalice,522
ping,badcausalbob,622
ping,badcausalcarl,553
pong,ping,badcausalcarl,263
pong,ping,badcausalcarl,320
pong,ping,badcausalalice,280
ping,badcausalalice,523
ping,badcausalbob,623
ping,badcausalcarl,554
pong,ping,badcausalbob,260
pong,ping,badcausalcarl,321
pong,ping,badcausalalice,281
ping,badcausalalice,524
ping,badcausalbob,624
ping,badcausalcarl,555
pong,ping,badcausalcarl,264
pong,ping,badcausalcarl,322
pong,ping,badcausalalice,282
ping,badcausalalice,525
ping,badcausalbob,625
ping,badcausalcarl,556
pong,ping,badcausalcarl,265
pong,ping,badcausalcarl,323
pong,ping,badcausalalice,283
ping,badcausalalice,526
ping,badcausalbob,626
ping,badcausalcarl,557
pong,ping,badcausalcarl,266
pong,ping,badcausalcarl,324
pong,ping,badcausalbob,280
ping,badcausalalice,527
ping,badcausalbob,627
ping,badcausalcarl,558
pong,ping,badcausalbob,261
pong,ping,badcausalcarl,325
pong,ping,badcausalbob,281
ping,badcausalalice,528
ping,badcausalbob,628
ping,badcausalcarl,559
pong,ping,badcausalcarl,267
pong,ping,badcausalcarl,326
pong,ping,badcausalalice,284
ping,badcausalalice,529
ping,badcausalbob,629
ping,badcausalcarl,560
pong,ping,badcausalbob,262
pong,ping,badcausalcarl,327
pong,ping,badcausalbob,282
ping,badcausalbob,630
ping,badcausalcarl,561
