bob,1
carl,8
alice,7
alice,8
alice,9
bob,2
bob,3
bob,4
alice,10
alice,11
bob,5
carl,9
alice,12
bob,6
carl,10
carl,11
carl,12
alice,13
bob,7
alice,14
bob,8
alice,15
alice,16
alice,17
alice,18
carl,13
carl,14
carl,15
carl,16
carl,17
carl,18
carl,19
bob,9
bob,10
alice,19
alice,20
carl,20
carl,21
carl,22
carl,23
carl,24
bob,11
alice,21
alice,22
alice,23
carl,25
carl,26
carl,27
carl,28
carl,29
carl,30
carl,31
carl,32
carl,33
bob,12
bob,13
bob,14
bob,15
bob,16
alice,24
bob,17
alice,25
bob,18
bob,19
bob,20
bob,21
carl,34
carl,35
carl,36
carl,37
carl,38
carl,39
carl,40
carl,41
bob,22
bob,23
alice,26
bob,24
carl,42
carl,43
carl,44
carl,45
carl,46
bob,25
bob,26
alice,27
carl,47
carl,48
carl,49
carl,50
carl,51
carl,52
bob,27
alice,28
bob,28
alice,29
bob,29
alice,30
alice,31
alice,32
alice,33
alice,34
carl,53
carl,54
carl,55
bob,30
alice,35
alice,36
carl,56
carl,57
carl,58
carl,59
bob,31
bob,32
alice,37
alice,38
alice,39
carl,60
carl,61
carl,62
carl,63
carl,64
carl,65
carl,66
bob,33
alice,40
alice,41
alice,42
alice,43
carl,67
carl,68
bob,34
bob,35
bob,36
alice,44
alice,45
alice,46
alice,47
alice,48
carl,69
carl,70
carl,71
carl,72
carl,73
carl,74
bob,37
bob,38
bob,39
carl,75
bob,40
carl,76
carl,77
alice,49
alice,50
bob,41
carl,78
carl,79
carl,80
carl,81
carl,82
carl,83
carl,84
alice,51
carl,85
alice,52
carl,86
carl,87
carl,88
carl,89
carl,90
bob,42
bob,43
bob,44
alice,53
alice,54
alice,55
alice,56
carl,91
carl,92
bob,45
bob,46
alice,57
alice,58
alice,59
carl,93
carl,94
carl,95
carl,96
carl,97
carl,98
carl,99
bob,47
bob,48
bob,49
bob,50
bob,51
bob,52
bob,53
alice,60
alice,61
alice,62
carl,100
carl,101
carl,102
carl,103
carl,104
bob,54
alice,63
alice,64
alice,65
alice,66
alice,67
alice,68
alice,69
carl,105
carl,106
carl,107
carl,108
carl,109
bob,55
alice,70
alice,71
alice,72
alice,73
alice,74
alice,75
carl,110
carl,111
carl,112
carl,113
bob,56
alice,76
alice,77
alice,78
carl,114
carl,115
carl,116
bob,57
bob,58
alice,79
alice,80
alice,81
carl,117
bob,59
bob,60
bob,61
alice,82
alice,83
alice,84
carl,118
bob,62
alice,85
carl,119
bob,63
alice,86
alice,87
alice,88
carl,120
carl,121
carl,122
carl,123
carl,124
bob,64
bob,65
alice,89
alice,90
alice,91
alice,92
alice,93
carl,125
alice,94
alice,95
alice,96
alice,97
bob,66
alice,98
carl,126
carl,127
carl,128
carl,129
carl,130
carl,131
carl,132
bob,67
bob,68
bob,69
bob,70
alice,99
alice,100
alice,101
carl,133
bob,71
alice,102
alice,103
carl,134
carl,135
carl,136
carl,137
bob,72
bob,73
bob,74
alice,104
carl,138
carl,139
bob,75
bob,76
bob,77
alice,105
alice,106
alice,107
carl,140
bob,78
bob,79
bob,80
bob,81
bob,82
alice,108
alice,109
carl,141
carl,142
carl,143
bob,83
bob,84
bob,85
alice,110
alice,111
alice,112
alice,113
carl,144
alice,114
carl,145
carl,146
carl,147
bob,86
bob,87
bob,88
alice,115
alice,116
carl,148
bob,89
alice,117
alice,118
alice,119
carl,149
carl,150
bob,90
bob,91
bob,92
bob,93
bob,94
bob,95
bob,96
bob,97
bob,98
alice,120
carl,151
bob,99
alice,121
alice,122
alice,123
carl,152
bob,100
alice,124
alice,125
carl,153
carl,154
carl,155
carl,156
bob,101
alice,126
carl,157
carl,158
carl,159
carl,160
carl,161
bob,102
bob,103
alice,127
carl,162
carl,163
carl,164
carl,165
carl,166
carl,167
carl,168
carl,169
carl,170
carl,171
carl,172
carl,173
carl,174
bob,104
bob,105
bob,106
bob,107
bob,108
bob,109
bob,110
alice,128
alice,129
carl,175
carl,176
bob,111
bob,112
alice,130
alice,131
carl,177
carl,178
carl,179
carl,180
carl,181
carl,182
carl,183
carl,184
carl,185
bob,113
alice,132
alice,133
alice,134
carl,186
carl,187
carl,188
bob,114
bob,115
bob,116
bob,117
bob,118
alice,135
carl,189
carl,190
carl,191
carl,192
carl,193
carl,194
carl,195
carl,196
bob,119
bob,120
bob,121
bob,122
bob,123
bob,124
bob,125
bob,126
bob,127
bob,128
bob,129
alice,136
carl,197
bob,130
alice,137
carl,198
carl,199
bob,131
bob,132
alice,138
alice,139
alice,140
alice,141
alice,142
alice,143
alice,144
alice,145
carl,200
carl,201
carl,202
bob,133
bob,134
alice,146
alice,147
carl,203
carl,204
bob,135
bob,136
bob,137
bob,138
alice,148
alice,149
alice,150
alice,151
alice,152
alice,153
alice,154
alice,155
alice,156
alice,157
alice,158
alice,159
alice,160
alice,161
alice,162
alice,163
carl,205
carl,206
carl,207
bob,139
alice,164
alice,165
carl,208
bob,140
bob,141
alice,166
carl,209
bob,142
bob,143
alice,167
carl,210
bob,144
bob,145
bob,146
alice,168
carl,211
carl,212
carl,213
bob,147
bob,148
alice,169
alice,170
alice,171
alice,172
alice,173
carl,214
bob,149
bob,150
bob,151
bob,152
bob,153
bob,154
alice,174
carl,215
bob,155
bob,156
bob,157
alice,175
carl,216
carl,217
carl,218
carl,219
carl,220
carl,221
carl,222
bob,158
bob,159
bob,160
bob,161
alice,176
carl,223
carl,224
carl,225
bob,162
bob,163
alice,177
alice,178
alice,179
alice,180
alice,181
alice,182
alice,183
alice,184
carl,226
carl,227
carl,228
carl,229
carl,230
bob,164
alice,185
carl,231
carl,232
carl,233
carl,234
carl,235
carl,236
carl,237
carl,238
bob,165
bob,166
alice,186
alice,187
carl,239
carl,240
carl,241
carl,242
carl,243
bob,167
bob,168
alice,188
alice,189
alice,190
carl,244
bob,169
alice,191
alice,192
carl,245
carl,246
carl,247
bob,170
alice,193
alice,194
alice,195
alice,196
alice,197
carl,248
carl,249
carl,250
bob,171
bob,172
bob,173
bob,174
alice,198
alice,199
alice,200
alice,201
alice,202
carl,251
carl,252
carl,253
carl,254
carl,255
bob,175
bob,176
bob,177
bob,178
bob,179
bob,180
bob,181
bob,182
bob,183
alice,203
alice,204
carl,256
bob,184
bob,185
bob,186
bob,187
bob,188
bob,189
alice,205
alice,206
alice,207
alice,208
carl,257
bob,190
alice,209
carl,258
bob,191
alice,210
carl,259
carl,260
carl,261
carl,262
bob,192
bob,193
bob,194
bob,195
alice,211
carl,263
bob,196
alice,212
carl,264
carl,265
bob,197
bob,198
bob,199
alice,213
alice,214
carl,266
bob,200
alice,215
alice,216
alice,217
carl,267
carl,268
carl,269
carl,270
bob,201
bob,202
alice,218
alice,219
alice,220
alice,221
carl,271
carl,272
bob,203
alice,222
carl,273
carl,274
bob,204
bob,205
alice,223
carl,275
carl,276
carl,277
bob,206
alice,224
alice,225
carl,278
carl,279
carl,280
carl,281
bob,207
bob,208
bob,209
bob,210
alice,226
carl,282
bob,211
bob,212
alice,227
alice,228
carl,283
carl,284
carl,285
carl,286
carl,287
carl,288
bob,213
bob,214
alice,229
alice,230
alice,231
carl,289
carl,290
bob,215
bob,216
bob,217
bob,218
alice,232
carl,291
bob,219
bob,220
alice,233
carl,292
bob,221
alice,234
alice,235
carl,293
carl,294
carl,295
carl,296
carl,297
bob,222
bob,223
bob,224
bob,225
alice,236
alice,237
carl,298
carl,299
carl,300
carl,301
bob,226
bob,227
alice,238
carl,302
carl,303
carl,304
bob,228
bob,229
alice,239
carl,305
bob,230
alice,240
alice,241
alice,242
alice,243
alice,244
alice,245
carl,306
carl,307
carl,308
carl,309
bob,231
bob,232
bob,233
alice,246
alice,247
alice,248
alice,249
alice,250
alice,251
alice,252
alice,253
alice,254
alice,255
carl,310
bob,234
bob,235
bob,236
alice,256
carl,311
carl,312
carl,313
carl,314
carl,315
carl,316
carl,317
carl,318
bob,237
carl,319
bob,238
bob,239
carl,320
carl,321
carl,322
carl,323
carl,324
carl,325
carl,326
carl,327
alice,257
alice,258
bob,240
bob,241
bob,242
bob,243
alice,259
carl,328
bob,244
alice,260
carl,329
bob,245
bob,246
bob,247
bob,248
bob,249
bob,250
bob,251
bob,252
alice,261
alice,262
carl,330
bob,253
bob,254
bob,255
bob,256
alice,263
carl,331
bob,257
bob,258
alice,264
alice,265
carl,332
carl,333
bob,259
bob,260
alice,266
alice,267
alice,268
alice,269
bob,261
bob,262
carl,334
carl,335
alice,270
bob,263
bob,264
carl,336
carl,337
carl,338
carl,339
alice,271
alice,272
alice,273
bob,265
bob,266
alice,274
alice,275
carl,340
alice,276
bob,267
bob,268
bob,269
carl,341
carl,342
carl,343
carl,344
carl,345
alice,277
bob,270
alice,278
bob,271
alice,279
bob,272
bob,273
bob,274
bob,275
bob,276
bob,277
bob,278
carl,346
carl,347
carl,348
alice,280
alice,281
alice,282
bob,279
bob,280
bob,281
carl,349
alice,283
bob,282
bob,283
bob,284
bob,285
carl,350
carl,351
carl,352
carl,353
carl,354
carl,355
carl,356
carl,357
carl,358
carl,359
carl,360
carl,361
alice,284
bob,286
bob,287
bob,288
bob,289
bob,290
carl,362
alice,285
alice,286
alice,287
alice,288
alice,289
alice,290
alice,291
alice,292
bob,291
carl,363
carl,364
carl,365
carl,366
carl,367
alice,293
alice,294
alice,295
alice,296
bob,292
carl,368
alice,297
bob,293
bob,294
bob,295
bob,296
carl,369
alice,298
alice,299
alice,300
alice,301
alice,302
alice,303
bob,297
alice,304
bob,298
alice,305
bob,299
alice,306
alice,307
alice,308
carl,370
carl,371
carl,372
carl,373
carl,374
carl,375
carl,376
carl,377
carl,378
carl,379
bob,300
bob,301
alice,309
alice,310
alice,311
alice,312
alice,313
alice,314
alice,315
alice,316
alice,317
carl,380
carl,381
carl,382
carl,383
carl,384
carl,385
bob,302
alice,318
carl,386
carl,387
carl,388
carl,389
carl,390
bob,303
bob,304
alice,319
alice,320
bob,305
bob,306
bob,307
bob,308
bob,309
carl,391
bob,310
alice,321
alice,322
alice,323
alice,324
alice,325
alice,326
alice,327
alice,328
carl,392
bob,311
bob,312
bob,313
alice,329
alice,330
carl,393
bob,314
bob,315
alice,331
bob,316
alice,332
alice,333
alice,334
carl,394
carl,395
bob,317
bob,318
alice,335
alice,336
bob,319
carl,396
alice,337
alice,338
alice,339
bob,320
bob,321
carl,397
carl,398
alice,340
alice,341
alice,342
bob,322
bob,323
alice,343
carl,399
bob,324
bob,325
bob,326
alice,344
alice,345
bob,327
alice,346
alice,347
carl,400
carl,401
carl,402
bob,328
bob,329
alice,348
alice,349
alice,350
alice,351
carl,403
carl,404
bob,330
bob,331
bob,332
bob,333
alice,352
carl,405
carl,406
carl,407
carl,408
carl,409
carl,410
carl,411
bob,334
alice,353
carl,412
carl,413
bob,335
bob,336
alice,354
alice,355
carl,414
carl,415
bob,337
bob,338
bob,339
alice,356
bob,340
carl,416
carl,417
bob,341
bob,342
bob,343
alice,357
bob,344
alice,358
alice,359
alice,360
alice,361
carl,418
carl,419
alice,362
bob,345
bob,346
bob,347
bob,348
bob,349
bob,350
carl,420
carl,421
carl,422
alice,363
bob,351
bob,352
bob,353
bob,354
bob,355
carl,423
carl,424
carl,425
carl,426
alice,364
bob,356
bob,357
bob,358
bob,359
bob,360
carl,427
carl,428
carl,429
carl,430
carl,431
carl,432
alice,365
alice,366
bob,361
bob,362
carl,433
carl,434
carl,435
alice,367
bob,363
bob,364
bob,365
bob,366
bob,367
carl,436
carl,437
carl,438
carl,439
carl,440
carl,441
carl,442
alice,368
alice,369
bob,368
bob,369
carl,443
carl,444
carl,445
carl,446
carl,447
carl,448
carl,449
alice,370
bob,370
bob,371
bob,372
carl,450
alice,371
alice,372
alice,373
bob,373
bob,374
bob,375
bob,376
bob,377
carl,451
carl,452
carl,453
alice,374
alice,375
alice,376
alice,377
alice,378
bob,378
carl,454
carl,455
alice,379
alice,380
bob,379
bob,380
bob,381
bob,382
carl,456
alice,381
bob,383
bob,384
bob,385
carl,457
carl,458
carl,459
alice,382
alice,383
bob,386
carl,460
alice,384
alice,385
bob,387
carl,461
carl,462
carl,463
carl,464
alice,386
alice,387
bob,388
bob,389
bob,390
bob,391
bob,392
bob,393
carl,465
carl,466
alice,388
bob,394
carl,467
carl,468
carl,469
alice,389
bob,395
bob,396
carl,470
carl,471
alice,390
bob,397
bob,398
carl,472
alice,391
alice,392
alice,393
alice,394
alice,395
bob,399
carl,473
alice,396
alice,397
alice,398
alice,399
bob,400
bob,401
bob,402
bob,403
carl,474
alice,400
alice,401
alice,402
alice,403
alice,404
alice,405
alice,406
alice,407
bob,404
bob,405
bob,406
bob,407
bob,408
bob,409
bob,410
carl,475
carl,476
carl,477
carl,478
carl,479
carl,480
carl,481
alice,408
alice,409
alice,410
alice,411
alice,412
bob,411
bob,412
bob,413
bob,414
bob,415
carl,482
alice,413
bob,416
bob,417
bob,418
carl,483
carl,484
alice,414
alice,415
alice,416
alice,417
bob,419
carl,485
alice,418
alice,419
alice,420
bob,420
bob,421
bob,422
bob,423
bob,424
carl,486
alice,421
alice,422
bob,425
bob,426
bob,427
bob,428
bob,429
carl,487
alice,423
alice,424
alice,425
alice,426
alice,427
alice,428
alice,429
alice,430
alice,431
alice,432
alice,433
alice,434
alice,435
alice,436
bob,430
carl,488
alice,437
alice,438
bob,431
carl,489
carl,490
carl,491
carl,492
carl,493
carl,494
carl,495
carl,496
alice,439
bob,432
bob,433
bob,434
bob,435
carl,497
carl,498
carl,499
alice,440
bob,436
bob,437
carl,500
carl,501
carl,502
carl,503
carl,504
carl,505
carl,506
carl,507
carl,508
alice,441
alice,442
bob,438
bob,439
bob,440
bob,441
carl,509
carl,510
alice,443
bob,442
bob,443
bob,444
bob,445
bob,446
carl,511
carl,512
alice,444
alice,445
alice,446
bob,447
bob,448
bob,449
bob,450
carl,513
carl,514
carl,515
alice,447
alice,448
alice,449
bob,451
carl,516
alice,450
bob,452
bob,453
bob,454
bob,455
carl,517
carl,518
carl,519
alice,451
alice,452
bob,456
bob,457
bob,458
bob,459
carl,520
carl,521
alice,453
alice,454
alice,455
alice,456
bob,460
bob,461
bob,462
bob,463
bob,464
carl,522
carl,523
alice,457
bob,465
bob,466
carl,524
carl,525
carl,526
alice,458
alice,459
alice,460
alice,461
alice,462
alice,463
alice,464
alice,465
alice,466
alice,467
bob,467
bob,468
bob,469
bob,470
bob,471
bob,472
carl,527
alice,468
alice,469
alice,470
alice,471
alice,472
bob,473
carl,528
alice,473
bob,474
carl,529
alice,474
alice,475
bob,475
carl,530
carl,531
carl,532
carl,533
alice,476
alice,477
bob,476
bob,477
carl,534
bob,478
bob,479
alice,478
alice,479
alice,480
alice,481
alice,482
alice,483
alice,484
alice,485
alice,486
alice,487
carl,535
bob,480
alice,488
alice,489
alice,490
carl,536
carl,537
carl,538
carl,539
carl,540
carl,541
bob,481
alice,491
alice,492
carl,542
carl,543
carl,544
bob,482
bob,483
alice,493
alice,494
carl,545
carl,546
carl,547
bob,484
bob,485
bob,486
bob,487
bob,488
alice,495
alice,496
alice,497
alice,498
alice,499
carl,548
bob,489
alice,500
alice,501
alice,502
carl,549
carl,550
carl,551
carl,552
carl,553
carl,554
bob,490
alice,503
alice,504
alice,505
alice,506
alice,507
alice,508
alice,509
carl,555
carl,556
carl,557
bob,491
alice,510
alice,511
carl,558
carl,559
carl,560
bob,492
alice,512
alice,513
alice,514
alice,515
alice,516
alice,517
carl,561
carl,562
carl,563
carl,564
bob,493
alice,518
alice,519
alice,520
alice,521
carl,565
carl,566
bob,494
alice,522
alice,523
alice,524
alice,525
alice,526
alice,527
alice,528
carl,567
carl,568
bob,495
bob,496
alice,529
alice,530
alice,531
alice,532
alice,533
alice,534
alice,535
alice,536
alice,537
carl,569
carl,570
carl,571
bob,497
bob,498
carl,572
carl,573
alice,538
alice,539
alice,540
bob,499
bob,500
bob,501
bob,502
bob,503
bob,504
bob,505
bob,506
carl,574
alice,541
alice,542
bob,507
bob,508
carl,575
alice,543
alice,544
bob,509
carl,576
alice,545
bob,510
carl,577
alice,546
bob,511
bob,512
bob,513
bob,514
bob,515
bob,516
bob,517
carl,578
carl,579
carl,580
alice,547
alice,548
alice,549
bob,518
bob,519
bob,520
bob,521
bob,522
bob,523
bob,524
bob,525
bob,526
bob,527
carl,581
alice,550
alice,551
bob,528
carl,582
carl,583
carl,584
carl,585
alice,552
bob,529
bob,530
carl,586
carl,587
carl,588
alice,553
carl,589
alice,554
alice,555
bob,531
carl,590
carl,591
alice,556
carl,592
bob,532
bob,533
bob,534
bob,535
bob,536
bob,537
bob,538
bob,539
carl,593
carl,594
alice,557
alice,558
bob,540
bob,541
bob,542
carl,595
carl,596
alice,559
alice,560
alice,561
bob,543
bob,544
carl,597
alice,562
alice,563
alice,564
carl,598
bob,545
bob,546
bob,547
alice,565
carl,599
alice,566
bob,548
bob,549
bob,550
alice,567
alice,568
alice,569
carl,600
bob,551
bob,552
alice,570
alice,571
alice,572
carl,601
carl,602
carl,603
carl,604
bob,553
bob,554
bob,555
bob,556
bob,557
bob,558
bob,559
bob,560
bob,561
alice,573
carl,605
carl,606
bob,562
bob,563
bob,564
alice,574
carl,607
carl,608
carl,609
bob,565
alice,575
alice,576
alice,577
alice,578
alice,579
alice,580
carl,610
carl,611
carl,612
carl,613
carl,614
bob,566
alice,581
carl,615
bob,567
alice,582
alice,583
alice,584
carl,616
bob,568
alice,585
carl,617
carl,618
carl,619
carl,620
bob,569
alice,586
carl,621
carl,622
alice,587
carl,623
carl,624
alice,588
alice,589
alice,590
alice,591
alice,592
alice,593
alice,594
carl,625
carl,626
alice,595
alice,596
carl,627
carl,628
carl,629
carl,630
carl,631
carl,632
carl,633
carl,634
carl,635
alice,597
alice,598
alice,599
alice,600
carl,636
carl,637
alice,601
carl,638
carl,639
carl,640
carl,641
carl,642
alice,602
carl,643
alice,603
alice,604
alice,605
carl,644
carl,645
carl,646
alice,606
carl,647
carl,648
alice,607
carl,649
alice,608
carl,650
carl,651
alice,609
alice,610
alice,611
alice,612
carl,652
carl,653
carl,654
carl,655
alice,613
alice,614
alice,615
alice,616
alice,617
alice,618
alice,619
alice,620
carl,656
carl,657
carl,658
alice,621
alice,622
alice,623
carl,659
carl,660
carl,661
carl,662
carl,663
alice,624
alice,625
carl,664
carl,665
alice,626
carl,666
carl,667
carl,668
carl,669
carl,670
carl,671
carl,672
carl,673
carl,674
carl,675
carl,676
carl,677
carl,678
carl,679
carl,680
carl,681
carl,682
carl,683
carl,684
alice,627
alice,628
carl,685
carl,686
alice,629
carl,687
alice,630
alice,631
alice,632
alice,633
carl,688
carl,689
carl,690
carl,691
carl,692
carl,693
carl,694
alice,634
alice,635
alice,636
carl,695
carl,696
alice,637
carl,697
carl,698
carl,699
alice,638
carl,700
carl,701
carl,702
carl,703
carl,704
alice,639
carl,705
carl,706
alice,640
alice,641
alice,642
carl,707
alice,643
carl,708
carl,709
carl,710
carl,711
carl,712
carl,713
carl,714
carl,715
carl,716
carl,717
carl,718
carl,719
alice,644
alice,645
alice,646
carl,720
carl,721
carl,722
carl,723
carl,724
carl,725
carl,726
carl,727
carl,728
carl,729
carl,730
carl,731
carl,732
carl,733
carl,734
carl,735
carl,736
carl,737
carl,738
carl,739
carl,740
carl,741
carl,742
carl,743
carl,744
carl,745
carl,746
carl,747
carl,748
carl,749
carl,750
carl,751
carl,752
carl,753
carl,754
carl,755
carl,756
carl,757
carl,758
carl,759
carl,760
carl,761
carl,762
carl,763
carl,764
carl,765
carl,766
carl,767
carl,768
carl,769
carl,770
carl,771
carl,772
carl,773
carl,774
carl,775
carl,776
carl,777
carl,778
carl,779
carl,780
carl,781
carl,782
carl,783
carl,784
carl,785
carl,786
carl,787
carl,788
carl,789
carl,790
carl,791
carl,792
carl,793
carl,794
carl,795
carl,796
carl,797
carl,798
carl,799
carl,800
carl,801
carl,802
carl,803
carl,804
carl,805
carl,806
carl,807
carl,808
carl,809
carl,810
carl,811
carl,812
carl,813
carl,814
carl,815
carl,816
carl,817
carl,818
carl,819
carl,820
carl,821
carl,822
carl,823
carl,824
carl,825
bob,570
bob,571
bob,572
bob,573
bob,574
bob,575
bob,576
bob,577
bob,578
bob,579
bob,580
bob,581
bob,582
bob,583
bob,584
bob,585
bob,586
bob,587
bob,588
bob,589
bob,590
bob,591
bob,592
bob,593
bob,594
bob,595
bob,596
bob,597
bob,598
bob,599
bob,600
bob,601
bob,602
bob,603
bob,604
bob,605
bob,606
bob,607
bob,608
bob,609
bob,610
bob,611
bob,612
bob,613
bob,614
bob,615
bob,616
bob,617
bob,618
bob,619
bob,620
bob,621
bob,622
bob,623
bob,624
bob,625
bob,626
bob,627
bob,628
bob,629
bob,630
bob,631
bob,632
bob,633
bob,634
bob,635
bob,636
bob,637
bob,638
bob,639
bob,640
bob,641
bob,642
bob,643
bob,644
bob,645
bob,646
bob,647
bob,648
bob,649
bob,650
bob,651
bob,652
bob,653
bob,654
bob,655
bob,656
bob,657
bob,658
bob,659
bob,660
bob,661
bob,662
bob,663
bob,664
bob,665
bob,666
bob,667
bob,668
bob,669
bob,670
bob,671
bob,672
bob,673
bob,674
bob,675
bob,676
bob,677
bob,678
bob,679
bob,680
bob,681
bob,682
bob,683
bob,684
bob,685
bob,686
bob,687
bob,688
bob,689
bob,690
bob,691
bob,692
bob,693
bob,694
bob,695
bob,696
bob,697
bob,698
bob,699
bob,700
bob,701
bob,702
bob,703
bob,704
bob,705
bob,706
bob,707
bob,708
bob,709
bob,710
bob,711
bob,712
bob,713
bob,714
bob,715
bob,716
bob,717
bob,718
bob,719
bob,720
bob,721
bob,722
bob,723
bob,724
bob,725
bob,726
bob,727
bob,728
carl,826
carl,827
carl,828
carl,829
carl,830
carl,831
carl,832
carl,833
carl,834
carl,835
carl,836
carl,837
carl,838
carl,839
carl,840
carl,841
carl,842
carl,843
carl,844
carl,845
carl,846
