carl,1
alice,2
alice,3
carl,2
bob,2
carl,3
bob,3
alice,4
carl,4
bob,4
alice,5
carl,5
bob,5
alice,6
carl,6
carl,7
bob,6
alice,7
alice,8
carl,8
bob,7
carl,9
bob,8
alice,9
carl,10
bob,9
alice,10
carl,11
bob,10
alice,11
alice,12
carl,12
bob,11
carl,13
bob,12
alice,13
carl,14
bob,13
alice,14
carl,15
alice,15
bob,14
alice,16
carl,16
bob,15
carl,17
bob,16
alice,17
carl,18
bob,17
alice,18
alice,19
carl,19
bob,18
alice,20
carl,20
bob,19
alice,21
carl,21
bob,20
bob,21
alice,22
carl,22
bob,22
alice,23
carl,23
carl,24
bob,23
alice,24
carl,25
bob,24
alice,25
alice,26
carl,26
bob,25
alice,27
bob,26
carl,27
bob,27
alice,28
carl,28
alice,29
bob,28
carl,29
alice,30
bob,29
bob,30
carl,30
alice,31
alice,32
bob,31
carl,31
bob,32
alice,33
carl,32
bob,33
alice,34
carl,33
alice,35
bob,34
bob,35
carl,34
alice,36
carl,35
alice,37
bob,36
bob,37
carl,36
alice,38
carl,37
bob,38
carl,38
alice,39
carl,39
bob,39
carl,40
alice,40
carl,41
bob,40
alice,41
carl,42
bob,41
alice,42
carl,43
alice,43
bob,42
carl,44
bob,43
alice,44
carl,45
bob,44
alice,45
carl,46
bob,45
alice,46
alice,47
carl,47
bob,46
alice,48
carl,48
bob,47
carl,49
bob,48
alice,49
alice,50
carl,50
bob,49
alice,51
bob,50
carl,51
bob,51
alice,52
carl,52
alice,53
carl,53
bob,52
bob,53
alice,54
carl,54
bob,54
alice,55
carl,55
carl,56
bob,55
alice,56
carl,57
carl,58
bob,56
alice,57
alice,58
carl,59
bob,57
alice,59
carl,60
bob,58
carl,61
bob,59
alice,60
carl,62
bob,60
alice,61
carl,63
bob,61
alice,62
carl,64
bob,62
alice,63
carl,65
bob,63
alice,64
carl,66
alice,65
carl,67
bob,64
carl,68
bob,65
alice,66
carl,69
alice,67
bob,66
alice,68
carl,70
bob,67
carl,71
bob,68
alice,69
carl,72
bob,69
alice,70
carl,73
alice,71
carl,74
bob,70
bob,71
alice,72
carl,75
alice,73
carl,76
bob,72
alice,74
carl,77
bob,73
alice,75
bob,74
carl,78
bob,75
alice,76
alice,77
carl,79
bob,76
alice,78
carl,80
bob,77
alice,79
carl,81
bob,78
bob,79
alice,80
carl,82
carl,83
bob,80
alice,81
carl,84
bob,81
alice,82
carl,85
alice,83
carl,86
bob,82
alice,84
carl,87
bob,83
bob,84
alice,85
carl,88
alice,86
bob,85
carl,89
bob,86
alice,87
alice,88
carl,90
bob,87
carl,91
bob,88
alice,89
alice,90
carl,92
bob,89
alice,91
carl,93
bob,90
alice,92
bob,91
carl,94
bob,92
alice,93
carl,95
alice,94
bob,93
carl,96
alice,95
bob,94
carl,97
alice,96
bob,95
bob,96
alice,97
carl,98
alice,98
bob,97
alice,99
carl,99
bob,98
bob,99
carl,100
alice,100
bob,100
alice,101
carl,101
carl,102
alice,102
bob,101
carl,103
bob,102
alice,103
carl,104
alice,104
bob,103
carl,105
bob,104
alice,105
carl,106
alice,106
bob,105
carl,107
alice,107
bob,106
carl,108
bob,107
alice,108
carl,109
bob,108
carl,110
alice,109
carl,111
bob,109
carl,112
alice,110
bob,110
carl,113
alice,111
carl,114
bob,111
alice,112
carl,115
alice,113
bob,112
carl,116
bob,113
alice,114
carl,117
alice,115
bob,114
carl,118
alice,116
bob,115
carl,119
alice,117
bob,116
carl,120
alice,118
bob,117
carl,121
bob,118
alice,119
carl,122
carl,123
bob,119
alice,120
carl,124
bob,120
alice,121
carl,125
alice,122
bob,121
alice,123
bob,122
carl,126
bob,123
carl,127
alice,124
alice,125
bob,124
carl,128
bob,125
carl,129
alice,126
carl,130
bob,126
alice,127
carl,131
bob,127
