ping,causalcarl,1
pong,ping,causalcarl,1
ping,causalalice,5
pong,ping,causalalice,5
ping,causalbob,4
pong,ping,causalbob,4
pong,ping,causalcarl,1
ping,causalbob,5
ping,causalalice,6
pong,ping,causalalice,5
ping,causalbob,6
pong,ping,causalbob,5
pong,ping,causalalice,6
ping,causalcarl,2
pong,ping,causalbob,4
ping,causalcarl,3
pong,ping,causalbob,5
ping,causalcarl,4
pong,ping,causalalice,6
ping,causalcarl,5
pong,ping,causalbob,6
ping,causalcarl,6
ping,causalalice,7
pong,ping,causalalice,7
ping,causalcarl,7
pong,ping,causalbob,6
ping,causalbob,7
pong,ping,causalcarl,2
pong,ping,causalbob,7
ping,causalalice,8
pong,ping,causalcarl,2
ping,causalalice,9
pong,ping,causalcarl,3
ping,causalbob,8
ping,causalcarl,8
pong,ping,causalcarl,3
pong,ping,causalalice,8
ping,causalbob,9
ping,causalcarl,9
pong,ping,causalcarl,4
pong,ping,causalalice,9
ping,causalbob,10
ping,causalcarl,10
ping,causalalice,10
pong,ping,causalbob,8
pong,ping,causalcarl,5
pong,ping,causalcarl,4
ping,causalalice,11
ping,causalcarl,11
ping,causalbob,11
pong,ping,causalbob,9
ping,causalcarl,12
pong,ping,causalcarl,6
pong,ping,causalcarl,5
ping,causalbob,12
ping,causalalice,12
pong,ping,causalalice,7
pong,ping,causalbob,10
pong,ping,causalcarl,6
ping,causalcarl,13
ping,causalbob,13
pong,ping,causalalice,10
ping,causalalice,13
ping,causalcarl,14
pong,ping,causalcarl,7
pong,ping,causalalice,11
pong,ping,causalbob,7
ping,causalcarl,15
pong,ping,causalbob,11
ping,causalalice,14
ping,causalcarl,16
ping,causalbob,14
pong,ping,causalbob,12
pong,ping,causalalice,8
pong,ping,causalcarl,7
ping,causalbob,15
ping,causalalice,15
pong,ping,causalalice,9
pong,ping,causalbob,8
ping,causalbob,16
ping,causalalice,16
pong,ping,causalcarl,8
ping,causalalice,17
pong,ping,causalbob,9
ping,causalalice,18
pong,ping,causalbob,10
pong,ping,causalcarl,8
ping,causalbob,17
pong,ping,causalalice,10
ping,causalbob,18
pong,ping,causalcarl,9
ping,causalcarl,17
pong,ping,causalalice,12
ping,causalcarl,18
ping,causalalice,19
pong,ping,causalbob,13
pong,ping,causalcarl,9
ping,causalalice,20
pong,ping,causalcarl,10
ping,causalalice,21
ping,causalbob,19
pong,ping,causalcarl,10
pong,ping,causalbob,11
ping,causalbob,20
ping,causalalice,22
pong,ping,causalalice,11
pong,ping,causalbob,12
ping,causalbob,21
ping,causalalice,23
pong,ping,causalalice,12
pong,ping,causalcarl,11
ping,causalbob,22
pong,ping,causalcarl,11
ping,causalbob,23
pong,ping,causalalice,13
ping,causalcarl,19
pong,ping,causalalice,13
ping,causalcarl,20
ping,causalalice,24
pong,ping,causalbob,13
pong,ping,causalalice,14
ping,causalbob,24
pong,ping,causalcarl,12
ping,causalalice,25
ping,causalcarl,21
pong,ping,causalcarl,12
ping,causalbob,25
pong,ping,causalbob,14
ping,causalcarl,22
pong,ping,causalcarl,13
pong,ping,causalbob,15
ping,causalalice,26
ping,causalcarl,23
ping,causalbob,26
pong,ping,causalalice,15
ping,causalcarl,24
pong,ping,causalcarl,13
pong,ping,causalbob,16
pong,ping,causalcarl,14
ping,causalbob,27
ping,causalalice,27
pong,ping,causalcarl,15
pong,ping,causalcarl,14
ping,causalbob,28
ping,causalalice,28
pong,ping,causalalice,14
pong,ping,causalcarl,15
ping,causalbob,29
ping,causalcarl,25
pong,ping,causalalice,15
pong,ping,causalalice,16
ping,causalcarl,26
ping,causalalice,29
pong,ping,causalbob,14
pong,ping,causalalice,17
ping,causalcarl,27
pong,ping,causalalice,18
ping,causalcarl,28
pong,ping,causalbob,17
ping,causalbob,30
pong,ping,causalalice,16
ping,causalalice,30
pong,ping,causalbob,15
ping,causalcarl,29
pong,ping,causalbob,18
ping,causalcarl,30
pong,ping,causalalice,19
ping,causalcarl,31
pong,ping,causalalice,20
ping,causalbob,31
pong,ping,causalalice,17
ping,causalbob,32
pong,ping,causalcarl,16
ping,causalalice,31
pong,ping,causalbob,16
ping,causalalice,32
pong,ping,causalcarl,16
ping,causalcarl,32
pong,ping,causalalice,21
ping,causalcarl,33
pong,ping,causalbob,19
ping,causalcarl,34
pong,ping,causalbob,20
ping,causalbob,33
pong,ping,causalalice,18
ping,causalbob,34
ping,causalalice,33
pong,ping,causalcarl,17
ping,causalbob,35
pong,ping,causalbob,17
pong,ping,causalalice,19
ping,causalalice,34
pong,ping,causalbob,18
ping,causalalice,35
pong,ping,causalcarl,17
ping,causalcarl,35
pong,ping,causalalice,22
ping,causalcarl,36
pong,ping,causalbob,21
ping,causalcarl,37
pong,ping,causalalice,23
ping,causalcarl,38
pong,ping,causalbob,22
ping,causalcarl,39
pong,ping,causalbob,23
ping,causalcarl,40
pong,ping,causalalice,24
ping,causalbob,36
pong,ping,causalalice,20
ping,causalbob,37
pong,ping,causalcarl,18
ping,causalbob,38
pong,ping,causalalice,21
ping,causalbob,39
pong,ping,causalalice,22
ping,causalbob,40
ping,causalalice,36
pong,ping,causalalice,23
ping,causalbob,41
pong,ping,causalalice,24
pong,ping,causalcarl,18
ping,causalalice,37
pong,ping,causalbob,19
ping,causalcarl,41
pong,ping,causalbob,24
ping,causalalice,38
pong,ping,causalbob,20
ping,causalalice,39
pong,ping,causalbob,21
ping,causalalice,40
pong,ping,causalbob,22
ping,causalalice,41
pong,ping,causalbob,23
ping,causalbob,42
pong,ping,causalcarl,19
ping,causalcarl,42
pong,ping,causalalice,25
ping,causalcarl,43
pong,ping,causalbob,25
ping,causalcarl,44
ping,causalalice,42
pong,ping,causalalice,26
pong,ping,causalcarl,19
ping,causalcarl,45
pong,ping,causalbob,26
ping,causalbob,43
pong,ping,causalcarl,20
ping,causalcarl,46
pong,ping,causalbob,27
ping,causalalice,43
pong,ping,causalcarl,20
ping,causalbob,44
pong,ping,causalalice,25
ping,causalbob,45
pong,ping,causalcarl,21
ping,causalbob,46
pong,ping,causalcarl,22
ping,causalbob,47
pong,ping,causalalice,26
ping,causalbob,48
pong,ping,causalcarl,23
ping,causalbob,49
pong,ping,causalalice,27
ping,causalalice,44
pong,ping,causalbob,24
ping,causalalice,45
pong,ping,causalcarl,21
ping,causalalice,46
pong,ping,causalbob,25
ping,causalalice,47
ping,causalcarl,47
pong,ping,causalalice,27
ping,causalcarl,48
pong,ping,causalbob,28
ping,causalcarl,49
pong,ping,causalalice,28
ping,causalcarl,50
pong,ping,causalbob,29
ping,causalcarl,51
pong,ping,causalalice,29
ping,causalcarl,52
pong,ping,causalbob,30
ping,causalcarl,53
pong,ping,causalalice,30
pong,ping,causalcarl,22
ping,causalalice,48
pong,ping,causalbob,26
ping,causalalice,49
pong,ping,causalcarl,23
ping,causalbob,50
pong,ping,causalalice,28
ping,causalbob,51
pong,ping,causalcarl,24
ping,causalcarl,54
pong,ping,causalbob,31
ping,causalalice,50
pong,ping,causalbob,27
ping,causalalice,51
pong,ping,causalbob,28
ping,causalbob,52
pong,ping,causalalice,29
ping,causalcarl,55
pong,ping,causalbob,32
ping,causalcarl,56
pong,ping,causalalice,31
ping,causalalice,52
pong,ping,causalcarl,24
ping,causalbob,53
ping,causalcarl,57
pong,ping,causalcarl,25
pong,ping,causalalice,32
ping,causalbob,54
ping,causalcarl,58
pong,ping,causalcarl,26
pong,ping,causalbob,33
ping,causalbob,55
ping,causalalice,53
pong,ping,causalcarl,27
pong,ping,causalbob,29
ping,causalbob,56
ping,causalalice,54
pong,ping,causalcarl,28
pong,ping,causalcarl,25
ping,causalbob,57
ping,causalalice,55
pong,ping,causalcarl,26
ping,causalalice,56
pong,ping,causalcarl,27
ping,causalalice,57
pong,ping,causalcarl,28
pong,ping,causalalice,30
ping,causalbob,58
ping,causalalice,58
pong,ping,causalcarl,29
pong,ping,causalbob,30
ping,causalbob,59
ping,causalalice,59
pong,ping,causalcarl,29
pong,ping,causalcarl,30
ping,causalbob,60
ping,causalalice,60
pong,ping,causalcarl,31
pong,ping,causalcarl,30
ping,causalcarl,59
pong,ping,causalbob,34
ping,causalalice,61
ping,causalbob,61
pong,ping,causalalice,31
pong,ping,causalcarl,31
ping,causalbob,62
ping,causalalice,62
pong,ping,causalalice,32
pong,ping,causalbob,31
ping,causalbob,63
ping,causalalice,63
pong,ping,causalcarl,32
pong,ping,causalbob,32
ping,causalbob,64
ping,causalalice,64
pong,ping,causalcarl,33
pong,ping,causalcarl,32
ping,causalalice,65
ping,causalbob,65
pong,ping,causalcarl,34
pong,ping,causalcarl,33
ping,causalcarl,60
pong,ping,causalalice,33
ping,causalcarl,61
pong,ping,causalbob,35
ping,causalcarl,62
pong,ping,causalalice,34
ping,causalbob,66
pong,ping,causalalice,33
ping,causalalice,66
pong,ping,causalcarl,34
ping,causalcarl,63
pong,ping,causalalice,35
ping,causalcarl,64
ping,causalbob,67
pong,ping,causalalice,34
ping,causalbob,68
pong,ping,causalalice,35
ping,causalbob,69
ping,causalalice,67
pong,ping,causalcarl,35
pong,ping,causalbob,33
ping,causalalice,68
pong,ping,causalbob,34
ping,causalalice,69
pong,ping,causalbob,36
pong,ping,causalbob,35
ping,causalcarl,65
pong,ping,causalbob,37
ping,causalcarl,66
pong,ping,causalbob,38
ping,causalbob,70
pong,ping,causalcarl,36
ping,causalalice,70
pong,ping,causalcarl,35
ping,causalcarl,67
pong,ping,causalbob,39
ping,causalcarl,68
pong,ping,causalbob,40
ping,causalcarl,69
pong,ping,causalalice,36
ping,causalcarl,70
pong,ping,causalbob,41
ping,causalcarl,71
pong,ping,causalalice,37
ping,causalbob,71
pong,ping,causalcarl,37
ping,causalbob,72
pong,ping,causalcarl,38
ping,causalbob,73
pong,ping,causalcarl,39
ping,causalalice,71
ping,causalbob,74
pong,ping,causalcarl,36
ping,causalalice,72
ping,causalcarl,72
pong,ping,causalalice,38
ping,causalcarl,73
pong,ping,causalcarl,40
pong,ping,causalalice,39
ping,causalbob,75
ping,causalcarl,74
pong,ping,causalcarl,37
pong,ping,causalalice,40
pong,ping,causalalice,36
ping,causalcarl,75
ping,causalalice,73
pong,ping,causalalice,41
pong,ping,causalcarl,38
ping,causalcarl,76
ping,causalalice,74
pong,ping,causalbob,42
pong,ping,causalcarl,39
ping,causalcarl,77
ping,causalalice,75
pong,ping,causalalice,42
pong,ping,causalcarl,40
ping,causalcarl,78
pong,ping,causalbob,43
ping,causalcarl,79
pong,ping,causalalice,43
ping,causalalice,76
ping,causalcarl,80
pong,ping,causalbob,36
pong,ping,causalbob,44
ping,causalalice,77
pong,ping,causalbob,37
ping,causalalice,78
ping,causalbob,76
pong,ping,causalbob,38
ping,causalalice,79
pong,ping,causalalice,37
ping,causalbob,77
pong,ping,causalbob,39
pong,ping,causalalice,38
ping,causalalice,80
ping,causalbob,78
pong,ping,causalbob,40
pong,ping,causalcarl,41
ping,causalbob,79
pong,ping,causalalice,39
ping,causalbob,80
pong,ping,causalalice,40
ping,causalcarl,81
ping,causalalice,81
pong,ping,causalbob,45
pong,ping,causalbob,41
ping,causalbob,81
pong,ping,causalalice,41
ping,causalcarl,82
pong,ping,causalbob,46
ping,causalcarl,83
ping,causalalice,82
ping,causalbob,82
pong,ping,causalbob,47
pong,ping,causalcarl,42
pong,ping,causalcarl,41
ping,causalcarl,84
pong,ping,causalbob,48
ping,causalbob,83
pong,ping,causalalice,42
ping,causalbob,84
ping,causalalice,83
pong,ping,causalcarl,43
ping,causalbob,85
pong,ping,causalbob,42
pong,ping,causalcarl,44
ping,causalalice,84
ping,causalbob,86
pong,ping,causalcarl,42
pong,ping,causalcarl,45
ping,causalalice,85
pong,ping,causalcarl,43
ping,causalalice,86
pong,ping,causalcarl,44
ping,causalcarl,85
pong,ping,causalbob,49
ping,causalbob,87
pong,ping,causalalice,43
ping,causalbob,88
pong,ping,causalcarl,46
ping,causalalice,87
pong,ping,causalcarl,45
ping,causalalice,88
pong,ping,causalbob,43
ping,causalcarl,86
pong,ping,causalalice,44
ping,causalcarl,87
pong,ping,causalalice,45
ping,causalcarl,88
ping,causalbob,89
pong,ping,causalalice,46
ping,causalalice,89
pong,ping,causalcarl,46
pong,ping,causalalice,44
ping,causalalice,90
pong,ping,causalbob,44
ping,causalbob,90
pong,ping,causalalice,45
ping,causalcarl,89
pong,ping,causalalice,47
ping,causalcarl,90
ping,causalbob,91
pong,ping,causalalice,46
ping,causalbob,92
pong,ping,causalalice,47
ping,causalbob,93
pong,ping,causalcarl,47
ping,causalbob,94
ping,causalalice,91
pong,ping,causalbob,45
pong,ping,causalalice,48
ping,causalbob,95
ping,causalalice,92
pong,ping,causalbob,46
ping,causalalice,93
pong,ping,causalbob,47
ping,causalalice,94
pong,ping,causalbob,48
ping,causalalice,95
pong,ping,causalbob,49
ping,causalalice,96
pong,ping,causalcarl,47
pong,ping,causalalice,48
ping,causalcarl,91
pong,ping,causalalice,49
ping,causalcarl,92
pong,ping,causalbob,50
ping,causalcarl,93
pong,ping,causalbob,51
ping,causalcarl,94
pong,ping,causalalice,50
ping,causalcarl,95
pong,ping,causalalice,51
ping,causalcarl,96
pong,ping,causalbob,52
ping,causalcarl,97
pong,ping,causalalice,52
ping,causalcarl,98
pong,ping,causalbob,53
ping,causalcarl,99
pong,ping,causalbob,54
pong,ping,causalalice,49
ping,causalbob,96
ping,causalcarl,100
pong,ping,causalbob,55
pong,ping,causalcarl,48
ping,causalalice,97
pong,ping,causalcarl,48
ping,causalcarl,101
pong,ping,causalalice,53
ping,causalcarl,102
pong,ping,causalbob,56
ping,causalcarl,103
pong,ping,causalalice,54
ping,causalbob,97
pong,ping,causalcarl,49
ping,causalcarl,104
pong,ping,causalbob,57
ping,causalcarl,105
pong,ping,causalalice,55
ping,causalalice,98
pong,ping,causalcarl,49
ping,causalalice,99
pong,ping,causalcarl,50
ping,causalbob,98
pong,ping,causalcarl,50
ping,causalbob,99
ping,causalcarl,106
pong,ping,causalalice,56
ping,causalcarl,107
pong,ping,causalalice,57
pong,ping,causalcarl,51
ping,causalcarl,108
pong,ping,causalbob,58
ping,causalcarl,109
pong,ping,causalalice,58
ping,causalcarl,110
ping,causalalice,100
ping,causalbob,100
pong,ping,causalbob,59
pong,ping,causalcarl,52
pong,ping,causalcarl,51
ping,causalbob,101
ping,causalalice,101
pong,ping,causalcarl,53
pong,ping,causalcarl,52
ping,causalbob,102
ping,causalalice,102
pong,ping,causalcarl,53
pong,ping,causalalice,50
ping,causalbob,103
ping,causalalice,103
pong,ping,causalcarl,54
pong,ping,causalbob,50
ping,causalbob,104
ping,causalalice,104
pong,ping,causalalice,51
pong,ping,causalbob,51
ping,causalcarl,111
pong,ping,causalalice,59
ping,causalcarl,112
pong,ping,causalbob,60
ping,causalcarl,113
ping,causalalice,105
ping,causalbob,105
pong,ping,causalalice,60
pong,ping,causalalice,52
ping,causalcarl,114
pong,ping,causalcarl,54
pong,ping,causalalice,61
ping,causalbob,106
ping,causalcarl,115
ping,causalalice,106
pong,ping,causalbob,61
pong,ping,causalcarl,55
ping,causalcarl,116
pong,ping,causalbob,52
pong,ping,causalbob,62
ping,causalbob,107
ping,causalalice,107
pong,ping,causalcarl,55
pong,ping,causalcarl,56
ping,causalalice,108
pong,ping,causalcarl,56
ping,causalcarl,117
pong,ping,causalalice,62
ping,causalcarl,118
pong,ping,causalbob,63
ping,causalbob,108
pong,ping,causalalice,53
ping,causalcarl,119
pong,ping,causalalice,63
ping,causalalice,109
ping,causalbob,109
pong,ping,causalcarl,57
pong,ping,causalbob,53
ping,causalbob,110
ping,causalalice,110
pong,ping,causalalice,54
pong,ping,causalbob,54
ping,causalbob,111
ping,causalalice,111
pong,ping,causalalice,55
pong,ping,causalbob,55
ping,causalcarl,120
pong,ping,causalbob,64
ping,causalbob,112
pong,ping,causalcarl,58
ping,causalalice,112
ping,causalbob,113
pong,ping,causalalice,56
pong,ping,causalcarl,57
ping,causalalice,113
pong,ping,causalbob,56
ping,causalcarl,121
pong,ping,causalalice,64
ping,causalbob,114
pong,ping,causalalice,57
ping,causalbob,115
ping,causalalice,114
pong,ping,causalbob,57
ping,causalalice,115
pong,ping,causalcarl,58
pong,ping,causalalice,58
ping,causalcarl,122
pong,ping,causalalice,65
ping,causalcarl,123
pong,ping,causalbob,65
ping,causalcarl,124
ping,causalalice,116
ping,causalbob,116
pong,ping,causalalice,59
pong,ping,causalbob,58
pong,ping,causalbob,66
ping,causalcarl,125
pong,ping,causalalice,66
ping,causalcarl,126
pong,ping,causalbob,67
ping,causalcarl,127
pong,ping,causalbob,68
ping,causalalice,117
ping,causalcarl,128
ping,causalbob,117
pong,ping,causalbob,69
ping,causalcarl,129
pong,ping,causalbob,59
pong,ping,causalalice,60
pong,ping,causalalice,67
ping,causalcarl,130
ping,causalbob,118
ping,causalalice,118
pong,ping,causalalice,68
pong,ping,causalcarl,59
ping,causalbob,119
pong,ping,causalalice,61
pong,ping,causalbob,60
ping,causalalice,119
pong,ping,causalcarl,59
ping,causalbob,120
ping,causalcarl,131
pong,ping,causalalice,62
pong,ping,causalalice,69
ping,causalcarl,132
pong,ping,causalbob,70
ping,causalalice,120
pong,ping,causalbob,61
ping,causalcarl,133
pong,ping,causalalice,70
ping,causalbob,121
pong,ping,causalalice,63
ping,causalalice,121
pong,ping,causalbob,62
ping,causalcarl,134
ping,causalalice,122
ping,causalbob,122
pong,ping,causalalice,64
pong,ping,causalbob,63
ping,causalbob,123
ping,causalalice,123
pong,ping,causalalice,65
ping,causalbob,124
pong,ping,causalcarl,60
ping,causalbob,125
pong,ping,causalbob,64
pong,ping,causalcarl,61
ping,causalbob,126
ping,causalalice,124
pong,ping,causalbob,71
pong,ping,causalbob,65
ping,causalcarl,135
pong,ping,causalcarl,62
pong,ping,causalbob,72
ping,causalcarl,136
pong,ping,causalbob,73
ping,causalcarl,137
pong,ping,causalalice,71
ping,causalalice,125
pong,ping,causalcarl,60
ping,causalalice,126
pong,ping,causalcarl,61
ping,causalbob,127
ping,causalcarl,138
pong,ping,causalbob,74
ping,causalalice,127
pong,ping,causalalice,66
ping,causalbob,128
pong,ping,causalcarl,62
pong,ping,causalcarl,63
ping,causalalice,128
pong,ping,causalbob,66
ping,causalcarl,139
pong,ping,causalalice,72
ping,causalbob,129
pong,ping,causalcarl,64
ping,causalalice,129
pong,ping,causalcarl,63
ping,causalcarl,140
pong,ping,causalbob,75
ping,causalbob,130
pong,ping,causalalice,67
ping,causalalice,130
ping,causalbob,131
pong,ping,causalcarl,64
ping,causalalice,131
pong,ping,causalbob,67
ping,causalalice,132
pong,ping,causalbob,68
ping,causalalice,133
pong,ping,causalbob,69
pong,ping,causalalice,68
ping,causalbob,132
ping,causalalice,134
pong,ping,causalalice,69
pong,ping,causalcarl,65
ping,causalbob,133
ping,causalalice,135
pong,ping,causalcarl,65
pong,ping,causalcarl,66
ping,causalbob,134
ping,causalalice,136
pong,ping,causalcarl,66
pong,ping,causalbob,70
ping,causalbob,135
ping,causalalice,137
pong,ping,causalalice,70
pong,ping,causalcarl,67
ping,causalbob,136
pong,ping,causalcarl,67
ping,causalbob,137
pong,ping,causalcarl,68
ping,causalcarl,141
pong,ping,causalalice,73
ping,causalcarl,142
pong,ping,causalalice,74
ping,causalcarl,143
pong,ping,causalalice,75
ping,causalcarl,144
ping,causalalice,138
pong,ping,causalcarl,68
pong,ping,causalalice,76
ping,causalalice,139
ping,causalcarl,145
pong,ping,causalcarl,69
pong,ping,causalalice,77
ping,causalalice,140
ping,causalcarl,146
pong,ping,causalcarl,70
pong,ping,causalalice,78
ping,causalbob,138
pong,ping,causalcarl,69
ping,causalbob,139
pong,ping,causalcarl,70
ping,causalbob,140
pong,ping,causalcarl,71
ping,causalalice,141
pong,ping,causalcarl,71
ping,causalalice,142
pong,ping,causalbob,71
ping,causalbob,141
ping,causalcarl,147
pong,ping,causalbob,76
pong,ping,causalalice,71
ping,causalbob,142
pong,ping,causalalice,72
ping,causalalice,143
ping,causalcarl,148
pong,ping,causalbob,72
pong,ping,causalalice,79
ping,causalalice,144
pong,ping,causalbob,73
ping,causalalice,145
pong,ping,causalbob,74
ping,causalbob,143
pong,ping,causalcarl,72
ping,causalbob,144
pong,ping,causalalice,73
ping,causalbob,145
pong,ping,causalalice,74
ping,causalcarl,149
ping,causalalice,146
pong,ping,causalbob,77
pong,ping,causalbob,75
ping,causalalice,147
pong,ping,causalcarl,72
ping,causalalice,148
pong,ping,causalcarl,73
ping,causalbob,146
pong,ping,causalcarl,73
ping,causalalice,149
ping,causalbob,147
pong,ping,causalcarl,74
pong,ping,causalalice,75
ping,causalbob,148
pong,ping,causalcarl,74
ping,causalbob,149
pong,ping,causalcarl,75
ping,causalcarl,150
pong,ping,causalalice,80
ping,causalcarl,151
pong,ping,causalbob,78
ping,causalalice,150
ping,causalbob,150
pong,ping,causalcarl,76
pong,ping,causalcarl,75
ping,causalbob,151
ping,causalalice,151
pong,ping,causalcarl,77
pong,ping,causalcarl,76
ping,causalcarl,152
pong,ping,causalbob,79
ping,causalalice,152
ping,causalbob,152
pong,ping,causalcarl,78
pong,ping,causalcarl,77
ping,causalcarl,153
pong,ping,causalbob,80
ping,causalalice,153
ping,causalbob,153
pong,ping,causalcarl,79
pong,ping,causalcarl,78
ping,causalcarl,154
pong,ping,causalalice,81
ping,causalalice,154
ping,causalbob,154
pong,ping,causalalice,76
pong,ping,causalcarl,79
ping,causalcarl,155
pong,ping,causalbob,81
ping,causalcarl,156
ping,causalalice,155
pong,ping,causalalice,82
pong,ping,causalcarl,80
ping,causalbob,155
pong,ping,causalalice,77
ping,causalalice,156
ping,causalbob,156
pong,ping,causalbob,76
pong,ping,causalalice,78
ping,causalalice,157
ping,causalbob,157
pong,ping,causalbob,77
pong,ping,causalcarl,80
ping,causalalice,158
ping,causalbob,158
pong,ping,causalbob,78
pong,ping,causalalice,79
ping,causalcarl,157
pong,ping,causalbob,82
ping,causalcarl,158
ping,causalalice,159
ping,causalbob,159
pong,ping,causalbob,79
pong,ping,causalbob,83
ping,causalcarl,159
pong,ping,causalbob,84
ping,causalcarl,160
pong,ping,causalalice,83
pong,ping,causalalice,80
ping,causalalice,160
pong,ping,causalbob,80
ping,causalalice,161
pong,ping,causalcarl,81
ping,causalcarl,161
pong,ping,causalbob,85
ping,causalbob,160
pong,ping,causalcarl,81
ping,causalbob,161
pong,ping,causalalice,81
ping,causalcarl,162
pong,ping,causalalice,84
ping,causalalice,162
pong,ping,causalbob,81
ping,causalcarl,163
pong,ping,causalbob,86
ping,causalalice,163
pong,ping,causalcarl,82
ping,causalalice,164
ping,causalbob,162
pong,ping,causalbob,82
pong,ping,causalalice,82
ping,causalbob,163
pong,ping,causalcarl,82
ping,causalbob,164
pong,ping,causalcarl,83
ping,causalalice,165
ping,causalcarl,164
pong,ping,causalcarl,83
pong,ping,causalalice,85
ping,causalcarl,165
ping,causalalice,166
pong,ping,causalcarl,84
pong,ping,causalalice,86
ping,causalbob,165
pong,ping,causalcarl,84
ping,causalbob,166
pong,ping,causalalice,83
ping,causalalice,167
ping,causalcarl,166
pong,ping,causalbob,83
pong,ping,causalbob,87
ping,causalalice,168
ping,causalcarl,167
pong,ping,causalbob,84
pong,ping,causalbob,88
ping,causalcarl,168
pong,ping,causalalice,87
ping,causalcarl,169
pong,ping,causalalice,88
ping,causalcarl,170
ping,causalbob,167
pong,ping,causalalice,84
ping,causalbob,168
pong,ping,causalbob,89
pong,ping,causalalice,85
ping,causalcarl,171
pong,ping,causalalice,89
ping,causalcarl,172
pong,ping,causalalice,90
ping,causalalice,169
pong,ping,causalbob,85
ping,causalbob,169
pong,ping,causalalice,86
ping,causalcarl,173
pong,ping,causalbob,90
ping,causalcarl,174
pong,ping,causalbob,91
ping,causalcarl,175
pong,ping,causalbob,92
ping,causalalice,170
pong,ping,causalbob,86
ping,causalalice,171
pong,ping,causalcarl,85
ping,causalalice,172
pong,ping,causalbob,87
ping,causalalice,173
pong,ping,causalbob,88
ping,causalalice,174
ping,causalbob,170
pong,ping,causalcarl,85
ping,causalbob,171
pong,ping,causalalice,87
ping,causalbob,172
ping,causalcarl,176
pong,ping,causalalice,88
pong,ping,causalbob,93
ping,causalcarl,177
pong,ping,causalbob,94
ping,causalcarl,178
pong,ping,causalalice,91
ping,causalcarl,179
pong,ping,causalbob,95
ping,causalcarl,180
pong,ping,causalalice,92
ping,causalbob,173
pong,ping,causalcarl,86
pong,ping,causalcarl,86
ping,causalalice,175
ping,causalbob,174
pong,ping,causalcarl,87
ping,causalalice,176
pong,ping,causalcarl,88
ping,causalalice,177
pong,ping,causalbob,89
pong,ping,causalcarl,87
ping,causalbob,175
ping,causalalice,178
pong,ping,causalcarl,88
pong,ping,causalbob,90
ping,causalbob,176
pong,ping,causalalice,89
ping,causalbob,177
pong,ping,causalalice,90
ping,causalbob,178
pong,ping,causalcarl,89
ping,causalcarl,181
pong,ping,causalalice,93
ping,causalcarl,182
ping,causalalice,179
ping,causalbob,179
pong,ping,causalcarl,90
pong,ping,causalcarl,89
ping,causalbob,180
pong,ping,causalalice,94
ping,causalalice,180
ping,causalcarl,183
pong,ping,causalbob,91
pong,ping,causalalice,95
ping,causalcarl,184
ping,causalalice,181
pong,ping,causalcarl,90
pong,ping,causalalice,96
ping,causalalice,182
pong,ping,causalbob,92
pong,ping,causalalice,91
ping,causalbob,181
pong,ping,causalalice,92
ping,causalbob,182
pong,ping,causalalice,93
ping,causalalice,183
pong,ping,causalbob,93
ping,causalcarl,185
ping,causalbob,183
pong,ping,causalalice,94
pong,ping,causalbob,96
ping,causalcarl,186
pong,ping,causalalice,97
ping,causalalice,184
pong,ping,causalbob,94
ping,causalalice,185
pong,ping,causalbob,95
ping,causalbob,184
pong,ping,causalalice,95
ping,causalbob,185
pong,ping,causalalice,96
ping,causalcarl,187
pong,ping,causalbob,97
ping,causalcarl,188
pong,ping,causalalice,98
ping,causalalice,186
ping,causalbob,186
pong,ping,causalcarl,91
pong,ping,causalcarl,91
ping,causalcarl,189
pong,ping,causalalice,99
ping,causalalice,187
ping,causalbob,187
pong,ping,causalcarl,92
pong,ping,causalcarl,92
ping,causalcarl,190
pong,ping,causalbob,98
ping,causalalice,188
ping,causalbob,188
pong,ping,causalcarl,93
pong,ping,causalcarl,93
ping,causalbob,189
ping,causalalice,189
pong,ping,causalcarl,94
pong,ping,causalcarl,94
ping,causalbob,190
ping,causalalice,190
ping,causalcarl,191
pong,ping,causalbob,99
ping,causalcarl,192
pong,ping,causalcarl,95
pong,ping,causalcarl,95
pong,ping,causalalice,100
ping,causalcarl,193
pong,ping,causalbob,100
ping,causalcarl,194
ping,causalbob,191
pong,ping,causalbob,101
ping,causalalice,191
pong,ping,causalbob,96
pong,ping,causalcarl,96
ping,causalbob,192
ping,causalalice,192
pong,ping,causalcarl,97
pong,ping,causalcarl,96
ping,causalbob,193
ping,causalalice,193
pong,ping,causalcarl,98
pong,ping,causalcarl,97
ping,causalbob,194
ping,causalalice,194
pong,ping,causalcarl,99
pong,ping,causalcarl,98
ping,causalalice,195
pong,ping,causalcarl,99
ping,causalbob,195
ping,causalcarl,195
pong,ping,causalcarl,100
pong,ping,causalalice,101
ping,causalalice,196
pong,ping,causalcarl,100
ping,causalalice,197
pong,ping,causalcarl,101
ping,causalcarl,196
ping,causalalice,198
pong,ping,causalbob,102
ping,causalbob,196
pong,ping,causalalice,97
pong,ping,causalbob,97
ping,causalbob,197
pong,ping,causalcarl,101
ping,causalbob,198
pong,ping,causalcarl,102
ping,causalcarl,197
pong,ping,causalalice,102
ping,causalalice,199
ping,causalbob,199
pong,ping,causalcarl,103
pong,ping,causalcarl,102
ping,causalbob,200
ping,causalalice,200
pong,ping,causalcarl,103
pong,ping,causalcarl,104
ping,causalbob,201
ping,causalalice,201
pong,ping,causalcarl,105
pong,ping,causalcarl,104
ping,causalbob,202
ping,causalalice,202
pong,ping,causalalice,98
pong,ping,causalcarl,105
ping,causalcarl,198
pong,ping,causalbob,103
ping,causalcarl,199
pong,ping,causalalice,103
ping,causalbob,203
ping,causalalice,203
pong,ping,causalbob,98
pong,ping,causalalice,99
ping,causalbob,204
ping,causalalice,204
pong,ping,causalcarl,106
pong,ping,causalbob,99
ping,causalbob,205
ping,causalalice,205
pong,ping,causalcarl,107
pong,ping,causalcarl,106
ping,causalbob,206
ping,causalalice,206
pong,ping,causalalice,100
pong,ping,causalcarl,107
ping,causalbob,207
ping,causalalice,207
pong,ping,causalcarl,108
pong,ping,causalcarl,108
ping,causalbob,208
ping,causalalice,208
pong,ping,causalbob,100
pong,ping,causalalice,101
ping,causalcarl,200
pong,ping,causalbob,104
ping,causalcarl,201
pong,ping,causalalice,104
ping,causalcarl,202
pong,ping,causalalice,105
ping,causalcarl,203
pong,ping,causalbob,105
ping,causalalice,209
pong,ping,causalbob,101
ping,causalalice,210
pong,ping,causalcarl,109
ping,causalbob,209
pong,ping,causalalice,102
ping,causalalice,211
ping,causalbob,210
pong,ping,causalbob,102
pong,ping,causalcarl,109
ping,causalalice,212
ping,causalbob,211
pong,ping,causalbob,103
pong,ping,causalalice,103
ping,causalbob,212
pong,ping,causalalice,104
ping,causalcarl,204
pong,ping,causalbob,106
ping,causalalice,213
ping,causalbob,213
pong,ping,causalcarl,110
pong,ping,causalcarl,110
ping,causalcarl,205
pong,ping,causalalice,106
ping,causalalice,214
ping,causalbob,214
pong,ping,causalalice,105
pong,ping,causalbob,104
ping,causalbob,215
ping,causalalice,215
pong,ping,causalcarl,111
ping,causalalice,216
pong,ping,causalbob,105
ping,causalalice,217
pong,ping,causalbob,106
ping,causalalice,218
pong,ping,causalcarl,112
ping,causalalice,219
pong,ping,causalbob,107
pong,ping,causalcarl,111
ping,causalbob,216
ping,causalalice,220
pong,ping,causalalice,106
pong,ping,causalcarl,113
ping,causalbob,217
pong,ping,causalalice,107
ping,causalbob,218
pong,ping,causalcarl,112
ping,causalbob,219
pong,ping,causalcarl,113
ping,causalbob,220
pong,ping,causalcarl,114
ping,causalcarl,206
pong,ping,causalbob,107
ping,causalcarl,207
pong,ping,causalalice,107
ping,causalcarl,208
pong,ping,causalalice,108
ping,causalcarl,209
pong,ping,causalbob,108
ping,causalcarl,210
pong,ping,causalalice,109
ping,causalcarl,211
pong,ping,causalbob,109
ping,causalalice,221
pong,ping,causalcarl,114
ping,causalbob,221
pong,ping,causalcarl,115
ping,causalcarl,212
pong,ping,causalbob,110
ping,causalcarl,213
pong,ping,causalalice,110
ping,causalcarl,214
pong,ping,causalbob,111
ping,causalcarl,215
pong,ping,causalalice,111
ping,causalcarl,216
pong,ping,causalbob,112
ping,causalcarl,217
ping,causalalice,222
pong,ping,causalalice,112
ping,causalbob,222
pong,ping,causalcarl,116
pong,ping,causalcarl,115
ping,causalalice,223
ping,causalbob,223
pong,ping,causalcarl,116
pong,ping,causalalice,108
ping,causalbob,224
ping,causalalice,224
pong,ping,causalcarl,117
ping,causalbob,225
pong,ping,causalcarl,118
ping,causalbob,226
pong,ping,causalalice,109
ping,causalcarl,218
pong,ping,causalbob,113
pong,ping,causalbob,108
ping,causalalice,225
pong,ping,causalcarl,117
ping,causalalice,226
pong,ping,causalcarl,118
ping,causalbob,227
pong,ping,causalcarl,119
ping,causalcarl,219
ping,causalbob,228
pong,ping,causalalice,113
ping,causalalice,227
pong,ping,causalalice,110
ping,causalbob,229
pong,ping,causalcarl,119
ping,causalalice,228
pong,ping,causalalice,111
ping,causalbob,230
pong,ping,causalbob,109
pong,ping,causalcarl,120
ping,causalalice,229
ping,causalbob,231
pong,ping,causalbob,110
ping,causalalice,230
pong,ping,causalalice,112
pong,ping,causalbob,111
ping,causalalice,231
pong,ping,causalcarl,120
ping,causalcarl,220
pong,ping,causalbob,114
ping,causalcarl,221
pong,ping,causalbob,115
ping,causalcarl,222
pong,ping,causalalice,114
ping,causalcarl,223
ping,causalalice,232
pong,ping,causalbob,112
ping,causalalice,233
pong,ping,causalbob,113
ping,causalalice,234
ping,causalbob,232
pong,ping,causalalice,113
pong,ping,causalcarl,121
pong,ping,causalalice,115
ping,causalbob,233
ping,causalcarl,224
pong,ping,causalcarl,121
pong,ping,causalalice,116
ping,causalbob,234
ping,causalcarl,225
pong,ping,causalalice,114
pong,ping,causalbob,116
ping,causalcarl,226
pong,ping,causalalice,117
ping,causalcarl,227
pong,ping,causalbob,117
ping,causalalice,235
pong,ping,causalbob,114
ping,causalalice,236
ping,causalcarl,228
pong,ping,causalbob,115
pong,ping,causalbob,118
ping,causalbob,235
ping,causalcarl,229
pong,ping,causalalice,115
pong,ping,causalalice,118
ping,causalalice,237
ping,causalcarl,230
ping,causalbob,236
pong,ping,causalbob,119
pong,ping,causalcarl,122
ping,causalcarl,231
ping,causalbob,237
pong,ping,causalalice,119
ping,causalcarl,232
pong,ping,causalbob,120
ping,causalcarl,233
pong,ping,causalalice,120
pong,ping,causalcarl,122
pong,ping,causalcarl,123
ping,causalbob,238
ping,causalalice,238
pong,ping,causalalice,116
pong,ping,causalcarl,123
ping,causalbob,239
ping,causalalice,239
pong,ping,causalcarl,124
pong,ping,causalbob,116
ping,causalbob,240
ping,causalalice,240
pong,ping,causalcarl,125
pong,ping,causalcarl,124
ping,causalbob,241
ping,causalalice,241
pong,ping,causalcarl,126
pong,ping,causalcarl,125
ping,causalbob,242
ping,causalalice,242
pong,ping,causalcarl,127
pong,ping,causalcarl,126
ping,causalbob,243
ping,causalalice,243
pong,ping,causalalice,117
pong,ping,causalcarl,127
ping,causalcarl,234
pong,ping,causalbob,121
ping,causalalice,244
ping,causalbob,244
pong,ping,causalalice,118
pong,ping,causalbob,117
ping,causalbob,245
ping,causalalice,245
pong,ping,causalcarl,128
pong,ping,causalbob,118
ping,causalbob,246
ping,causalalice,246
pong,ping,causalcarl,129
pong,ping,causalcarl,128
ping,causalbob,247
ping,causalalice,247
pong,ping,causalbob,119
pong,ping,causalalice,119
ping,causalcarl,235
pong,ping,causalalice,121
ping,causalalice,248
pong,ping,causalcarl,129
ping,causalbob,248
pong,ping,causalcarl,130
ping,causalcarl,236
pong,ping,causalalice,122
ping,causalcarl,237
pong,ping,causalbob,122
ping,causalalice,249
ping,causalbob,249
pong,ping,causalalice,120
pong,ping,causalcarl,130
ping,causalcarl,238
pong,ping,causalbob,123
ping,causalalice,250
ping,causalbob,250
pong,ping,causalcarl,131
pong,ping,causalbob,120
ping,causalbob,251
ping,causalalice,251
pong,ping,causalcarl,132
pong,ping,causalcarl,131
ping,causalbob,252
ping,causalalice,252
pong,ping,causalcarl,132
ping,causalalice,253
pong,ping,causalbob,121
ping,causalalice,254
pong,ping,causalcarl,133
ping,causalbob,253
pong,ping,causalcarl,133
pong,ping,causalalice,121
ping,causalalice,255
ping,causalbob,254
pong,ping,causalcarl,134
pong,ping,causalalice,122
ping,causalalice,256
ping,causalbob,255
pong,ping,causalbob,122
pong,ping,causalcarl,134
ping,causalalice,257
ping,causalbob,256
pong,ping,causalbob,123
pong,ping,causalalice,123
ping,causalbob,257
pong,ping,causalalice,124
ping,causalcarl,239
pong,ping,causalalice,123
ping,causalcarl,240
pong,ping,causalbob,124
ping,causalcarl,241
pong,ping,causalbob,125
ping,causalcarl,242
pong,ping,causalbob,126
ping,causalcarl,243
pong,ping,causalalice,124
ping,causalcarl,244
pong,ping,causalalice,125
ping,causalcarl,245
pong,ping,causalalice,126
ping,causalalice,258
pong,ping,causalbob,124
ping,causalalice,259
pong,ping,causalbob,125
ping,causalbob,258
pong,ping,causalalice,125
ping,causalbob,259
pong,ping,causalalice,126
ping,causalcarl,246
pong,ping,causalbob,127
ping,causalalice,260
ping,causalbob,260
pong,ping,causalcarl,135
pong,ping,causalbob,126
ping,causalbob,261
ping,causalalice,261
pong,ping,causalcarl,136
ping,causalbob,262
pong,ping,causalcarl,137
pong,ping,causalcarl,135
ping,causalbob,263
ping,causalalice,262
pong,ping,causalcarl,136
pong,ping,causalalice,127
ping,causalbob,264
ping,causalalice,263
pong,ping,causalcarl,138
pong,ping,causalcarl,137
ping,causalbob,265
ping,causalalice,264
pong,ping,causalalice,128
pong,ping,causalbob,127
ping,causalbob,266
ping,causalalice,265
pong,ping,causalcarl,138
pong,ping,causalcarl,139
ping,causalbob,267
ping,causalalice,266
pong,ping,causalalice,129
pong,ping,causalbob,128
ping,causalbob,268
ping,causalalice,267
pong,ping,causalcarl,140
pong,ping,causalbob,129
ping,causalbob,269
ping,causalalice,268
pong,ping,causalalice,130
pong,ping,causalcarl,139
ping,causalbob,270
ping,causalalice,269
pong,ping,causalalice,131
pong,ping,causalcarl,140
ping,causalalice,270
pong,ping,causalbob,130
ping,causalcarl,247
pong,ping,causalalice,127
ping,causalcarl,248
pong,ping,causalbob,128
ping,causalcarl,249
pong,ping,causalalice,128
ping,causalcarl,250
pong,ping,causalbob,129
ping,causalcarl,251
pong,ping,causalalice,129
ping,causalcarl,252
pong,ping,causalbob,130
ping,causalbob,271
pong,ping,causalalice,132
ping,causalbob,272
pong,ping,causalalice,133
ping,causalbob,273
pong,ping,causalalice,134
ping,causalalice,271
ping,causalbob,274
pong,ping,causalalice,135
pong,ping,causalbob,131
ping,causalbob,275
ping,causalalice,272
pong,ping,causalalice,136
pong,ping,causalbob,132
ping,causalbob,276
ping,causalalice,273
pong,ping,causalalice,137
pong,ping,causalbob,133
ping,causalalice,274
pong,ping,causalbob,134
ping,causalalice,275
pong,ping,causalbob,135
ping,causalalice,276
pong,ping,causalbob,136
ping,causalcarl,253
pong,ping,causalalice,130
ping,causalbob,277
ping,causalalice,277
pong,ping,causalcarl,141
ping,causalbob,278
pong,ping,causalbob,137
pong,ping,causalalice,138
ping,causalalice,278
pong,ping,causalcarl,141
ping,causalcarl,254
pong,ping,causalbob,131
ping,causalcarl,255
pong,ping,causalalice,131
ping,causalcarl,256
pong,ping,causalalice,132
ping,causalbob,279
ping,causalalice,279
pong,ping,causalalice,139
pong,ping,causalcarl,142
ping,causalcarl,257
pong,ping,causalalice,133
ping,causalbob,280
ping,causalalice,280
pong,ping,causalcarl,142
pong,ping,causalcarl,143
ping,causalcarl,258
pong,ping,causalbob,132
ping,causalbob,281
pong,ping,causalalice,140
ping,causalalice,281
pong,ping,causalbob,138
ping,causalcarl,259
pong,ping,causalalice,134
ping,causalcarl,260
pong,ping,causalbob,133
ping,causalalice,282
ping,causalbob,282
pong,ping,causalcarl,143
pong,ping,causalbob,139
ping,causalalice,283
ping,causalbob,283
pong,ping,causalcarl,144
pong,ping,causalcarl,144
ping,causalbob,284
ping,causalalice,284
pong,ping,causalcarl,145
pong,ping,causalbob,140
ping,causalbob,285
ping,causalalice,285
pong,ping,causalcarl,145
pong,ping,causalcarl,146
ping,causalbob,286
ping,causalalice,286
pong,ping,causalalice,141
pong,ping,causalcarl,146
ping,causalbob,287
ping,causalalice,287
pong,ping,causalalice,142
pong,ping,causalbob,141
ping,causalcarl,261
pong,ping,causalalice,135
ping,causalalice,288
pong,ping,causalcarl,147
ping,causalbob,288
pong,ping,causalcarl,147
ping,causalalice,289
ping,causalbob,289
pong,ping,causalbob,142
pong,ping,causalalice,143
ping,causalcarl,262
pong,ping,causalbob,134
ping,causalalice,290
pong,ping,causalcarl,148
ping,causalbob,290
pong,ping,causalalice,144
ping,causalalice,291
ping,causalbob,291
pong,ping,causalbob,143
pong,ping,causalalice,145
ping,causalcarl,263
pong,ping,causalalice,136
ping,causalalice,292
ping,causalbob,292
pong,ping,causalcarl,148
pong,ping,causalbob,144
ping,causalbob,293
ping,causalalice,293
pong,ping,causalalice,146
pong,ping,causalbob,145
ping,causalbob,294
ping,causalalice,294
pong,ping,causalcarl,149
pong,ping,causalcarl,149
ping,causalalice,295
ping,causalbob,295
pong,ping,causalalice,147
pong,ping,causalbob,146
ping,causalbob,296
ping,causalalice,296
pong,ping,causalbob,147
pong,ping,causalalice,148
ping,causalbob,297
ping,causalalice,297
pong,ping,causalalice,149
pong,ping,causalbob,148
ping,causalbob,298
ping,causalalice,298
pong,ping,causalcarl,150
pong,ping,causalbob,149
ping,causalbob,299
ping,causalalice,299
pong,ping,causalcarl,151
pong,ping,causalcarl,150
ping,causalcarl,264
pong,ping,causalbob,135
ping,causalcarl,265
pong,ping,causalalice,137
ping,causalcarl,266
pong,ping,causalbob,136
ping,causalalice,300
ping,causalbob,300
pong,ping,causalalice,150
pong,ping,causalcarl,151
ping,causalbob,301
ping,causalalice,301
pong,ping,causalalice,151
pong,ping,causalbob,150
ping,causalbob,302
ping,causalalice,302
pong,ping,causalbob,151
pong,ping,causalcarl,152
ping,causalcarl,267
pong,ping,causalbob,137
ping,causalalice,303
ping,causalbob,303
pong,ping,causalalice,152
pong,ping,causalcarl,152
ping,causalcarl,268
pong,ping,causalalice,138
ping,causalcarl,269
pong,ping,causalalice,139
ping,causalcarl,270
pong,ping,causalalice,140
ping,causalalice,304
pong,ping,causalbob,152
ping,causalbob,304
pong,ping,causalcarl,153
ping,causalcarl,271
pong,ping,causalbob,138
ping,causalcarl,272
pong,ping,causalbob,139
ping,causalcarl,273
pong,ping,causalbob,140
ping,causalalice,305
pong,ping,causalcarl,153
ping,causalalice,306
pong,ping,causalbob,153
ping,causalalice,307
pong,ping,causalcarl,154
ping,causalalice,308
pong,ping,causalbob,154
ping,causalalice,309
pong,ping,causalcarl,155
ping,causalalice,310
pong,ping,causalcarl,156
ping,causalbob,305
pong,ping,causalalice,153
ping,causalbob,306
pong,ping,causalcarl,154
ping,causalbob,307
pong,ping,causalalice,154
ping,causalbob,308
pong,ping,causalcarl,155
ping,causalbob,309
pong,ping,causalalice,155
ping,causalbob,310
pong,ping,causalcarl,156
ping,causalcarl,274
pong,ping,causalalice,141
ping,causalcarl,275
pong,ping,causalalice,142
ping,causalalice,311
pong,ping,causalbob,155
ping,causalbob,311
pong,ping,causalalice,156
ping,causalcarl,276
pong,ping,causalbob,141
ping,causalalice,312
pong,ping,causalbob,156
ping,causalbob,312
pong,ping,causalalice,157
ping,causalcarl,277
pong,ping,causalbob,142
ping,causalcarl,278
pong,ping,causalalice,143
ping,causalalice,313
pong,ping,causalbob,157
ping,causalalice,314
pong,ping,causalbob,158
ping,causalalice,315
ping,causalcarl,279
ping,causalbob,313
pong,ping,causalalice,144
pong,ping,causalalice,158
ping,causalcarl,280
ping,causalbob,314
pong,ping,causalalice,145
pong,ping,causalalice,159
ping,causalcarl,281
ping,causalbob,315
pong,ping,causalbob,143
pong,ping,causalcarl,157
ping,causalcarl,282
pong,ping,causalcarl,157
pong,ping,causalbob,144
ping,causalalice,316
ping,causalcarl,283
ping,causalbob,316
pong,ping,causalbob,145
pong,ping,causalcarl,158
ping,causalcarl,284
pong,ping,causalbob,159
pong,ping,causalalice,146
ping,causalbob,317
ping,causalcarl,285
ping,causalalice,317
pong,ping,causalalice,147
pong,ping,causalcarl,159
ping,causalcarl,286
pong,ping,causalcarl,158
pong,ping,causalalice,148
ping,causalbob,318
ping,causalcarl,287
ping,causalalice,318
pong,ping,causalbob,146
pong,ping,causalcarl,159
ping,causalcarl,288
pong,ping,causalcarl,160
pong,ping,causalalice,149
ping,causalalice,319
ping,causalcarl,289
ping,causalbob,319
pong,ping,causalbob,147
pong,ping,causalalice,160
ping,causalcarl,290
pong,ping,causalcarl,160
pong,ping,causalbob,148
ping,causalbob,320
ping,causalcarl,291
ping,causalalice,320
pong,ping,causalbob,149
pong,ping,causalalice,161
ping,causalcarl,292
pong,ping,causalcarl,161
pong,ping,causalalice,150
ping,causalbob,321
ping,causalcarl,293
ping,causalalice,321
pong,ping,causalbob,150
pong,ping,causalbob,160
ping,causalcarl,294
pong,ping,causalcarl,161
pong,ping,causalbob,151
ping,causalbob,322
ping,causalcarl,295
pong,ping,causalalice,162
pong,ping,causalalice,151
ping,causalbob,323
ping,causalcarl,296
pong,ping,causalcarl,162
pong,ping,causalalice,152
ping,causalalice,322
ping,causalcarl,297
ping,causalbob,324
pong,ping,causalbob,152
pong,ping,causalbob,161
ping,causalcarl,298
pong,ping,causalalice,163
pong,ping,causalalice,153
ping,causalalice,323
ping,causalcarl,299
ping,causalbob,325
pong,ping,causalbob,153
pong,ping,causalcarl,162
ping,causalcarl,300
pong,ping,causalalice,164
pong,ping,causalalice,154
ping,causalalice,324
ping,causalcarl,301
ping,causalbob,326
pong,ping,causalbob,154
pong,ping,causalbob,162
ping,causalcarl,302
pong,ping,causalcarl,163
pong,ping,causalalice,155
ping,causalalice,325
ping,causalcarl,303
pong,ping,causalcarl,163
pong,ping,causalbob,155
ping,causalalice,326
ping,causalcarl,304
pong,ping,causalbob,163
pong,ping,causalalice,156
ping,causalalice,327
ping,causalcarl,305
ping,causalbob,327
pong,ping,causalbob,156
pong,ping,causalalice,165
ping,causalcarl,306
pong,ping,causalbob,164
pong,ping,causalalice,157
ping,causalbob,328
ping,causalcarl,307
pong,ping,causalbob,157
ping,causalalice,328
pong,ping,causalalice,166
ping,causalcarl,308
pong,ping,causalcarl,164
pong,ping,causalalice,158
ping,causalbob,329
ping,causalcarl,309
pong,ping,causalcarl,164
pong,ping,causalbob,158
ping,causalbob,330
ping,causalcarl,310
pong,ping,causalcarl,165
pong,ping,causalalice,159
ping,causalbob,331
ping,causalcarl,311
ping,causalalice,329
pong,ping,causalbob,159
pong,ping,causalcarl,165
ping,causalcarl,312
pong,ping,causalalice,167
pong,ping,causalalice,160
ping,causalbob,332
ping,causalcarl,313
ping,causalalice,330
pong,ping,causalalice,161
pong,ping,causalalice,168
ping,causalcarl,314
pong,ping,causalbob,165
pong,ping,causalbob,160
ping,causalalice,331
ping,causalcarl,315
pong,ping,causalbob,166
pong,ping,causalbob,161
ping,causalalice,332
ping,causalcarl,316
pong,ping,causalcarl,166
pong,ping,causalalice,162
ping,causalalice,333
ping,causalcarl,317
ping,causalbob,333
pong,ping,causalalice,163
pong,ping,causalcarl,166
ping,causalcarl,318
pong,ping,causalbob,167
pong,ping,causalalice,164
ping,causalbob,334
ping,causalcarl,319
ping,causalalice,334
pong,ping,causalbob,162
pong,ping,causalbob,168
ping,causalcarl,320
ping,causalalice,335
pong,ping,causalbob,163
pong,ping,causalcarl,167
ping,causalcarl,321
pong,ping,causalcarl,167
pong,ping,causalbob,164
ping,causalbob,335
ping,causalcarl,322
ping,causalalice,336
pong,ping,causalalice,165
pong,ping,causalcarl,168
ping,causalcarl,323
pong,ping,causalcarl,168
pong,ping,causalalice,166
ping,causalbob,336
ping,causalcarl,324
ping,causalalice,337
pong,ping,causalbob,165
pong,ping,causalcarl,169
ping,causalcarl,325
pong,ping,causalcarl,169
pong,ping,causalbob,166
ping,causalbob,337
ping,causalcarl,326
ping,causalalice,338
pong,ping,causalalice,167
pong,ping,causalcarl,170
ping,causalcarl,327
pong,ping,causalcarl,170
pong,ping,causalalice,168
ping,causalbob,338
ping,causalcarl,328
ping,causalalice,339
pong,ping,causalbob,167
pong,ping,causalcarl,171
ping,causalcarl,329
pong,ping,causalcarl,171
pong,ping,causalbob,168
ping,causalbob,339
ping,causalcarl,330
ping,causalalice,340
pong,ping,causalalice,169
pong,ping,causalcarl,172
ping,causalcarl,331
pong,ping,causalcarl,172
pong,ping,causalbob,169
ping,causalbob,340
ping,causalcarl,332
pong,ping,causalalice,169
pong,ping,causalalice,170
ping,causalalice,341
ping,causalcarl,333
ping,causalbob,341
pong,ping,causalalice,171
pong,ping,causalcarl,173
ping,causalcarl,334
pong,ping,causalbob,169
pong,ping,causalalice,172
ping,causalbob,342
ping,causalcarl,335
ping,causalalice,342
pong,ping,causalalice,173
pong,ping,causalcarl,173
ping,causalcarl,336
ping,causalalice,343
pong,ping,causalalice,174
pong,ping,causalcarl,174
ping,causalcarl,337
pong,ping,causalcarl,174
pong,ping,causalbob,170
ping,causalbob,343
ping,causalcarl,338
ping,causalalice,344
pong,ping,causalbob,171
pong,ping,causalcarl,175
ping,causalcarl,339
pong,ping,causalcarl,175
pong,ping,causalbob,172
ping,causalalice,345
ping,causalcarl,340
ping,causalbob,344
pong,ping,causalbob,173
pong,ping,causalalice,170
ping,causalcarl,341
pong,ping,causalbob,170
pong,ping,causalalice,175
ping,causalbob,345
ping,causalcarl,342
pong,ping,causalalice,171
pong,ping,causalbob,174
ping,causalalice,346
ping,causalcarl,343
ping,causalbob,346
pong,ping,causalalice,176
pong,ping,causalalice,172
ping,causalcarl,344
pong,ping,causalbob,171
pong,ping,causalalice,177
ping,causalbob,347
ping,causalcarl,345
ping,causalalice,347
pong,ping,causalbob,175
pong,ping,causalalice,173
ping,causalcarl,346
pong,ping,causalbob,172
pong,ping,causalalice,178
ping,causalbob,348
ping,causalcarl,347
ping,causalalice,348
pong,ping,causalbob,176
pong,ping,causalalice,174
ping,causalcarl,348
pong,ping,causalbob,173
pong,ping,causalbob,177
ping,causalbob,349
ping,causalcarl,349
ping,causalalice,349
pong,ping,causalbob,178
pong,ping,causalcarl,176
ping,causalcarl,350
ping,causalbob,350
pong,ping,causalalice,179
pong,ping,causalcarl,176
ping,causalcarl,351
pong,ping,causalalice,175
pong,ping,causalbob,179
ping,causalalice,350
ping,causalcarl,352
ping,causalbob,351
pong,ping,causalbob,180
pong,ping,causalbob,174
ping,causalcarl,353
pong,ping,causalalice,176
pong,ping,causalalice,180
ping,causalalice,351
ping,causalcarl,354
ping,causalbob,352
pong,ping,causalalice,181
pong,ping,causalcarl,177
ping,causalcarl,355
pong,ping,causalcarl,177
pong,ping,causalalice,182
ping,causalalice,352
ping,causalcarl,356
pong,ping,causalbob,175
pong,ping,causalbob,181
ping,causalbob,353
ping,causalcarl,357
pong,ping,causalalice,177
pong,ping,causalbob,182
ping,causalbob,354
ping,causalcarl,358
ping,causalalice,353
pong,ping,causalalice,183
pong,ping,causalalice,178
ping,causalcarl,359
ping,causalbob,355
pong,ping,causalbob,183
pong,ping,causalcarl,178
ping,causalcarl,360
pong,ping,causalcarl,178
pong,ping,causalalice,184
ping,causalalice,354
ping,causalcarl,361
ping,causalbob,356
pong,ping,causalalice,185
pong,ping,causalbob,176
ping,causalcarl,362
pong,ping,causalcarl,179
pong,ping,causalbob,184
ping,causalalice,355
ping,causalcarl,363
ping,causalbob,357
pong,ping,causalbob,185
pong,ping,causalbob,177
ping,causalcarl,364
pong,ping,causalcarl,180
pong,ping,causalalice,186
ping,causalalice,356
ping,causalcarl,365
ping,causalbob,358
pong,ping,causalbob,186
pong,ping,causalcarl,179
ping,causalcarl,366
pong,ping,causalalice,179
pong,ping,causalalice,187
ping,causalalice,357
ping,causalcarl,367
pong,ping,causalbob,178
pong,ping,causalbob,187
ping,causalbob,359
ping,causalcarl,368
pong,ping,causalcarl,181
pong,ping,causalalice,188
ping,causalalice,358
ping,causalcarl,369
ping,causalbob,360
pong,ping,causalbob,188
pong,ping,causalcarl,180
ping,causalcarl,370
pong,ping,causalalice,180
pong,ping,causalbob,189
ping,causalalice,359
ping,causalcarl,371
ping,causalbob,361
pong,ping,causalalice,189
pong,ping,causalcarl,181
ping,causalcarl,372
pong,ping,causalalice,181
pong,ping,causalbob,190
ping,causalalice,360
ping,causalcarl,373
ping,causalbob,362
pong,ping,causalalice,190
pong,ping,causalbob,179
ping,causalcarl,374
pong,ping,causalcarl,182
pong,ping,causalbob,191
ping,causalalice,361
ping,causalcarl,375
ping,causalbob,363
pong,ping,causalalice,191
pong,ping,causalbob,180
ping,causalcarl,376
pong,ping,causalalice,182
pong,ping,causalbob,192
ping,causalalice,362
ping,causalcarl,377
ping,causalbob,364
pong,ping,causalalice,192
pong,ping,causalcarl,182
ping,causalcarl,378
pong,ping,causalcarl,183
pong,ping,causalbob,193
ping,causalalice,363
ping,causalcarl,379
ping,causalbob,365
pong,ping,causalalice,193
pong,ping,causalbob,181
ping,causalcarl,380
pong,ping,causalcarl,184
pong,ping,causalbob,194
ping,causalalice,364
ping,causalcarl,381
ping,causalbob,366
pong,ping,causalalice,194
pong,ping,causalcarl,183
ping,causalcarl,382
pong,ping,causalalice,183
pong,ping,causalalice,195
ping,causalalice,365
ping,causalcarl,383
ping,causalbob,367
pong,ping,causalbob,195
pong,ping,causalbob,182
ping,causalcarl,384
pong,ping,causalcarl,185
pong,ping,causalalice,196
ping,causalalice,366
ping,causalcarl,385
ping,causalbob,368
pong,ping,causalalice,197
pong,ping,causalcarl,184
ping,causalcarl,386
pong,ping,causalcarl,186
pong,ping,causalalice,198
ping,causalalice,367
ping,causalcarl,387
ping,causalbob,369
pong,ping,causalbob,196
pong,ping,causalcarl,185
ping,causalcarl,388
pong,ping,causalalice,184
pong,ping,causalbob,197
ping,causalalice,368
ping,causalcarl,389
ping,causalbob,370
pong,ping,causalbob,198
pong,ping,causalbob,183
ping,causalcarl,390
pong,ping,causalalice,185
pong,ping,causalalice,199
ping,causalalice,369
ping,causalcarl,391
ping,causalbob,371
pong,ping,causalbob,199
pong,ping,causalcarl,186
ping,causalcarl,392
pong,ping,causalcarl,187
pong,ping,causalbob,200
ping,causalalice,370
ping,causalcarl,393
ping,causalbob,372
pong,ping,causalalice,200
pong,ping,causalbob,184
ping,causalcarl,394
pong,ping,causalcarl,188
pong,ping,causalbob,201
ping,causalalice,371
ping,causalcarl,395
ping,causalbob,373
pong,ping,causalalice,201
pong,ping,causalbob,185
ping,causalcarl,396
pong,ping,causalalice,186
pong,ping,causalbob,202
ping,causalalice,372
ping,causalcarl,397
ping,causalbob,374
pong,ping,causalalice,202
pong,ping,causalcarl,187
ping,causalcarl,398
pong,ping,causalcarl,189
pong,ping,causalbob,203
ping,causalalice,373
ping,causalcarl,399
ping,causalbob,375
pong,ping,causalalice,203
pong,ping,causalcarl,188
ping,causalcarl,400
pong,ping,causalalice,187
pong,ping,causalbob,204
ping,causalalice,374
ping,causalcarl,401
ping,causalbob,376
pong,ping,causalalice,204
pong,ping,causalbob,186
ping,causalcarl,402
pong,ping,causalcarl,190
pong,ping,causalbob,205
ping,causalalice,375
ping,causalcarl,403
ping,causalbob,377
pong,ping,causalalice,205
pong,ping,causalcarl,189
ping,causalcarl,404
pong,ping,causalalice,188
pong,ping,causalbob,206
ping,causalalice,376
ping,causalcarl,405
ping,causalbob,378
pong,ping,causalalice,206
pong,ping,causalbob,187
ping,causalcarl,406
pong,ping,causalalice,189
pong,ping,causalbob,207
ping,causalalice,377
ping,causalcarl,407
ping,causalbob,379
pong,ping,causalalice,207
pong,ping,causalcarl,190
ping,causalcarl,408
pong,ping,causalalice,190
pong,ping,causalbob,208
ping,causalalice,378
ping,causalcarl,409
ping,causalbob,380
pong,ping,causalalice,208
pong,ping,causalbob,188
ping,causalcarl,410
pong,ping,causalcarl,191
pong,ping,causalalice,209
ping,causalalice,379
ping,causalcarl,411
ping,causalbob,381
pong,ping,causalalice,210
pong,ping,causalbob,189
ping,causalcarl,412
pong,ping,causalalice,191
pong,ping,causalbob,209
ping,causalalice,380
ping,causalcarl,413
ping,causalbob,382
pong,ping,causalalice,211
pong,ping,causalbob,190
ping,causalcarl,414
pong,ping,causalalice,192
pong,ping,causalbob,210
ping,causalalice,381
ping,causalcarl,415
ping,causalbob,383
pong,ping,causalalice,212
pong,ping,causalcarl,191
ping,causalcarl,416
pong,ping,causalcarl,192
pong,ping,causalbob,211
ping,causalalice,382
ping,causalcarl,417
ping,causalbob,384
pong,ping,causalbob,212
pong,ping,causalbob,191
ping,causalcarl,418
pong,ping,causalalice,193
pong,ping,causalalice,213
ping,causalalice,383
ping,causalcarl,419
ping,causalbob,385
pong,ping,causalbob,213
pong,ping,causalbob,192
ping,causalcarl,420
pong,ping,causalalice,194
pong,ping,causalalice,214
ping,causalalice,384
ping,causalcarl,421
ping,causalbob,386
pong,ping,causalbob,214
pong,ping,causalcarl,192
ping,causalcarl,422
pong,ping,causalcarl,193
pong,ping,causalbob,215
ping,causalalice,385
ping,causalcarl,423
ping,causalbob,387
pong,ping,causalalice,215
pong,ping,causalbob,193
ping,causalcarl,424
pong,ping,causalcarl,194
pong,ping,causalalice,216
ping,causalalice,386
ping,causalcarl,425
ping,causalbob,388
pong,ping,causalalice,217
pong,ping,causalbob,194
ping,causalcarl,426
pong,ping,causalalice,195
pong,ping,causalalice,218
ping,causalalice,387
ping,causalcarl,427
ping,causalbob,389
pong,ping,causalalice,219
pong,ping,causalcarl,193
ping,causalcarl,428
pong,ping,causalcarl,195
pong,ping,causalbob,216
ping,causalalice,388
ping,causalcarl,429
ping,causalbob,390
pong,ping,causalalice,220
pong,ping,causalcarl,194
ping,causalcarl,430
pong,ping,causalalice,196
pong,ping,causalbob,217
ping,causalalice,389
ping,causalcarl,431
ping,causalbob,391
pong,ping,causalbob,218
pong,ping,causalbob,195
ping,causalcarl,432
pong,ping,causalalice,197
pong,ping,causalbob,219
ping,causalalice,390
ping,causalcarl,433
ping,causalbob,392
pong,ping,causalbob,220
pong,ping,causalcarl,195
ping,causalcarl,434
pong,ping,causalalice,198
pong,ping,causalalice,221
ping,causalalice,391
ping,causalcarl,435
ping,causalbob,393
pong,ping,causalbob,221
pong,ping,causalbob,196
ping,causalcarl,436
pong,ping,causalcarl,196
pong,ping,causalalice,222
ping,causalalice,392
ping,causalcarl,437
ping,causalbob,394
pong,ping,causalbob,222
pong,ping,causalcarl,196
ping,causalcarl,438
pong,ping,causalalice,199
pong,ping,causalalice,223
ping,causalalice,393
ping,causalcarl,439
ping,causalbob,395
pong,ping,causalbob,223
pong,ping,causalbob,197
ping,causalcarl,440
pong,ping,causalcarl,197
pong,ping,causalbob,224
ping,causalalice,394
ping,causalcarl,441
ping,causalbob,396
pong,ping,causalalice,224
pong,ping,causalbob,198
ping,causalcarl,442
pong,ping,causalalice,200
pong,ping,causalbob,225
ping,causalalice,395
ping,causalcarl,443
ping,causalbob,397
pong,ping,causalbob,226
pong,ping,causalcarl,197
ping,causalcarl,444
pong,ping,causalalice,201
pong,ping,causalalice,225
ping,causalalice,396
ping,causalcarl,445
ping,causalbob,398
pong,ping,causalalice,226
pong,ping,causalbob,199
ping,causalcarl,446
pong,ping,causalalice,202
pong,ping,causalbob,227
ping,causalalice,397
ping,causalcarl,447
ping,causalbob,399
pong,ping,causalbob,228
pong,ping,causalbob,200
ping,causalcarl,448
pong,ping,causalcarl,198
pong,ping,causalalice,227
ping,causalalice,398
ping,causalcarl,449
ping,causalbob,400
pong,ping,causalbob,229
pong,ping,causalbob,201
ping,causalcarl,450
pong,ping,causalcarl,199
pong,ping,causalalice,228
ping,causalalice,399
ping,causalcarl,451
ping,causalbob,401
pong,ping,causalbob,230
pong,ping,causalbob,202
ping,causalcarl,452
pong,ping,causalalice,203
pong,ping,causalalice,229
ping,causalalice,400
ping,causalcarl,453
ping,causalbob,402
pong,ping,causalbob,231
pong,ping,causalcarl,198
ping,causalcarl,454
pong,ping,causalalice,204
pong,ping,causalalice,230
ping,causalalice,401
ping,causalcarl,455
ping,causalbob,403
pong,ping,causalalice,231
pong,ping,causalbob,203
ping,causalcarl,456
pong,ping,causalalice,205
pong,ping,causalalice,232
ping,causalalice,402
ping,causalcarl,457
ping,causalbob,404
pong,ping,causalalice,233
pong,ping,causalcarl,199
ping,causalcarl,458
pong,ping,causalalice,206
pong,ping,causalalice,234
ping,causalalice,403
ping,causalcarl,459
ping,causalbob,405
pong,ping,causalbob,232
pong,ping,causalbob,204
ping,causalcarl,460
pong,ping,causalalice,207
pong,ping,causalbob,233
ping,causalalice,404
ping,causalcarl,461
ping,causalbob,406
pong,ping,causalbob,234
pong,ping,causalbob,205
ping,causalcarl,462
pong,ping,causalalice,208
pong,ping,causalalice,235
ping,causalalice,405
ping,causalcarl,463
ping,causalbob,407
pong,ping,causalalice,236
pong,ping,causalbob,206
ping,causalcarl,464
pong,ping,causalcarl,200
pong,ping,causalbob,235
ping,causalalice,406
ping,causalcarl,465
ping,causalbob,408
pong,ping,causalalice,237
pong,ping,causalbob,207
ping,causalcarl,466
pong,ping,causalcarl,201
pong,ping,causalbob,236
ping,causalalice,407
ping,causalcarl,467
ping,causalbob,409
pong,ping,causalbob,237
pong,ping,causalbob,208
ping,causalcarl,468
pong,ping,causalcarl,202
pong,ping,causalbob,238
ping,causalalice,408
ping,causalcarl,469
ping,causalbob,410
pong,ping,causalalice,238
pong,ping,causalcarl,200
ping,causalcarl,470
pong,ping,causalcarl,203
pong,ping,causalbob,239
ping,causalalice,409
ping,causalcarl,471
ping,causalbob,411
pong,ping,causalalice,239
pong,ping,causalcarl,201
ping,causalcarl,472
pong,ping,causalalice,209
pong,ping,causalbob,240
ping,causalalice,410
ping,causalcarl,473
ping,causalbob,412
pong,ping,causalalice,240
pong,ping,causalcarl,202
ping,causalcarl,474
pong,ping,causalalice,210
pong,ping,causalbob,241
ping,causalalice,411
ping,causalcarl,475
ping,causalbob,413
pong,ping,causalalice,241
pong,ping,causalcarl,203
ping,causalcarl,476
pong,ping,causalalice,211
pong,ping,causalbob,242
ping,causalalice,412
ping,causalcarl,477
ping,causalbob,414
pong,ping,causalalice,242
pong,ping,causalbob,209
ping,causalcarl,478
pong,ping,causalalice,212
pong,ping,causalbob,243
ping,causalalice,413
ping,causalcarl,479
ping,causalbob,415
pong,ping,causalalice,243
pong,ping,causalbob,210
ping,causalcarl,480
pong,ping,causalcarl,204
pong,ping,causalalice,244
ping,causalalice,414
ping,causalcarl,481
ping,causalbob,416
pong,ping,causalbob,244
pong,ping,causalbob,211
ping,causalcarl,482
pong,ping,causalalice,213
pong,ping,causalbob,245
ping,causalalice,415
ping,causalcarl,483
ping,causalbob,417
pong,ping,causalalice,245
pong,ping,causalbob,212
ping,causalcarl,484
pong,ping,causalcarl,205
pong,ping,causalbob,246
ping,causalalice,416
ping,causalcarl,485
ping,causalbob,418
pong,ping,causalalice,246
pong,ping,causalcarl,204
ping,causalcarl,486
pong,ping,causalalice,214
pong,ping,causalbob,247
ping,causalalice,417
ping,causalcarl,487
ping,causalbob,419
pong,ping,causalalice,247
pong,ping,causalbob,213
ping,causalcarl,488
pong,ping,causalalice,215
pong,ping,causalalice,248
ping,causalalice,418
ping,causalcarl,489
ping,causalbob,420
pong,ping,causalbob,248
pong,ping,causalcarl,205
ping,causalcarl,490
pong,ping,causalalice,216
pong,ping,causalalice,249
ping,causalalice,419
ping,causalcarl,491
ping,causalbob,421
pong,ping,causalbob,249
pong,ping,causalbob,214
ping,causalcarl,492
pong,ping,causalalice,217
pong,ping,causalalice,250
ping,causalalice,420
ping,causalcarl,493
ping,causalbob,422
pong,ping,causalbob,250
pong,ping,causalbob,215
ping,causalcarl,494
pong,ping,causalalice,218
pong,ping,causalbob,251
ping,causalalice,421
ping,causalcarl,495
ping,causalbob,423
pong,ping,causalalice,251
pong,ping,causalbob,216
ping,causalcarl,496
pong,ping,causalalice,219
pong,ping,causalbob,252
ping,causalalice,422
ping,causalcarl,497
ping,causalbob,424
pong,ping,causalalice,252
pong,ping,causalbob,217
ping,causalcarl,498
pong,ping,causalalice,220
pong,ping,causalalice,253
ping,causalalice,423
ping,causalcarl,499
ping,causalbob,425
pong,ping,causalalice,254
pong,ping,causalbob,218
ping,causalcarl,500
pong,ping,causalcarl,206
pong,ping,causalbob,253
ping,causalalice,424
ping,causalcarl,501
ping,causalbob,426
pong,ping,causalalice,255
pong,ping,causalbob,219
ping,causalcarl,502
pong,ping,causalcarl,207
pong,ping,causalbob,254
ping,causalalice,425
ping,causalcarl,503
ping,causalbob,427
pong,ping,causalalice,256
pong,ping,causalbob,220
ping,causalcarl,504
pong,ping,causalcarl,208
pong,ping,causalbob,255
ping,causalalice,426
ping,causalcarl,505
ping,causalbob,428
pong,ping,causalalice,257
pong,ping,causalcarl,206
ping,causalcarl,506
pong,ping,causalcarl,209
pong,ping,causalbob,256
ping,causalalice,427
ping,causalcarl,507
ping,causalbob,429
pong,ping,causalbob,257
pong,ping,causalcarl,207
ping,causalcarl,508
pong,ping,causalcarl,210
pong,ping,causalalice,258
ping,causalalice,428
ping,causalcarl,509
ping,causalbob,430
pong,ping,causalalice,259
pong,ping,causalcarl,208
ping,causalcarl,510
pong,ping,causalcarl,211
pong,ping,causalbob,258
ping,causalalice,429
ping,causalcarl,511
ping,causalbob,431
pong,ping,causalbob,259
pong,ping,causalcarl,209
ping,causalcarl,512
pong,ping,causalalice,221
pong,ping,causalalice,260
ping,causalalice,430
ping,causalcarl,513
ping,causalbob,432
